{"D:\\Projects\\Agentic Projects\\Together\\client\\src\\app\\error.jsx": {"path":"D:\\Projects\\Agentic Projects\\Together\\client\\src\\app\\error.jsx","statementMap":{"0":{"start":{"line":1,"column":0},"end":{"line":1,"column":null}},"1":{"start":{"line":7,"column":2},"end":{"line":9,"column":null}},"2":{"start":{"line":8,"column":4},"end":{"line":8,"column":null}},"3":{"start":{"line":11,"column":25},"end":{"line":13,"column":null}},"4":{"start":{"line":15,"column":2},"end":{"line":96,"column":null}},"5":{"start":{"line":67,"column":33},"end":{"line":67,"column":87}},"6":{"start":{"line":68,"column":33},"end":{"line":68,"column":84}},"7":{"start":{"line":76,"column":29},"end":{"line":76,"column":57}},"8":{"start":{"line":84,"column":33},"end":{"line":84,"column":80}},"9":{"start":{"line":84,"column":80},"end":{"line":84,"column":121}},"10":{"start":{"line":85,"column":33},"end":{"line":85,"column":80}},"11":{"start":{"line":85,"column":80},"end":{"line":85,"column":121}}},"fnMap":{"0":{"name":"ErrorPage","decl":{"start":{"line":6,"column":24},"end":{"line":6,"column":34}},"loc":{"start":{"line":6,"column":52},"end":{"line":98,"column":null}},"line":6},"1":{"name":"(anonymous_1)","decl":{"start":{"line":7,"column":2},"end":{"line":7,"column":18}},"loc":{"start":{"line":7,"column":18},"end":{"line":9,"column":5}},"line":7},"2":{"name":"(anonymous_2)","decl":{"start":{"line":67,"column":12},"end":{"line":67,"column":26}},"loc":{"start":{"line":67,"column":31},"end":{"line":67,"column":null}},"line":67},"3":{"name":"(anonymous_3)","decl":{"start":{"line":68,"column":12},"end":{"line":68,"column":26}},"loc":{"start":{"line":68,"column":31},"end":{"line":68,"column":null}},"line":68},"4":{"name":"(anonymous_4)","decl":{"start":{"line":76,"column":12},"end":{"line":76,"column":27}},"loc":{"start":{"line":76,"column":27},"end":{"line":76,"column":null}},"line":76},"5":{"name":"(anonymous_5)","decl":{"start":{"line":84,"column":12},"end":{"line":84,"column":26}},"loc":{"start":{"line":84,"column":31},"end":{"line":84,"column":null}},"line":84},"6":{"name":"(anonymous_6)","decl":{"start":{"line":85,"column":12},"end":{"line":85,"column":26}},"loc":{"start":{"line":85,"column":31},"end":{"line":85,"column":null}},"line":85}},"branchMap":{"0":{"loc":{"start":{"line":11,"column":25},"end":{"line":13,"column":null}},"type":"binary-expr","locations":[{"start":{"line":11,"column":25},"end":{"line":11,"column":null}},{"start":{"line":12,"column":4},"end":{"line":12,"column":null}},{"start":{"line":13,"column":4},"end":{"line":13,"column":null}}],"line":11},"1":{"loc":{"start":{"line":35,"column":11},"end":{"line":35,"column":null}},"type":"cond-expr","locations":[{"start":{"line":35,"column":28},"end":{"line":35,"column":48}},{"start":{"line":35,"column":48},"end":{"line":35,"column":null}}],"line":35},"2":{"loc":{"start":{"line":39,"column":11},"end":{"line":41,"column":null}},"type":"cond-expr","locations":[{"start":{"line":40,"column":14},"end":{"line":40,"column":null}},{"start":{"line":41,"column":14},"end":{"line":41,"column":null}}],"line":39},"3":{"loc":{"start":{"line":44,"column":34},"end":{"line":52,"column":null}},"type":"binary-expr","locations":[{"start":{"line":44,"column":34},"end":{"line":44,"column":51}},{"start":{"line":44,"column":51},"end":{"line":44,"column":null}},{"start":{"line":45,"column":10},"end":{"line":52,"column":null}}],"line":44}},"s":{"0":0,"1":0,"2":0,"3":0,"4":0,"5":0,"6":0,"7":0,"8":0,"9":0,"10":0,"11":0},"f":{"0":0,"1":0,"2":0,"3":0,"4":0,"5":0,"6":0},"b":{"0":[0,0,0],"1":[0,0],"2":[0,0],"3":[0,0,0]},"meta":{"lastBranch":4,"lastFunction":7,"lastStatement":12,"seen":{"s:1:0:1:Infinity":0,"f:6:24:6:34":0,"s:7:2:9:Infinity":1,"f:7:2:7:18":1,"s:8:4:8:Infinity":2,"s:11:25:13:Infinity":3,"b:11:25:11:Infinity:12:4:12:Infinity:13:4:13:Infinity":0,"s:15:2:96:Infinity":4,"b:35:28:35:48:35:48:35:Infinity":1,"b:40:14:40:Infinity:41:14:41:Infinity":2,"b:44:34:44:51:44:51:44:Infinity:45:10:52:Infinity":3,"f:67:12:67:26":2,"s:67:33:67:87":5,"f:68:12:68:26":3,"s:68:33:68:84":6,"f:76:12:76:27":4,"s:76:29:76:57":7,"f:84:12:84:26":5,"s:84:33:84:80":8,"s:84:80:84:121":9,"f:85:12:85:26":6,"s:85:33:85:80":10,"s:85:80:85:121":11},"fnNames":{}}}
,"D:\\Projects\\Agentic Projects\\Together\\client\\src\\app\\global-error.jsx": {"path":"D:\\Projects\\Agentic Projects\\Together\\client\\src\\app\\global-error.jsx","statementMap":{"0":{"start":{"line":1,"column":0},"end":{"line":1,"column":null}},"1":{"start":{"line":7,"column":2},"end":{"line":62,"column":null}},"2":{"start":{"line":48,"column":35},"end":{"line":48,"column":89}},"3":{"start":{"line":49,"column":35},"end":{"line":49,"column":86}}},"fnMap":{"0":{"name":"GlobalError","decl":{"start":{"line":6,"column":24},"end":{"line":6,"column":36}},"loc":{"start":{"line":6,"column":54},"end":{"line":64,"column":null}},"line":6},"1":{"name":"(anonymous_1)","decl":{"start":{"line":48,"column":14},"end":{"line":48,"column":28}},"loc":{"start":{"line":48,"column":33},"end":{"line":48,"column":null}},"line":48},"2":{"name":"(anonymous_2)","decl":{"start":{"line":49,"column":14},"end":{"line":49,"column":28}},"loc":{"start":{"line":49,"column":33},"end":{"line":49,"column":null}},"line":49}},"branchMap":{},"s":{"0":0,"1":0,"2":0,"3":0},"f":{"0":0,"1":0,"2":0},"b":{},"meta":{"lastBranch":0,"lastFunction":3,"lastStatement":4,"seen":{"s:1:0:1:Infinity":0,"f:6:24:6:36":0,"s:7:2:62:Infinity":1,"f:48:14:48:28":1,"s:48:35:48:89":2,"f:49:14:49:28":2,"s:49:35:49:86":3},"fnNames":{}}}
,"D:\\Projects\\Agentic Projects\\Together\\client\\src\\app\\not-found.jsx": {"path":"D:\\Projects\\Agentic Projects\\Together\\client\\src\\app\\not-found.jsx","statementMap":{"0":{"start":{"line":1,"column":0},"end":{"line":1,"column":null}},"1":{"start":{"line":7,"column":2},"end":{"line":85,"column":null}},"2":{"start":{"line":65,"column":27},"end":{"line":65,"column":null}},"3":{"start":{"line":73,"column":33},"end":{"line":73,"column":80}},"4":{"start":{"line":73,"column":80},"end":{"line":73,"column":121}},"5":{"start":{"line":74,"column":33},"end":{"line":74,"column":80}},"6":{"start":{"line":74,"column":80},"end":{"line":74,"column":121}}},"fnMap":{"0":{"name":"NotFound","decl":{"start":{"line":6,"column":24},"end":{"line":6,"column":35}},"loc":{"start":{"line":6,"column":35},"end":{"line":87,"column":null}},"line":6},"1":{"name":"(anonymous_1)","decl":{"start":{"line":65,"column":12},"end":{"line":65,"column":27}},"loc":{"start":{"line":65,"column":27},"end":{"line":65,"column":null}},"line":65},"2":{"name":"(anonymous_2)","decl":{"start":{"line":73,"column":12},"end":{"line":73,"column":26}},"loc":{"start":{"line":73,"column":31},"end":{"line":73,"column":null}},"line":73},"3":{"name":"(anonymous_3)","decl":{"start":{"line":74,"column":12},"end":{"line":74,"column":26}},"loc":{"start":{"line":74,"column":31},"end":{"line":74,"column":null}},"line":74}},"branchMap":{},"s":{"0":0,"1":0,"2":0,"3":0,"4":0,"5":0,"6":0},"f":{"0":0,"1":0,"2":0,"3":0},"b":{},"meta":{"lastBranch":0,"lastFunction":4,"lastStatement":7,"seen":{"s:1:0:1:Infinity":0,"f:6:24:6:35":0,"s:7:2:85:Infinity":1,"f:65:12:65:27":1,"s:65:27:65:Infinity":2,"f:73:12:73:26":2,"s:73:33:73:80":3,"s:73:80:73:121":4,"f:74:12:74:26":3,"s:74:33:74:80":5,"s:74:80:74:121":6},"fnNames":{}}}
,"D:\\Projects\\Agentic Projects\\Together\\client\\src\\components\\chat\\ChatPanel.jsx": {"path":"D:\\Projects\\Agentic Projects\\Together\\client\\src\\components\\chat\\ChatPanel.jsx","statementMap":{"0":{"start":{"line":8,"column":25},"end":{"line":197,"column":null}},"1":{"start":{"line":9,"column":22},"end":{"line":9,"column":null}},"2":{"start":{"line":9,"column":44},"end":{"line":9,"column":78}},"3":{"start":{"line":10,"column":19},"end":{"line":10,"column":null}},"4":{"start":{"line":10,"column":41},"end":{"line":10,"column":55}},"5":{"start":{"line":11,"column":24},"end":{"line":11,"column":null}},"6":{"start":{"line":11,"column":46},"end":{"line":11,"column":120}},"7":{"start":{"line":11,"column":82},"end":{"line":11,"column":119}},"8":{"start":{"line":12,"column":19},"end":{"line":12,"column":null}},"9":{"start":{"line":13,"column":27},"end":{"line":13,"column":null}},"10":{"start":{"line":13,"column":47},"end":{"line":13,"column":69}},"11":{"start":{"line":14,"column":75},"end":{"line":14,"column":85}},"12":{"start":{"line":15,"column":36},"end":{"line":15,"column":null}},"13":{"start":{"line":16,"column":46},"end":{"line":16,"column":null}},"14":{"start":{"line":17,"column":27},"end":{"line":17,"column":null}},"15":{"start":{"line":18,"column":19},"end":{"line":18,"column":null}},"16":{"start":{"line":20,"column":25},"end":{"line":26,"column":null}},"17":{"start":{"line":22,"column":28},"end":{"line":22,"column":null}},"18":{"start":{"line":23,"column":24},"end":{"line":23,"column":null}},"19":{"start":{"line":25,"column":27},"end":{"line":25,"column":null}},"20":{"start":{"line":28,"column":2},"end":{"line":52,"column":null}},"21":{"start":{"line":29,"column":4},"end":{"line":29,"column":null}},"22":{"start":{"line":29,"column":65},"end":{"line":29,"column":null}},"23":{"start":{"line":31,"column":10},"end":{"line":44,"column":null}},"24":{"start":{"line":32,"column":17},"end":{"line":32,"column":null}},"25":{"start":{"line":33,"column":29},"end":{"line":36,"column":null}},"26":{"start":{"line":37,"column":6},"end":{"line":37,"column":null}},"27":{"start":{"line":39,"column":6},"end":{"line":43,"column":null}},"28":{"start":{"line":40,"column":8},"end":{"line":42,"column":null}},"29":{"start":{"line":41,"column":10},"end":{"line":41,"column":null}},"30":{"start":{"line":46,"column":4},"end":{"line":46,"column":null}},"31":{"start":{"line":47,"column":4},"end":{"line":47,"column":null}},"32":{"start":{"line":48,"column":4},"end":{"line":51,"column":null}},"33":{"start":{"line":49,"column":6},"end":{"line":49,"column":null}},"34":{"start":{"line":50,"column":6},"end":{"line":50,"column":null}},"35":{"start":{"line":54,"column":2},"end":{"line":58,"column":null}},"36":{"start":{"line":55,"column":4},"end":{"line":57,"column":null}},"37":{"start":{"line":56,"column":6},"end":{"line":56,"column":null}},"38":{"start":{"line":60,"column":8},"end":{"line":65,"column":null}},"39":{"start":{"line":61,"column":4},"end":{"line":61,"column":null}},"40":{"start":{"line":62,"column":4},"end":{"line":62,"column":null}},"41":{"start":{"line":62,"column":27},"end":{"line":62,"column":null}},"42":{"start":{"line":63,"column":4},"end":{"line":63,"column":null}},"43":{"start":{"line":64,"column":4},"end":{"line":64,"column":null}},"44":{"start":{"line":67,"column":28},"end":{"line":67,"column":null}},"45":{"start":{"line":68,"column":20},"end":{"line":68,"column":null}},"46":{"start":{"line":69,"column":21},"end":{"line":69,"column":null}},"47":{"start":{"line":70,"column":30},"end":{"line":70,"column":null}},"48":{"start":{"line":72,"column":2},"end":{"line":195,"column":null}},"49":{"start":{"line":108,"column":26},"end":{"line":108,"column":null}},"50":{"start":{"line":110,"column":14},"end":{"line":122,"column":null}},"51":{"start":{"line":111,"column":16},"end":{"line":120,"column":null}},"52":{"start":{"line":124,"column":27},"end":{"line":124,"column":null}},"53":{"start":{"line":126,"column":14},"end":{"line":162,"column":null}},"54":{"start":{"line":183,"column":27},"end":{"line":183,"column":null}}},"fnMap":{"0":{"name":"ChatPanel","decl":{"start":{"line":8,"column":39},"end":{"line":8,"column":51}},"loc":{"start":{"line":8,"column":51},"end":{"line":197,"column":1}},"line":8},"1":{"name":"(anonymous_1)","decl":{"start":{"line":9,"column":22},"end":{"line":9,"column":35}},"loc":{"start":{"line":9,"column":44},"end":{"line":9,"column":78}},"line":9},"2":{"name":"(anonymous_2)","decl":{"start":{"line":10,"column":19},"end":{"line":10,"column":32}},"loc":{"start":{"line":10,"column":41},"end":{"line":10,"column":55}},"line":10},"3":{"name":"(anonymous_3)","decl":{"start":{"line":11,"column":24},"end":{"line":11,"column":37}},"loc":{"start":{"line":11,"column":46},"end":{"line":11,"column":120}},"line":11},"4":{"name":"(anonymous_4)","decl":{"start":{"line":11,"column":72},"end":{"line":11,"column":77}},"loc":{"start":{"line":11,"column":82},"end":{"line":11,"column":119}},"line":11},"5":{"name":"(anonymous_5)","decl":{"start":{"line":13,"column":27},"end":{"line":13,"column":38}},"loc":{"start":{"line":13,"column":47},"end":{"line":13,"column":69}},"line":13},"6":{"name":"(anonymous_6)","decl":{"start":{"line":22,"column":4},"end":{"line":22,"column":28}},"loc":{"start":{"line":22,"column":28},"end":{"line":22,"column":null}},"line":22},"7":{"name":"(anonymous_7)","decl":{"start":{"line":23,"column":4},"end":{"line":23,"column":24}},"loc":{"start":{"line":23,"column":24},"end":{"line":23,"column":null}},"line":23},"8":{"name":"(anonymous_8)","decl":{"start":{"line":25,"column":4},"end":{"line":25,"column":17}},"loc":{"start":{"line":25,"column":27},"end":{"line":25,"column":null}},"line":25},"9":{"name":"(anonymous_9)","decl":{"start":{"line":28,"column":2},"end":{"line":28,"column":18}},"loc":{"start":{"line":28,"column":18},"end":{"line":52,"column":5}},"line":28},"10":{"name":"(anonymous_10)","decl":{"start":{"line":31,"column":10},"end":{"line":31,"column":35}},"loc":{"start":{"line":31,"column":35},"end":{"line":44,"column":null}},"line":31},"11":{"name":"(anonymous_11)","decl":{"start":{"line":40,"column":8},"end":{"line":40,"column":25}},"loc":{"start":{"line":40,"column":25},"end":{"line":42,"column":11}},"line":40},"12":{"name":"(anonymous_12)","decl":{"start":{"line":48,"column":4},"end":{"line":48,"column":17}},"loc":{"start":{"line":48,"column":17},"end":{"line":51,"column":null}},"line":48},"13":{"name":"(anonymous_13)","decl":{"start":{"line":54,"column":2},"end":{"line":54,"column":18}},"loc":{"start":{"line":54,"column":18},"end":{"line":58,"column":5}},"line":54},"14":{"name":"(anonymous_14)","decl":{"start":{"line":60,"column":8},"end":{"line":60,"column":22}},"loc":{"start":{"line":60,"column":28},"end":{"line":65,"column":null}},"line":60},"15":{"name":"(anonymous_15)","decl":{"start":{"line":107,"column":46},"end":{"line":107,"column":51}},"loc":{"start":{"line":107,"column":66},"end":{"line":164,"column":13}},"line":107},"16":{"name":"(anonymous_16)","decl":{"start":{"line":183,"column":10},"end":{"line":183,"column":21}},"loc":{"start":{"line":183,"column":27},"end":{"line":183,"column":null}},"line":183}},"branchMap":{"0":{"loc":{"start":{"line":9,"column":44},"end":{"line":9,"column":78}},"type":"binary-expr","locations":[{"start":{"line":9,"column":44},"end":{"line":9,"column":76}},{"start":{"line":9,"column":76},"end":{"line":9,"column":78}}],"line":9},"1":{"loc":{"start":{"line":25,"column":27},"end":{"line":25,"column":null}},"type":"binary-expr","locations":[{"start":{"line":25,"column":27},"end":{"line":25,"column":53}},{"start":{"line":25,"column":53},"end":{"line":25,"column":null}}],"line":25},"2":{"loc":{"start":{"line":29,"column":4},"end":{"line":29,"column":null}},"type":"if","locations":[{"start":{"line":29,"column":4},"end":{"line":29,"column":null}},{"start":{},"end":{}}],"line":29},"3":{"loc":{"start":{"line":29,"column":8},"end":{"line":29,"column":65}},"type":"binary-expr","locations":[{"start":{"line":29,"column":8},"end":{"line":29,"column":41}},{"start":{"line":29,"column":41},"end":{"line":29,"column":65}}],"line":29},"4":{"loc":{"start":{"line":39,"column":6},"end":{"line":43,"column":null}},"type":"if","locations":[{"start":{"line":39,"column":6},"end":{"line":43,"column":null}},{"start":{},"end":{}}],"line":39},"5":{"loc":{"start":{"line":39,"column":10},"end":{"line":39,"column":84}},"type":"binary-expr","locations":[{"start":{"line":39,"column":10},"end":{"line":39,"column":32}},{"start":{"line":39,"column":32},"end":{"line":39,"column":60}},{"start":{"line":39,"column":60},"end":{"line":39,"column":84}}],"line":39},"6":{"loc":{"start":{"line":55,"column":4},"end":{"line":57,"column":null}},"type":"if","locations":[{"start":{"line":55,"column":4},"end":{"line":57,"column":null}},{"start":{},"end":{}}],"line":55},"7":{"loc":{"start":{"line":55,"column":8},"end":{"line":55,"column":60}},"type":"binary-expr","locations":[{"start":{"line":55,"column":8},"end":{"line":55,"column":36}},{"start":{"line":55,"column":36},"end":{"line":55,"column":60}}],"line":55},"8":{"loc":{"start":{"line":62,"column":4},"end":{"line":62,"column":null}},"type":"if","locations":[{"start":{"line":62,"column":4},"end":{"line":62,"column":null}},{"start":{},"end":{}}],"line":62},"9":{"loc":{"start":{"line":69,"column":21},"end":{"line":69,"column":null}},"type":"cond-expr","locations":[{"start":{"line":69,"column":42},"end":{"line":69,"column":59}},{"start":{"line":69,"column":59},"end":{"line":69,"column":null}}],"line":69},"10":{"loc":{"start":{"line":70,"column":51},"end":{"line":70,"column":102}},"type":"cond-expr","locations":[{"start":{"line":70,"column":72},"end":{"line":70,"column":89}},{"start":{"line":70,"column":89},"end":{"line":70,"column":102}}],"line":70},"11":{"loc":{"start":{"line":94,"column":9},"end":{"line":165,"column":null}},"type":"cond-expr","locations":[{"start":{"line":95,"column":10},"end":{"line":100,"column":11}},{"start":{"line":100,"column":10},"end":{"line":165,"column":null}}],"line":94},"12":{"loc":{"start":{"line":110,"column":14},"end":{"line":122,"column":null}},"type":"if","locations":[{"start":{"line":110,"column":14},"end":{"line":122,"column":null}},{"start":{},"end":{}}],"line":110},"13":{"loc":{"start":{"line":131,"column":77},"end":{"line":131,"column":null}},"type":"cond-expr","locations":[{"start":{"line":131,"column":84},"end":{"line":131,"column":105}},{"start":{"line":131,"column":105},"end":{"line":131,"column":null}}],"line":131},"14":{"loc":{"start":{"line":136,"column":21},"end":{"line":141,"column":null}},"type":"cond-expr","locations":[{"start":{"line":137,"column":22},"end":{"line":139,"column":23}},{"start":{"line":139,"column":22},"end":{"line":141,"column":null}}],"line":136},"15":{"loc":{"start":{"line":140,"column":26},"end":{"line":140,"column":null}},"type":"binary-expr","locations":[{"start":{"line":140,"column":26},"end":{"line":140,"column":65}},{"start":{"line":140,"column":65},"end":{"line":140,"column":null}}],"line":140},"16":{"loc":{"start":{"line":146,"column":66},"end":{"line":146,"column":null}},"type":"cond-expr","locations":[{"start":{"line":146,"column":73},"end":{"line":146,"column":87}},{"start":{"line":146,"column":87},"end":{"line":146,"column":null}}],"line":146},"17":{"loc":{"start":{"line":147,"column":78},"end":{"line":147,"column":null}},"type":"cond-expr","locations":[{"start":{"line":147,"column":85},"end":{"line":147,"column":106}},{"start":{"line":147,"column":106},"end":{"line":147,"column":null}}],"line":147},"18":{"loc":{"start":{"line":149,"column":25},"end":{"line":149,"column":null}},"type":"cond-expr","locations":[{"start":{"line":149,"column":32},"end":{"line":149,"column":40}},{"start":{"line":149,"column":40},"end":{"line":149,"column":null}}],"line":149},"19":{"loc":{"start":{"line":151,"column":23},"end":{"line":151,"column":null}},"type":"binary-expr","locations":[{"start":{"line":151,"column":23},"end":{"line":151,"column":37}},{"start":{"line":151,"column":37},"end":{"line":151,"column":null}}],"line":151},"20":{"loc":{"start":{"line":157,"column":89},"end":{"line":157,"column":null}},"type":"cond-expr","locations":[{"start":{"line":157,"column":96},"end":{"line":157,"column":153}},{"start":{"line":157,"column":153},"end":{"line":157,"column":null}}],"line":157},"21":{"loc":{"start":{"line":174,"column":19},"end":{"line":174,"column":null}},"type":"cond-expr","locations":[{"start":{"line":174,"column":40},"end":{"line":174,"column":57}},{"start":{"line":174,"column":57},"end":{"line":174,"column":null}}],"line":174}},"s":{"0":0,"1":0,"2":0,"3":0,"4":0,"5":0,"6":0,"7":0,"8":0,"9":0,"10":0,"11":0,"12":0,"13":0,"14":0,"15":0,"16":0,"17":0,"18":0,"19":0,"20":0,"21":0,"22":0,"23":0,"24":0,"25":0,"26":0,"27":0,"28":0,"29":0,"30":0,"31":0,"32":0,"33":0,"34":0,"35":0,"36":0,"37":0,"38":0,"39":0,"40":0,"41":0,"42":0,"43":0,"44":0,"45":0,"46":0,"47":0,"48":0,"49":0,"50":0,"51":0,"52":0,"53":0,"54":0},"f":{"0":0,"1":0,"2":0,"3":0,"4":0,"5":0,"6":0,"7":0,"8":0,"9":0,"10":0,"11":0,"12":0,"13":0,"14":0,"15":0,"16":0},"b":{"0":[0,0],"1":[0,0],"2":[0,0],"3":[0,0],"4":[0,0],"5":[0,0,0],"6":[0,0],"7":[0,0],"8":[0,0],"9":[0,0],"10":[0,0],"11":[0,0],"12":[0,0],"13":[0,0],"14":[0,0],"15":[0,0],"16":[0,0],"17":[0,0],"18":[0,0],"19":[0,0],"20":[0,0],"21":[0,0]},"meta":{"lastBranch":22,"lastFunction":17,"lastStatement":55,"seen":{"s:8:25:197:Infinity":0,"f:8:39:8:51":0,"s:9:22:9:Infinity":1,"f:9:22:9:35":1,"s:9:44:9:78":2,"b:9:44:9:76:9:76:9:78":0,"s:10:19:10:Infinity":3,"f:10:19:10:32":2,"s:10:41:10:55":4,"s:11:24:11:Infinity":5,"f:11:24:11:37":3,"s:11:46:11:120":6,"f:11:72:11:77":4,"s:11:82:11:119":7,"s:12:19:12:Infinity":8,"s:13:27:13:Infinity":9,"f:13:27:13:38":5,"s:13:47:13:69":10,"s:14:75:14:85":11,"s:15:36:15:Infinity":12,"s:16:46:16:Infinity":13,"s:17:27:17:Infinity":14,"s:18:19:18:Infinity":15,"s:20:25:26:Infinity":16,"f:22:4:22:28":6,"s:22:28:22:Infinity":17,"f:23:4:23:24":7,"s:23:24:23:Infinity":18,"f:25:4:25:17":8,"s:25:27:25:Infinity":19,"b:25:27:25:53:25:53:25:Infinity":1,"s:28:2:52:Infinity":20,"f:28:2:28:18":9,"b:29:4:29:Infinity:undefined:undefined:undefined:undefined":2,"s:29:4:29:Infinity":21,"b:29:8:29:41:29:41:29:65":3,"s:29:65:29:Infinity":22,"s:31:10:44:Infinity":23,"f:31:10:31:35":10,"s:32:17:32:Infinity":24,"s:33:29:36:Infinity":25,"s:37:6:37:Infinity":26,"b:39:6:43:Infinity:undefined:undefined:undefined:undefined":4,"s:39:6:43:Infinity":27,"b:39:10:39:32:39:32:39:60:39:60:39:84":5,"s:40:8:42:Infinity":28,"f:40:8:40:25":11,"s:41:10:41:Infinity":29,"s:46:4:46:Infinity":30,"s:47:4:47:Infinity":31,"s:48:4:51:Infinity":32,"f:48:4:48:17":12,"s:49:6:49:Infinity":33,"s:50:6:50:Infinity":34,"s:54:2:58:Infinity":35,"f:54:2:54:18":13,"b:55:4:57:Infinity:undefined:undefined:undefined:undefined":6,"s:55:4:57:Infinity":36,"b:55:8:55:36:55:36:55:60":7,"s:56:6:56:Infinity":37,"s:60:8:65:Infinity":38,"f:60:8:60:22":14,"s:61:4:61:Infinity":39,"b:62:4:62:Infinity:undefined:undefined:undefined:undefined":8,"s:62:4:62:Infinity":40,"s:62:27:62:Infinity":41,"s:63:4:63:Infinity":42,"s:64:4:64:Infinity":43,"s:67:28:67:Infinity":44,"s:68:20:68:Infinity":45,"s:69:21:69:Infinity":46,"b:69:42:69:59:69:59:69:Infinity":9,"s:70:30:70:Infinity":47,"b:70:72:70:89:70:89:70:102":10,"s:72:2:195:Infinity":48,"b:95:10:100:11:100:10:165:Infinity":11,"f:107:46:107:51":15,"s:108:26:108:Infinity":49,"b:110:14:122:Infinity:undefined:undefined:undefined:undefined":12,"s:110:14:122:Infinity":50,"s:111:16:120:Infinity":51,"s:124:27:124:Infinity":52,"s:126:14:162:Infinity":53,"b:131:84:131:105:131:105:131:Infinity":13,"b:137:22:139:23:139:22:141:Infinity":14,"b:140:26:140:65:140:65:140:Infinity":15,"b:146:73:146:87:146:87:146:Infinity":16,"b:147:85:147:106:147:106:147:Infinity":17,"b:149:32:149:40:149:40:149:Infinity":18,"b:151:23:151:37:151:37:151:Infinity":19,"b:157:96:157:153:157:153:157:Infinity":20,"b:174:40:174:57:174:57:174:Infinity":21,"f:183:10:183:21":16,"s:183:27:183:Infinity":54},"fnNames":{}}}
,"D:\\Projects\\Agentic Projects\\Together\\client\\src\\components\\chat\\EmojiReactions.jsx": {"path":"D:\\Projects\\Agentic Projects\\Together\\client\\src\\components\\chat\\EmojiReactions.jsx","statementMap":{"0":{"start":{"line":3,"column":24},"end":{"line":3,"column":null}},"1":{"start":{"line":6,"column":36},"end":{"line":6,"column":null}},"2":{"start":{"line":9,"column":2},"end":{"line":23,"column":null}},"3":{"start":{"line":10,"column":4},"end":{"line":10,"column":null}},"4":{"start":{"line":10,"column":27},"end":{"line":10,"column":null}},"5":{"start":{"line":12,"column":15},"end":{"line":12,"column":null}},"6":{"start":{"line":13,"column":23},"end":{"line":13,"column":null}},"7":{"start":{"line":15,"column":4},"end":{"line":18,"column":null}},"8":{"start":{"line":15,"column":27},"end":{"line":18,"column":5}},"9":{"start":{"line":20,"column":4},"end":{"line":22,"column":null}},"10":{"start":{"line":21,"column":6},"end":{"line":21,"column":null}},"11":{"start":{"line":21,"column":29},"end":{"line":21,"column":60}},"12":{"start":{"line":21,"column":48},"end":{"line":21,"column":59}},"13":{"start":{"line":25,"column":8},"end":{"line":27,"column":null}},"14":{"start":{"line":26,"column":4},"end":{"line":26,"column":null}},"15":{"start":{"line":29,"column":2},"end":{"line":85,"column":null}},"16":{"start":{"line":45,"column":10},"end":{"line":51,"column":null}},"17":{"start":{"line":67,"column":10},"end":{"line":82,"column":null}},"18":{"start":{"line":69,"column":27},"end":{"line":69,"column":null}}},"fnMap":{"0":{"name":"EmojiReactions","decl":{"start":{"line":5,"column":16},"end":{"line":5,"column":31}},"loc":{"start":{"line":5,"column":69},"end":{"line":87,"column":null}},"line":5},"1":{"name":"(anonymous_1)","decl":{"start":{"line":9,"column":2},"end":{"line":9,"column":18}},"loc":{"start":{"line":9,"column":18},"end":{"line":23,"column":5}},"line":9},"2":{"name":"(anonymous_2)","decl":{"start":{"line":15,"column":4},"end":{"line":15,"column":18}},"loc":{"start":{"line":15,"column":27},"end":{"line":18,"column":5}},"line":15},"3":{"name":"(anonymous_3)","decl":{"start":{"line":20,"column":4},"end":{"line":20,"column":21}},"loc":{"start":{"line":20,"column":21},"end":{"line":22,"column":7}},"line":20},"4":{"name":"(anonymous_4)","decl":{"start":{"line":21,"column":6},"end":{"line":21,"column":20}},"loc":{"start":{"line":21,"column":29},"end":{"line":21,"column":60}},"line":21},"5":{"name":"(anonymous_5)","decl":{"start":{"line":21,"column":34},"end":{"line":21,"column":42}},"loc":{"start":{"line":21,"column":48},"end":{"line":21,"column":59}},"line":21},"6":{"name":"(anonymous_6)","decl":{"start":{"line":25,"column":8},"end":{"line":25,"column":28}},"loc":{"start":{"line":25,"column":38},"end":{"line":27,"column":null}},"line":25},"7":{"name":"(anonymous_7)","decl":{"start":{"line":44,"column":19},"end":{"line":44,"column":24}},"loc":{"start":{"line":45,"column":10},"end":{"line":51,"column":null}},"line":45},"8":{"name":"(anonymous_8)","decl":{"start":{"line":66,"column":25},"end":{"line":66,"column":30}},"loc":{"start":{"line":67,"column":10},"end":{"line":82,"column":null}},"line":67},"9":{"name":"(anonymous_9)","decl":{"start":{"line":69,"column":12},"end":{"line":69,"column":27}},"loc":{"start":{"line":69,"column":27},"end":{"line":69,"column":null}},"line":69}},"branchMap":{"0":{"loc":{"start":{"line":10,"column":4},"end":{"line":10,"column":null}},"type":"if","locations":[{"start":{"line":10,"column":4},"end":{"line":10,"column":null}},{"start":{},"end":{}}],"line":10}},"s":{"0":0,"1":0,"2":0,"3":0,"4":0,"5":0,"6":0,"7":0,"8":0,"9":0,"10":0,"11":0,"12":0,"13":0,"14":0,"15":0,"16":0,"17":0,"18":0},"f":{"0":0,"1":0,"2":0,"3":0,"4":0,"5":0,"6":0,"7":0,"8":0,"9":0},"b":{"0":[0,0]},"meta":{"lastBranch":1,"lastFunction":10,"lastStatement":19,"seen":{"s:3:24:3:Infinity":0,"f:5:16:5:31":0,"s:6:36:6:Infinity":1,"s:9:2:23:Infinity":2,"f:9:2:9:18":1,"b:10:4:10:Infinity:undefined:undefined:undefined:undefined":0,"s:10:4:10:Infinity":3,"s:10:27:10:Infinity":4,"s:12:15:12:Infinity":5,"s:13:23:13:Infinity":6,"s:15:4:18:Infinity":7,"f:15:4:15:18":2,"s:15:27:18:5":8,"s:20:4:22:Infinity":9,"f:20:4:20:21":3,"s:21:6:21:Infinity":10,"f:21:6:21:20":4,"s:21:29:21:60":11,"f:21:34:21:42":5,"s:21:48:21:59":12,"s:25:8:27:Infinity":13,"f:25:8:25:28":6,"s:26:4:26:Infinity":14,"s:29:2:85:Infinity":15,"f:44:19:44:24":7,"s:45:10:51:Infinity":16,"f:66:25:66:30":8,"s:67:10:82:Infinity":17,"f:69:12:69:27":9,"s:69:27:69:Infinity":18},"fnNames":{}}}
,"D:\\Projects\\Agentic Projects\\Together\\client\\src\\components\\common\\ConfirmationModal.jsx": {"path":"D:\\Projects\\Agentic Projects\\Together\\client\\src\\components\\common\\ConfirmationModal.jsx","statementMap":{"0":{"start":{"line":12,"column":19},"end":{"line":12,"column":null}},"1":{"start":{"line":15,"column":2},"end":{"line":21,"column":null}},"2":{"start":{"line":16,"column":10},"end":{"line":18,"column":null}},"3":{"start":{"line":17,"column":6},"end":{"line":17,"column":null}},"4":{"start":{"line":17,"column":30},"end":{"line":17,"column":null}},"5":{"start":{"line":19,"column":4},"end":{"line":19,"column":null}},"6":{"start":{"line":20,"column":4},"end":{"line":20,"column":null}},"7":{"start":{"line":20,"column":17},"end":{"line":20,"column":null}},"8":{"start":{"line":23,"column":8},"end":{"line":47,"column":null}},"9":{"start":{"line":24,"column":4},"end":{"line":46,"column":null}},"10":{"start":{"line":26,"column":8},"end":{"line":31,"column":null}},"11":{"start":{"line":33,"column":8},"end":{"line":38,"column":null}},"12":{"start":{"line":40,"column":8},"end":{"line":45,"column":null}},"13":{"start":{"line":49,"column":17},"end":{"line":49,"column":null}},"14":{"start":{"line":51,"column":2},"end":{"line":93,"column":null}}},"fnMap":{"0":{"name":"ConfirmationModal","decl":{"start":{"line":3,"column":16},"end":{"line":3,"column":34}},"loc":{"start":{"line":11,"column":3},"end":{"line":95,"column":null}},"line":11},"1":{"name":"(anonymous_1)","decl":{"start":{"line":15,"column":2},"end":{"line":15,"column":18}},"loc":{"start":{"line":15,"column":18},"end":{"line":21,"column":5}},"line":15},"2":{"name":"(anonymous_2)","decl":{"start":{"line":16,"column":10},"end":{"line":16,"column":26}},"loc":{"start":{"line":16,"column":32},"end":{"line":18,"column":null}},"line":16},"3":{"name":"(anonymous_3)","decl":{"start":{"line":20,"column":4},"end":{"line":20,"column":17}},"loc":{"start":{"line":20,"column":17},"end":{"line":20,"column":null}},"line":20},"4":{"name":"(anonymous_4)","decl":{"start":{"line":23,"column":8},"end":{"line":23,"column":33}},"loc":{"start":{"line":23,"column":33},"end":{"line":47,"column":null}},"line":23}},"branchMap":{"0":{"loc":{"start":{"line":6,"column":2},"end":{"line":6,"column":null}},"type":"default-arg","locations":[{"start":{"line":6,"column":16},"end":{"line":6,"column":null}}],"line":6},"1":{"loc":{"start":{"line":7,"column":2},"end":{"line":7,"column":null}},"type":"default-arg","locations":[{"start":{"line":7,"column":15},"end":{"line":7,"column":null}}],"line":7},"2":{"loc":{"start":{"line":10,"column":2},"end":{"line":10,"column":null}},"type":"default-arg","locations":[{"start":{"line":10,"column":12},"end":{"line":10,"column":null}}],"line":10},"3":{"loc":{"start":{"line":17,"column":6},"end":{"line":17,"column":null}},"type":"if","locations":[{"start":{"line":17,"column":6},"end":{"line":17,"column":null}},{"start":{},"end":{}}],"line":17},"4":{"loc":{"start":{"line":24,"column":4},"end":{"line":46,"column":null}},"type":"switch","locations":[{"start":{"line":25,"column":6},"end":{"line":31,"column":null}},{"start":{"line":32,"column":6},"end":{"line":38,"column":null}},{"start":{"line":39,"column":6},"end":{"line":45,"column":null}}],"line":24}},"s":{"0":0,"1":0,"2":0,"3":0,"4":0,"5":0,"6":0,"7":0,"8":0,"9":0,"10":0,"11":0,"12":0,"13":0,"14":0},"f":{"0":0,"1":0,"2":0,"3":0,"4":0},"b":{"0":[0],"1":[0],"2":[0],"3":[0,0],"4":[0,0,0]},"meta":{"lastBranch":5,"lastFunction":5,"lastStatement":15,"seen":{"f:3:16:3:34":0,"b:6:16:6:Infinity":0,"b:7:15:7:Infinity":1,"b:10:12:10:Infinity":2,"s:12:19:12:Infinity":0,"s:15:2:21:Infinity":1,"f:15:2:15:18":1,"s:16:10:18:Infinity":2,"f:16:10:16:26":2,"b:17:6:17:Infinity:undefined:undefined:undefined:undefined":3,"s:17:6:17:Infinity":3,"s:17:30:17:Infinity":4,"s:19:4:19:Infinity":5,"s:20:4:20:Infinity":6,"f:20:4:20:17":3,"s:20:17:20:Infinity":7,"s:23:8:47:Infinity":8,"f:23:8:23:33":4,"b:25:6:31:Infinity:32:6:38:Infinity:39:6:45:Infinity":4,"s:24:4:46:Infinity":9,"s:26:8:31:Infinity":10,"s:33:8:38:Infinity":11,"s:40:8:45:Infinity":12,"s:49:17:49:Infinity":13,"s:51:2:93:Infinity":14},"fnNames":{}}}
,"D:\\Projects\\Agentic Projects\\Together\\client\\src\\components\\common\\UserAvatar.jsx": {"path":"D:\\Projects\\Agentic Projects\\Together\\client\\src\\components\\common\\UserAvatar.jsx","statementMap":{"0":{"start":{"line":5,"column":36},"end":{"line":5,"column":null}},"1":{"start":{"line":7,"column":20},"end":{"line":7,"column":null}},"2":{"start":{"line":8,"column":15},"end":{"line":8,"column":null}},"3":{"start":{"line":10,"column":23},"end":{"line":10,"column":null}},"4":{"start":{"line":12,"column":2},"end":{"line":27,"column":null}},"5":{"start":{"line":13,"column":4},"end":{"line":25,"column":null}},"6":{"start":{"line":24,"column":23},"end":{"line":24,"column":null}},"7":{"start":{"line":29,"column":2},"end":{"line":37,"column":null}}},"fnMap":{"0":{"name":"UserAvatar","decl":{"start":{"line":4,"column":16},"end":{"line":4,"column":27}},"loc":{"start":{"line":4,"column":60},"end":{"line":39,"column":null}},"line":4},"1":{"name":"(anonymous_1)","decl":{"start":{"line":24,"column":8},"end":{"line":24,"column":23}},"loc":{"start":{"line":24,"column":23},"end":{"line":24,"column":null}},"line":24}},"branchMap":{"0":{"loc":{"start":{"line":4,"column":35},"end":{"line":4,"column":46}},"type":"default-arg","locations":[{"start":{"line":4,"column":42},"end":{"line":4,"column":46}}],"line":4},"1":{"loc":{"start":{"line":4,"column":46},"end":{"line":4,"column":60}},"type":"default-arg","locations":[{"start":{"line":4,"column":54},"end":{"line":4,"column":60}}],"line":4},"2":{"loc":{"start":{"line":7,"column":20},"end":{"line":7,"column":null}},"type":"binary-expr","locations":[{"start":{"line":7,"column":20},"end":{"line":7,"column":55}},{"start":{"line":7,"column":55},"end":{"line":7,"column":null}}],"line":7},"3":{"loc":{"start":{"line":8,"column":15},"end":{"line":8,"column":null}},"type":"binary-expr","locations":[{"start":{"line":8,"column":15},"end":{"line":8,"column":30}},{"start":{"line":8,"column":30},"end":{"line":8,"column":42}},{"start":{"line":8,"column":42},"end":{"line":8,"column":null}}],"line":8},"4":{"loc":{"start":{"line":12,"column":2},"end":{"line":27,"column":null}},"type":"if","locations":[{"start":{"line":12,"column":2},"end":{"line":27,"column":null}},{"start":{},"end":{}}],"line":12},"5":{"loc":{"start":{"line":12,"column":6},"end":{"line":12,"column":31}},"type":"binary-expr","locations":[{"start":{"line":12,"column":6},"end":{"line":12,"column":19}},{"start":{"line":12,"column":19},"end":{"line":12,"column":31}}],"line":12}},"s":{"0":0,"1":0,"2":0,"3":0,"4":0,"5":0,"6":0,"7":0},"f":{"0":0,"1":0},"b":{"0":[0],"1":[0],"2":[0,0],"3":[0,0,0],"4":[0,0],"5":[0,0]},"meta":{"lastBranch":6,"lastFunction":2,"lastStatement":8,"seen":{"f:4:16:4:27":0,"b:4:42:4:46":0,"b:4:54:4:60":1,"s:5:36:5:Infinity":0,"s:7:20:7:Infinity":1,"b:7:20:7:55:7:55:7:Infinity":2,"s:8:15:8:Infinity":2,"b:8:15:8:30:8:30:8:42:8:42:8:Infinity":3,"s:10:23:10:Infinity":3,"b:12:2:27:Infinity:undefined:undefined:undefined:undefined":4,"s:12:2:27:Infinity":4,"b:12:6:12:19:12:19:12:31":5,"s:13:4:25:Infinity":5,"f:24:8:24:23":1,"s:24:23:24:Infinity":6,"s:29:2:37:Infinity":7},"fnNames":{}}}
,"D:\\Projects\\Agentic Projects\\Together\\client\\src\\components\\landing\\LandingPage.jsx": {"path":"D:\\Projects\\Agentic Projects\\Together\\client\\src\\components\\landing\\LandingPage.jsx","statementMap":{"0":{"start":{"line":10,"column":34},"end":{"line":10,"column":null}},"1":{"start":{"line":11,"column":44},"end":{"line":11,"column":null}},"2":{"start":{"line":12,"column":40},"end":{"line":12,"column":null}},"3":{"start":{"line":14,"column":2},"end":{"line":34,"column":null}},"4":{"start":{"line":15,"column":10},"end":{"line":31,"column":null}},"5":{"start":{"line":16,"column":6},"end":{"line":16,"column":null}},"6":{"start":{"line":18,"column":23},"end":{"line":18,"column":null}},"7":{"start":{"line":19,"column":20},"end":{"line":19,"column":null}},"8":{"start":{"line":21,"column":6},"end":{"line":29,"column":null}},"9":{"start":{"line":22,"column":19},"end":{"line":22,"column":null}},"10":{"start":{"line":23,"column":8},"end":{"line":28,"column":null}},"11":{"start":{"line":24,"column":23},"end":{"line":24,"column":null}},"12":{"start":{"line":25,"column":10},"end":{"line":27,"column":null}},"13":{"start":{"line":26,"column":12},"end":{"line":26,"column":null}},"14":{"start":{"line":30,"column":6},"end":{"line":30,"column":null}},"15":{"start":{"line":32,"column":4},"end":{"line":32,"column":null}},"16":{"start":{"line":33,"column":4},"end":{"line":33,"column":null}},"17":{"start":{"line":33,"column":17},"end":{"line":33,"column":null}},"18":{"start":{"line":36,"column":2},"end":{"line":280,"column":null}},"19":{"start":{"line":53,"column":35},"end":{"line":53,"column":108}},"20":{"start":{"line":54,"column":35},"end":{"line":54,"column":112}},"21":{"start":{"line":55,"column":35},"end":{"line":55,"column":109}},"22":{"start":{"line":61,"column":31},"end":{"line":61,"column":null}},"23":{"start":{"line":68,"column":37},"end":{"line":68,"column":63}},"24":{"start":{"line":72,"column":35},"end":{"line":72,"column":61}},"25":{"start":{"line":100,"column":35},"end":{"line":100,"column":61}},"26":{"start":{"line":104,"column":35},"end":{"line":104,"column":59}},"27":{"start":{"line":222,"column":39},"end":{"line":222,"column":65}},"28":{"start":{"line":250,"column":25},"end":{"line":250,"column":null}},"29":{"start":{"line":260,"column":25},"end":{"line":260,"column":null}},"30":{"start":{"line":269,"column":25},"end":{"line":269,"column":null}},"31":{"start":{"line":277,"column":25},"end":{"line":277,"column":null}}},"fnMap":{"0":{"name":"LandingPage","decl":{"start":{"line":9,"column":16},"end":{"line":9,"column":28}},"loc":{"start":{"line":9,"column":79},"end":{"line":282,"column":null}},"line":9},"1":{"name":"(anonymous_1)","decl":{"start":{"line":14,"column":2},"end":{"line":14,"column":18}},"loc":{"start":{"line":14,"column":18},"end":{"line":34,"column":5}},"line":14},"2":{"name":"(anonymous_2)","decl":{"start":{"line":15,"column":10},"end":{"line":15,"column":31}},"loc":{"start":{"line":15,"column":31},"end":{"line":31,"column":null}},"line":15},"3":{"name":"(anonymous_3)","decl":{"start":{"line":33,"column":4},"end":{"line":33,"column":17}},"loc":{"start":{"line":33,"column":17},"end":{"line":33,"column":null}},"line":33},"4":{"name":"(anonymous_4)","decl":{"start":{"line":53,"column":20},"end":{"line":53,"column":35}},"loc":{"start":{"line":53,"column":35},"end":{"line":53,"column":108}},"line":53},"5":{"name":"(anonymous_5)","decl":{"start":{"line":54,"column":20},"end":{"line":54,"column":35}},"loc":{"start":{"line":54,"column":35},"end":{"line":54,"column":112}},"line":54},"6":{"name":"(anonymous_6)","decl":{"start":{"line":55,"column":20},"end":{"line":55,"column":35}},"loc":{"start":{"line":55,"column":35},"end":{"line":55,"column":109}},"line":55},"7":{"name":"(anonymous_7)","decl":{"start":{"line":61,"column":16},"end":{"line":61,"column":31}},"loc":{"start":{"line":61,"column":31},"end":{"line":61,"column":null}},"line":61},"8":{"name":"(anonymous_8)","decl":{"start":{"line":68,"column":22},"end":{"line":68,"column":37}},"loc":{"start":{"line":68,"column":37},"end":{"line":68,"column":63}},"line":68},"9":{"name":"(anonymous_9)","decl":{"start":{"line":72,"column":20},"end":{"line":72,"column":35}},"loc":{"start":{"line":72,"column":35},"end":{"line":72,"column":61}},"line":72},"10":{"name":"(anonymous_10)","decl":{"start":{"line":100,"column":20},"end":{"line":100,"column":35}},"loc":{"start":{"line":100,"column":35},"end":{"line":100,"column":61}},"line":100},"11":{"name":"(anonymous_11)","decl":{"start":{"line":104,"column":20},"end":{"line":104,"column":35}},"loc":{"start":{"line":104,"column":35},"end":{"line":104,"column":59}},"line":104},"12":{"name":"(anonymous_12)","decl":{"start":{"line":222,"column":24},"end":{"line":222,"column":39}},"loc":{"start":{"line":222,"column":39},"end":{"line":222,"column":65}},"line":222},"13":{"name":"(anonymous_13)","decl":{"start":{"line":250,"column":10},"end":{"line":250,"column":25}},"loc":{"start":{"line":250,"column":25},"end":{"line":250,"column":null}},"line":250},"14":{"name":"(anonymous_14)","decl":{"start":{"line":260,"column":10},"end":{"line":260,"column":25}},"loc":{"start":{"line":260,"column":25},"end":{"line":260,"column":null}},"line":260},"15":{"name":"(anonymous_15)","decl":{"start":{"line":269,"column":10},"end":{"line":269,"column":25}},"loc":{"start":{"line":269,"column":25},"end":{"line":269,"column":null}},"line":269},"16":{"name":"(anonymous_16)","decl":{"start":{"line":277,"column":10},"end":{"line":277,"column":25}},"loc":{"start":{"line":277,"column":25},"end":{"line":277,"column":null}},"line":277}},"branchMap":{"0":{"loc":{"start":{"line":12,"column":49},"end":{"line":12,"column":78}},"type":"cond-expr","locations":[{"start":{"line":12,"column":65},"end":{"line":12,"column":74}},{"start":{"line":12,"column":74},"end":{"line":12,"column":78}}],"line":12},"1":{"loc":{"start":{"line":23,"column":8},"end":{"line":28,"column":null}},"type":"if","locations":[{"start":{"line":23,"column":8},"end":{"line":28,"column":null}},{"start":{},"end":{}}],"line":23},"2":{"loc":{"start":{"line":25,"column":10},"end":{"line":27,"column":null}},"type":"if","locations":[{"start":{"line":25,"column":10},"end":{"line":27,"column":null}},{"start":{},"end":{}}],"line":25},"3":{"loc":{"start":{"line":43,"column":88},"end":{"line":43,"column":null}},"type":"cond-expr","locations":[{"start":{"line":43,"column":99},"end":{"line":43,"column":123}},{"start":{"line":43,"column":123},"end":{"line":43,"column":null}}],"line":43},"4":{"loc":{"start":{"line":53,"column":159},"end":{"line":53,"column":232}},"type":"cond-expr","locations":[{"start":{"line":53,"column":186},"end":{"line":53,"column":203}},{"start":{"line":53,"column":203},"end":{"line":53,"column":232}}],"line":53},"5":{"loc":{"start":{"line":54,"column":163},"end":{"line":54,"column":240}},"type":"cond-expr","locations":[{"start":{"line":54,"column":194},"end":{"line":54,"column":211}},{"start":{"line":54,"column":211},"end":{"line":54,"column":240}}],"line":54},"6":{"loc":{"start":{"line":55,"column":160},"end":{"line":55,"column":234}},"type":"cond-expr","locations":[{"start":{"line":55,"column":188},"end":{"line":55,"column":205}},{"start":{"line":55,"column":205},"end":{"line":55,"column":234}}],"line":55},"7":{"loc":{"start":{"line":59,"column":13},"end":{"line":72,"column":13}},"type":"cond-expr","locations":[{"start":{"line":60,"column":14},"end":{"line":68,"column":15}},{"start":{"line":68,"column":14},"end":{"line":72,"column":13}}],"line":59},"8":{"loc":{"start":{"line":65,"column":63},"end":{"line":65,"column":115}},"type":"binary-expr","locations":[{"start":{"line":65,"column":63},"end":{"line":65,"column":96}},{"start":{"line":65,"column":96},"end":{"line":65,"column":115}}],"line":65},"9":{"loc":{"start":{"line":247,"column":7},"end":{"line":254,"column":null}},"type":"binary-expr","locations":[{"start":{"line":247,"column":7},"end":{"line":247,"column":null}},{"start":{"line":248,"column":8},"end":{"line":254,"column":null}}],"line":247},"10":{"loc":{"start":{"line":257,"column":7},"end":{"line":263,"column":null}},"type":"binary-expr","locations":[{"start":{"line":257,"column":7},"end":{"line":257,"column":null}},{"start":{"line":258,"column":8},"end":{"line":263,"column":null}}],"line":257},"11":{"loc":{"start":{"line":266,"column":7},"end":{"line":271,"column":null}},"type":"binary-expr","locations":[{"start":{"line":266,"column":7},"end":{"line":266,"column":null}},{"start":{"line":267,"column":8},"end":{"line":271,"column":null}}],"line":266},"12":{"loc":{"start":{"line":274,"column":7},"end":{"line":278,"column":null}},"type":"binary-expr","locations":[{"start":{"line":274,"column":7},"end":{"line":274,"column":null}},{"start":{"line":275,"column":8},"end":{"line":278,"column":null}}],"line":274}},"s":{"0":16,"1":16,"2":16,"3":16,"4":9,"5":2,"6":2,"7":2,"8":2,"9":6,"10":6,"11":6,"12":6,"13":6,"14":2,"15":9,"16":9,"17":9,"18":16,"19":0,"20":0,"21":0,"22":1,"23":0,"24":0,"25":1,"26":1,"27":1,"28":0,"29":0,"30":1,"31":0},"f":{"0":16,"1":9,"2":2,"3":9,"4":0,"5":0,"6":0,"7":1,"8":0,"9":0,"10":1,"11":1,"12":1,"13":0,"14":0,"15":1,"16":0},"b":{"0":[1,15],"1":[6,0],"2":[6,0],"3":[1,15],"4":[14,2],"5":[0,16],"6":[2,14],"7":[4,12],"8":[4,1],"9":[16,2],"10":[16,2],"11":[16,1],"12":[16,0]},"meta":{"lastBranch":13,"lastFunction":17,"lastStatement":32,"seen":{"f:9:16:9:28":0,"s:10:34:10:Infinity":0,"s:11:44:11:Infinity":1,"s:12:40:12:Infinity":2,"b:12:65:12:74:12:74:12:78":0,"s:14:2:34:Infinity":3,"f:14:2:14:18":1,"s:15:10:31:Infinity":4,"f:15:10:15:31":2,"s:16:6:16:Infinity":5,"s:18:23:18:Infinity":6,"s:19:20:19:Infinity":7,"s:21:6:29:Infinity":8,"s:22:19:22:Infinity":9,"b:23:8:28:Infinity:undefined:undefined:undefined:undefined":1,"s:23:8:28:Infinity":10,"s:24:23:24:Infinity":11,"b:25:10:27:Infinity:undefined:undefined:undefined:undefined":2,"s:25:10:27:Infinity":12,"s:26:12:26:Infinity":13,"s:30:6:30:Infinity":14,"s:32:4:32:Infinity":15,"s:33:4:33:Infinity":16,"f:33:4:33:17":3,"s:33:17:33:Infinity":17,"s:36:2:280:Infinity":18,"b:43:99:43:123:43:123:43:Infinity":3,"f:53:20:53:35":4,"s:53:35:53:108":19,"b:53:186:53:203:53:203:53:232":4,"f:54:20:54:35":5,"s:54:35:54:112":20,"b:54:194:54:211:54:211:54:240":5,"f:55:20:55:35":6,"s:55:35:55:109":21,"b:55:188:55:205:55:205:55:234":6,"b:60:14:68:15:68:14:72:13":7,"f:61:16:61:31":7,"s:61:31:61:Infinity":22,"b:65:63:65:96:65:96:65:115":8,"f:68:22:68:37":8,"s:68:37:68:63":23,"f:72:20:72:35":9,"s:72:35:72:61":24,"f:100:20:100:35":10,"s:100:35:100:61":25,"f:104:20:104:35":11,"s:104:35:104:59":26,"f:222:24:222:39":12,"s:222:39:222:65":27,"b:247:7:247:Infinity:248:8:254:Infinity":9,"f:250:10:250:25":13,"s:250:25:250:Infinity":28,"b:257:7:257:Infinity:258:8:263:Infinity":10,"f:260:10:260:25":14,"s:260:25:260:Infinity":29,"b:266:7:266:Infinity:267:8:271:Infinity":11,"f:269:10:269:25":15,"s:269:25:269:Infinity":30,"b:274:7:274:Infinity:275:8:278:Infinity":12,"f:277:10:277:25":16,"s:277:25:277:Infinity":31},"fnNames":{}}}
,"D:\\Projects\\Agentic Projects\\Together\\client\\src\\components\\player\\PlaybackControls.jsx": {"path":"D:\\Projects\\Agentic Projects\\Together\\client\\src\\components\\player\\PlaybackControls.jsx","statementMap":{"0":{"start":{"line":4,"column":6},"end":{"line":8,"column":null}},"1":{"start":{"line":5,"column":12},"end":{"line":5,"column":null}},"2":{"start":{"line":6,"column":12},"end":{"line":6,"column":null}},"3":{"start":{"line":7,"column":2},"end":{"line":7,"column":null}},"4":{"start":{"line":10,"column":32},"end":{"line":92,"column":null}},"5":{"start":{"line":22,"column":26},"end":{"line":22,"column":null}},"6":{"start":{"line":24,"column":2},"end":{"line":90,"column":null}}},"fnMap":{"0":{"name":"(anonymous_0)","decl":{"start":{"line":4,"column":6},"end":{"line":4,"column":20}},"loc":{"start":{"line":4,"column":29},"end":{"line":8,"column":null}},"line":4},"1":{"name":"PlaybackControls","decl":{"start":{"line":10,"column":46},"end":{"line":10,"column":63}},"loc":{"start":{"line":21,"column":3},"end":{"line":92,"column":1}},"line":21}},"branchMap":{"0":{"loc":{"start":{"line":7,"column":17},"end":{"line":7,"column":37}},"type":"cond-expr","locations":[{"start":{"line":7,"column":26},"end":{"line":7,"column":32}},{"start":{"line":7,"column":32},"end":{"line":7,"column":37}}],"line":7},"1":{"loc":{"start":{"line":20,"column":2},"end":{"line":20,"column":null}},"type":"default-arg","locations":[{"start":{"line":20,"column":11},"end":{"line":20,"column":null}}],"line":20},"2":{"loc":{"start":{"line":22,"column":26},"end":{"line":22,"column":null}},"type":"cond-expr","locations":[{"start":{"line":22,"column":42},"end":{"line":22,"column":74}},{"start":{"line":22,"column":74},"end":{"line":22,"column":null}}],"line":22},"3":{"loc":{"start":{"line":30,"column":69},"end":{"line":30,"column":null}},"type":"cond-expr","locations":[{"start":{"line":30,"column":78},"end":{"line":30,"column":106}},{"start":{"line":30,"column":106},"end":{"line":30,"column":null}}],"line":30},"4":{"loc":{"start":{"line":31,"column":13},"end":{"line":32,"column":13}},"type":"cond-expr","locations":[{"start":{"line":31,"column":22},"end":{"line":31,"column":44}},{"start":{"line":31,"column":43},"end":{"line":32,"column":13}}],"line":31},"5":{"loc":{"start":{"line":32,"column":72},"end":{"line":32,"column":110}},"type":"cond-expr","locations":[{"start":{"line":32,"column":81},"end":{"line":32,"column":95}},{"start":{"line":32,"column":95},"end":{"line":32,"column":110}}],"line":32},"6":{"loc":{"start":{"line":41,"column":107},"end":{"line":41,"column":null}},"type":"cond-expr","locations":[{"start":{"line":41,"column":116},"end":{"line":41,"column":203}},{"start":{"line":41,"column":203},"end":{"line":41,"column":null}}],"line":41},"7":{"loc":{"start":{"line":42,"column":19},"end":{"line":42,"column":null}},"type":"cond-expr","locations":[{"start":{"line":42,"column":28},"end":{"line":42,"column":57}},{"start":{"line":42,"column":57},"end":{"line":42,"column":null}}],"line":42},"8":{"loc":{"start":{"line":42,"column":57},"end":{"line":42,"column":null}},"type":"cond-expr","locations":[{"start":{"line":42,"column":72},"end":{"line":42,"column":90}},{"start":{"line":42,"column":90},"end":{"line":42,"column":null}}],"line":42},"9":{"loc":{"start":{"line":44,"column":13},"end":{"line":44,"column":null}},"type":"cond-expr","locations":[{"start":{"line":44,"column":28},"end":{"line":44,"column":107}},{"start":{"line":44,"column":106},"end":{"line":44,"column":null}}],"line":44},"10":{"loc":{"start":{"line":53,"column":19},"end":{"line":53,"column":null}},"type":"cond-expr","locations":[{"start":{"line":53,"column":29},"end":{"line":53,"column":44}},{"start":{"line":53,"column":44},"end":{"line":53,"column":null}}],"line":53},"11":{"loc":{"start":{"line":55,"column":13},"end":{"line":57,"column":null}},"type":"cond-expr","locations":[{"start":{"line":56,"column":16},"end":{"line":57,"column":17}},{"start":{"line":57,"column":16},"end":{"line":57,"column":null}}],"line":55},"12":{"loc":{"start":{"line":55,"column":13},"end":{"line":55,"column":null}},"type":"binary-expr","locations":[{"start":{"line":55,"column":13},"end":{"line":55,"column":24}},{"start":{"line":55,"column":24},"end":{"line":55,"column":null}}],"line":55},"13":{"loc":{"start":{"line":61,"column":19},"end":{"line":61,"column":null}},"type":"cond-expr","locations":[{"start":{"line":61,"column":29},"end":{"line":61,"column":33}},{"start":{"line":61,"column":33},"end":{"line":61,"column":null}}],"line":61},"14":{"loc":{"start":{"line":78,"column":17},"end":{"line":78,"column":null}},"type":"binary-expr","locations":[{"start":{"line":78,"column":17},"end":{"line":78,"column":29}},{"start":{"line":78,"column":29},"end":{"line":78,"column":null}}],"line":78},"15":{"loc":{"start":{"line":79,"column":19},"end":{"line":79,"column":null}},"type":"binary-expr","locations":[{"start":{"line":79,"column":19},"end":{"line":79,"column":34}},{"start":{"line":79,"column":34},"end":{"line":79,"column":null}}],"line":79}},"s":{"0":0,"1":0,"2":0,"3":0,"4":0,"5":0,"6":0},"f":{"0":0,"1":0},"b":{"0":[0,0],"1":[0],"2":[0,0],"3":[0,0],"4":[0,0],"5":[0,0],"6":[0,0],"7":[0,0],"8":[0,0],"9":[0,0],"10":[0,0],"11":[0,0],"12":[0,0],"13":[0,0],"14":[0,0],"15":[0,0]},"meta":{"lastBranch":16,"lastFunction":2,"lastStatement":7,"seen":{"s:4:6:8:Infinity":0,"f:4:6:4:20":0,"s:5:12:5:Infinity":1,"s:6:12:6:Infinity":2,"s:7:2:7:Infinity":3,"b:7:26:7:32:7:32:7:37":0,"s:10:32:92:Infinity":4,"f:10:46:10:63":1,"b:20:11:20:Infinity":1,"s:22:26:22:Infinity":5,"b:22:42:22:74:22:74:22:Infinity":2,"s:24:2:90:Infinity":6,"b:30:78:30:106:30:106:30:Infinity":3,"b:31:22:31:44:31:43:32:13":4,"b:32:81:32:95:32:95:32:110":5,"b:41:116:41:203:41:203:41:Infinity":6,"b:42:28:42:57:42:57:42:Infinity":7,"b:42:72:42:90:42:90:42:Infinity":8,"b:44:28:44:107:44:106:44:Infinity":9,"b:53:29:53:44:53:44:53:Infinity":10,"b:56:16:57:17:57:16:57:Infinity":11,"b:55:13:55:24:55:24:55:Infinity":12,"b:61:29:61:33:61:33:61:Infinity":13,"b:78:17:78:29:78:29:78:Infinity":14,"b:79:19:79:34:79:34:79:Infinity":15},"fnNames":{}}}
,"D:\\Projects\\Agentic Projects\\Together\\client\\src\\components\\player\\SearchAndQueuePanel.jsx": {"path":"D:\\Projects\\Agentic Projects\\Together\\client\\src\\components\\player\\SearchAndQueuePanel.jsx","statementMap":{"0":{"start":{"line":5,"column":36},"end":{"line":5,"column":null}},"1":{"start":{"line":6,"column":28},"end":{"line":6,"column":null}},"2":{"start":{"line":7,"column":32},"end":{"line":7,"column":null}},"3":{"start":{"line":8,"column":32},"end":{"line":8,"column":null}},"4":{"start":{"line":9,"column":28},"end":{"line":9,"column":null}},"5":{"start":{"line":11,"column":20},"end":{"line":11,"column":null}},"6":{"start":{"line":11,"column":40},"end":{"line":11,"column":51}},"7":{"start":{"line":12,"column":19},"end":{"line":12,"column":null}},"8":{"start":{"line":12,"column":39},"end":{"line":12,"column":49}},"9":{"start":{"line":14,"column":24},"end":{"line":14,"column":null}},"10":{"start":{"line":14,"column":56},"end":{"line":14,"column":87}},"11":{"start":{"line":15,"column":17},"end":{"line":15,"column":null}},"12":{"start":{"line":16,"column":16},"end":{"line":16,"column":null}},"13":{"start":{"line":18,"column":23},"end":{"line":48,"column":null}},"14":{"start":{"line":19,"column":4},"end":{"line":19,"column":null}},"15":{"start":{"line":20,"column":4},"end":{"line":20,"column":null}},"16":{"start":{"line":20,"column":23},"end":{"line":20,"column":null}},"17":{"start":{"line":22,"column":4},"end":{"line":22,"column":null}},"18":{"start":{"line":23,"column":4},"end":{"line":23,"column":null}},"19":{"start":{"line":24,"column":4},"end":{"line":47,"column":null}},"20":{"start":{"line":25,"column":12},"end":{"line":36,"column":null}},"21":{"start":{"line":26,"column":8},"end":{"line":28,"column":null}},"22":{"start":{"line":27,"column":10},"end":{"line":27,"column":null}},"23":{"start":{"line":29,"column":8},"end":{"line":34,"column":null}},"24":{"start":{"line":30,"column":41},"end":{"line":30,"column":null}},"25":{"start":{"line":31,"column":10},"end":{"line":33,"column":null}},"26":{"start":{"line":32,"column":12},"end":{"line":32,"column":null}},"27":{"start":{"line":35,"column":8},"end":{"line":35,"column":null}},"28":{"start":{"line":38,"column":22},"end":{"line":38,"column":null}},"29":{"start":{"line":39,"column":18},"end":{"line":39,"column":null}},"30":{"start":{"line":40,"column":6},"end":{"line":40,"column":null}},"31":{"start":{"line":40,"column":19},"end":{"line":40,"column":null}},"32":{"start":{"line":41,"column":19},"end":{"line":41,"column":null}},"33":{"start":{"line":42,"column":6},"end":{"line":42,"column":null}},"34":{"start":{"line":44,"column":6},"end":{"line":44,"column":null}},"35":{"start":{"line":46,"column":6},"end":{"line":46,"column":null}},"36":{"start":{"line":50,"column":8},"end":{"line":53,"column":null}},"37":{"start":{"line":51,"column":4},"end":{"line":51,"column":null}},"38":{"start":{"line":51,"column":20},"end":{"line":51,"column":null}},"39":{"start":{"line":52,"column":4},"end":{"line":52,"column":null}},"40":{"start":{"line":55,"column":8},"end":{"line":60,"column":null}},"41":{"start":{"line":56,"column":4},"end":{"line":58,"column":null}},"42":{"start":{"line":57,"column":6},"end":{"line":57,"column":null}},"43":{"start":{"line":59,"column":4},"end":{"line":59,"column":null}},"44":{"start":{"line":59,"column":21},"end":{"line":59,"column":null}},"45":{"start":{"line":62,"column":8},"end":{"line":64,"column":null}},"46":{"start":{"line":63,"column":4},"end":{"line":63,"column":null}},"47":{"start":{"line":63,"column":23},"end":{"line":63,"column":null}},"48":{"start":{"line":66,"column":2},"end":{"line":191,"column":null}},"49":{"start":{"line":71,"column":25},"end":{"line":71,"column":null}},"50":{"start":{"line":78,"column":25},"end":{"line":78,"column":null}},"51":{"start":{"line":99,"column":35},"end":{"line":99,"column":null}},"52":{"start":{"line":122,"column":16},"end":{"line":143,"column":null}},"53":{"start":{"line":134,"column":57},"end":{"line":134,"column":78}},"54":{"start":{"line":138,"column":59},"end":{"line":138,"column":77}},"55":{"start":{"line":160,"column":16},"end":{"line":184,"column":null}},"56":{"start":{"line":176,"column":59},"end":{"line":176,"column":77}},"57":{"start":{"line":179,"column":59},"end":{"line":179,"column":88}}},"fnMap":{"0":{"name":"SearchAndQueuePanel","decl":{"start":{"line":4,"column":16},"end":{"line":4,"column":36}},"loc":{"start":{"line":4,"column":80},"end":{"line":193,"column":null}},"line":4},"1":{"name":"(anonymous_1)","decl":{"start":{"line":11,"column":20},"end":{"line":11,"column":34}},"loc":{"start":{"line":11,"column":40},"end":{"line":11,"column":51}},"line":11},"2":{"name":"(anonymous_2)","decl":{"start":{"line":12,"column":19},"end":{"line":12,"column":33}},"loc":{"start":{"line":12,"column":39},"end":{"line":12,"column":49}},"line":12},"3":{"name":"(anonymous_3)","decl":{"start":{"line":14,"column":44},"end":{"line":14,"column":50}},"loc":{"start":{"line":14,"column":56},"end":{"line":14,"column":87}},"line":14},"4":{"name":"(anonymous_4)","decl":{"start":{"line":18,"column":23},"end":{"line":18,"column":30}},"loc":{"start":{"line":18,"column":36},"end":{"line":48,"column":null}},"line":18},"5":{"name":"(anonymous_5)","decl":{"start":{"line":25,"column":12},"end":{"line":25,"column":30}},"loc":{"start":{"line":25,"column":30},"end":{"line":36,"column":null}},"line":25},"6":{"name":"(anonymous_6)","decl":{"start":{"line":50,"column":8},"end":{"line":50,"column":28}},"loc":{"start":{"line":50,"column":38},"end":{"line":53,"column":null}},"line":50},"7":{"name":"(anonymous_7)","decl":{"start":{"line":55,"column":8},"end":{"line":55,"column":25}},"loc":{"start":{"line":55,"column":35},"end":{"line":60,"column":null}},"line":55},"8":{"name":"(anonymous_8)","decl":{"start":{"line":62,"column":8},"end":{"line":62,"column":33}},"loc":{"start":{"line":62,"column":45},"end":{"line":64,"column":null}},"line":62},"9":{"name":"(anonymous_9)","decl":{"start":{"line":71,"column":10},"end":{"line":71,"column":25}},"loc":{"start":{"line":71,"column":25},"end":{"line":71,"column":null}},"line":71},"10":{"name":"(anonymous_10)","decl":{"start":{"line":78,"column":10},"end":{"line":78,"column":25}},"loc":{"start":{"line":78,"column":25},"end":{"line":78,"column":null}},"line":78},"11":{"name":"(anonymous_11)","decl":{"start":{"line":99,"column":18},"end":{"line":99,"column":29}},"loc":{"start":{"line":99,"column":35},"end":{"line":99,"column":null}},"line":99},"12":{"name":"(anonymous_12)","decl":{"start":{"line":121,"column":23},"end":{"line":121,"column":28}},"loc":{"start":{"line":122,"column":16},"end":{"line":143,"column":null}},"line":122},"13":{"name":"(anonymous_13)","decl":{"start":{"line":134,"column":42},"end":{"line":134,"column":57}},"loc":{"start":{"line":134,"column":57},"end":{"line":134,"column":78}},"line":134},"14":{"name":"(anonymous_14)","decl":{"start":{"line":138,"column":44},"end":{"line":138,"column":59}},"loc":{"start":{"line":138,"column":59},"end":{"line":138,"column":77}},"line":138},"15":{"name":"(anonymous_15)","decl":{"start":{"line":159,"column":20},"end":{"line":159,"column":25}},"loc":{"start":{"line":160,"column":16},"end":{"line":184,"column":null}},"line":160},"16":{"name":"(anonymous_16)","decl":{"start":{"line":176,"column":44},"end":{"line":176,"column":59}},"loc":{"start":{"line":176,"column":59},"end":{"line":176,"column":77}},"line":176},"17":{"name":"(anonymous_17)","decl":{"start":{"line":179,"column":44},"end":{"line":179,"column":59}},"loc":{"start":{"line":179,"column":59},"end":{"line":179,"column":88}},"line":179}},"branchMap":{"0":{"loc":{"start":{"line":16,"column":16},"end":{"line":16,"column":null}},"type":"binary-expr","locations":[{"start":{"line":16,"column":16},"end":{"line":16,"column":41}},{"start":{"line":16,"column":41},"end":{"line":16,"column":null}}],"line":16},"1":{"loc":{"start":{"line":20,"column":4},"end":{"line":20,"column":null}},"type":"if","locations":[{"start":{"line":20,"column":4},"end":{"line":20,"column":null}},{"start":{},"end":{}}],"line":20},"2":{"loc":{"start":{"line":26,"column":8},"end":{"line":28,"column":null}},"type":"if","locations":[{"start":{"line":26,"column":8},"end":{"line":28,"column":null}},{"start":{},"end":{}}],"line":26},"3":{"loc":{"start":{"line":29,"column":8},"end":{"line":34,"column":null}},"type":"if","locations":[{"start":{"line":29,"column":8},"end":{"line":34,"column":null}},{"start":{},"end":{}}],"line":29},"4":{"loc":{"start":{"line":31,"column":10},"end":{"line":33,"column":null}},"type":"if","locations":[{"start":{"line":31,"column":10},"end":{"line":33,"column":null}},{"start":{},"end":{}}],"line":31},"5":{"loc":{"start":{"line":31,"column":14},"end":{"line":31,"column":68}},"type":"binary-expr","locations":[{"start":{"line":31,"column":14},"end":{"line":31,"column":42}},{"start":{"line":31,"column":42},"end":{"line":31,"column":68}}],"line":31},"6":{"loc":{"start":{"line":40,"column":6},"end":{"line":40,"column":null}},"type":"if","locations":[{"start":{"line":40,"column":6},"end":{"line":40,"column":null}},{"start":{},"end":{}}],"line":40},"7":{"loc":{"start":{"line":42,"column":17},"end":{"line":42,"column":35}},"type":"binary-expr","locations":[{"start":{"line":42,"column":17},"end":{"line":42,"column":33}},{"start":{"line":42,"column":33},"end":{"line":42,"column":35}}],"line":42},"8":{"loc":{"start":{"line":51,"column":4},"end":{"line":51,"column":null}},"type":"if","locations":[{"start":{"line":51,"column":4},"end":{"line":51,"column":null}},{"start":{},"end":{}}],"line":51},"9":{"loc":{"start":{"line":56,"column":4},"end":{"line":58,"column":null}},"type":"if","locations":[{"start":{"line":56,"column":4},"end":{"line":58,"column":null}},{"start":{},"end":{}}],"line":56},"10":{"loc":{"start":{"line":56,"column":8},"end":{"line":56,"column":35}},"type":"binary-expr","locations":[{"start":{"line":56,"column":8},"end":{"line":56,"column":20}},{"start":{"line":56,"column":20},"end":{"line":56,"column":35}}],"line":56},"11":{"loc":{"start":{"line":59,"column":4},"end":{"line":59,"column":null}},"type":"if","locations":[{"start":{"line":59,"column":4},"end":{"line":59,"column":null}},{"start":{},"end":{}}],"line":59},"12":{"loc":{"start":{"line":63,"column":4},"end":{"line":63,"column":null}},"type":"if","locations":[{"start":{"line":63,"column":4},"end":{"line":63,"column":null}},{"start":{},"end":{}}],"line":63},"13":{"loc":{"start":{"line":72,"column":118},"end":{"line":72,"column":null}},"type":"cond-expr","locations":[{"start":{"line":72,"column":143},"end":{"line":72,"column":188}},{"start":{"line":72,"column":188},"end":{"line":72,"column":null}}],"line":72},"14":{"loc":{"start":{"line":79,"column":118},"end":{"line":79,"column":null}},"type":"cond-expr","locations":[{"start":{"line":79,"column":142},"end":{"line":79,"column":187}},{"start":{"line":79,"column":187},"end":{"line":79,"column":null}}],"line":79},"15":{"loc":{"start":{"line":90,"column":9},"end":{"line":150,"column":23}},"type":"binary-expr","locations":[{"start":{"line":90,"column":9},"end":{"line":90,"column":null}},{"start":{"line":91,"column":10},"end":{"line":150,"column":23}}],"line":90},"16":{"loc":{"start":{"line":108,"column":17},"end":{"line":108,"column":null}},"type":"cond-expr","locations":[{"start":{"line":108,"column":27},"end":{"line":108,"column":null}},{"start":{"line":108,"column":111},"end":{"line":108,"column":null}}],"line":108},"17":{"loc":{"start":{"line":112,"column":13},"end":{"line":112,"column":null}},"type":"binary-expr","locations":[{"start":{"line":112,"column":13},"end":{"line":112,"column":22}},{"start":{"line":112,"column":22},"end":{"line":112,"column":null}}],"line":112},"18":{"loc":{"start":{"line":115,"column":15},"end":{"line":121,"column":23}},"type":"binary-expr","locations":[{"start":{"line":115,"column":15},"end":{"line":115,"column":39}},{"start":{"line":115,"column":39},"end":{"line":115,"column":51}},{"start":{"line":115,"column":51},"end":{"line":115,"column":null}},{"start":{"line":116,"column":17},"end":{"line":121,"column":23}}],"line":115},"19":{"loc":{"start":{"line":137,"column":21},"end":{"line":142,"column":null}},"type":"binary-expr","locations":[{"start":{"line":137,"column":21},"end":{"line":137,"column":null}},{"start":{"line":138,"column":22},"end":{"line":142,"column":null}}],"line":137},"20":{"loc":{"start":{"line":150,"column":9},"end":{"line":190,"column":null}},"type":"binary-expr","locations":[{"start":{"line":150,"column":9},"end":{"line":150,"column":null}},{"start":{"line":151,"column":10},"end":{"line":190,"column":null}}],"line":150},"21":{"loc":{"start":{"line":152,"column":13},"end":{"line":185,"column":null}},"type":"cond-expr","locations":[{"start":{"line":153,"column":14},"end":{"line":159,"column":20}},{"start":{"line":159,"column":14},"end":{"line":185,"column":null}}],"line":152},"22":{"loc":{"start":{"line":174,"column":19},"end":{"line":182,"column":null}},"type":"binary-expr","locations":[{"start":{"line":174,"column":19},"end":{"line":174,"column":null}},{"start":{"line":175,"column":20},"end":{"line":182,"column":null}}],"line":174}},"s":{"0":0,"1":0,"2":0,"3":0,"4":0,"5":0,"6":0,"7":0,"8":0,"9":0,"10":0,"11":0,"12":0,"13":0,"14":0,"15":0,"16":0,"17":0,"18":0,"19":0,"20":0,"21":0,"22":0,"23":0,"24":0,"25":0,"26":0,"27":0,"28":0,"29":0,"30":0,"31":0,"32":0,"33":0,"34":0,"35":0,"36":0,"37":0,"38":0,"39":0,"40":0,"41":0,"42":0,"43":0,"44":0,"45":0,"46":0,"47":0,"48":0,"49":0,"50":0,"51":0,"52":0,"53":0,"54":0,"55":0,"56":0,"57":0},"f":{"0":0,"1":0,"2":0,"3":0,"4":0,"5":0,"6":0,"7":0,"8":0,"9":0,"10":0,"11":0,"12":0,"13":0,"14":0,"15":0,"16":0,"17":0},"b":{"0":[0,0],"1":[0,0],"2":[0,0],"3":[0,0],"4":[0,0],"5":[0,0],"6":[0,0],"7":[0,0],"8":[0,0],"9":[0,0],"10":[0,0],"11":[0,0],"12":[0,0],"13":[0,0],"14":[0,0],"15":[0,0],"16":[0,0],"17":[0,0],"18":[0,0,0,0],"19":[0,0],"20":[0,0],"21":[0,0],"22":[0,0]},"meta":{"lastBranch":23,"lastFunction":18,"lastStatement":58,"seen":{"f:4:16:4:36":0,"s:5:36:5:Infinity":0,"s:6:28:6:Infinity":1,"s:7:32:7:Infinity":2,"s:8:32:8:Infinity":3,"s:9:28:9:Infinity":4,"s:11:20:11:Infinity":5,"f:11:20:11:34":1,"s:11:40:11:51":6,"s:12:19:12:Infinity":7,"f:12:19:12:33":2,"s:12:39:12:49":8,"s:14:24:14:Infinity":9,"f:14:44:14:50":3,"s:14:56:14:87":10,"s:15:17:15:Infinity":11,"s:16:16:16:Infinity":12,"b:16:16:16:41:16:41:16:Infinity":0,"s:18:23:48:Infinity":13,"f:18:23:18:30":4,"s:19:4:19:Infinity":14,"b:20:4:20:Infinity:undefined:undefined:undefined:undefined":1,"s:20:4:20:Infinity":15,"s:20:23:20:Infinity":16,"s:22:4:22:Infinity":17,"s:23:4:23:Infinity":18,"s:24:4:47:Infinity":19,"s:25:12:36:Infinity":20,"f:25:12:25:30":5,"b:26:8:28:Infinity:undefined:undefined:undefined:undefined":2,"s:26:8:28:Infinity":21,"s:27:10:27:Infinity":22,"b:29:8:34:Infinity:undefined:undefined:undefined:undefined":3,"s:29:8:34:Infinity":23,"s:30:41:30:Infinity":24,"b:31:10:33:Infinity:undefined:undefined:undefined:undefined":4,"s:31:10:33:Infinity":25,"b:31:14:31:42:31:42:31:68":5,"s:32:12:32:Infinity":26,"s:35:8:35:Infinity":27,"s:38:22:38:Infinity":28,"s:39:18:39:Infinity":29,"b:40:6:40:Infinity:undefined:undefined:undefined:undefined":6,"s:40:6:40:Infinity":30,"s:40:19:40:Infinity":31,"s:41:19:41:Infinity":32,"s:42:6:42:Infinity":33,"b:42:17:42:33:42:33:42:35":7,"s:44:6:44:Infinity":34,"s:46:6:46:Infinity":35,"s:50:8:53:Infinity":36,"f:50:8:50:28":6,"b:51:4:51:Infinity:undefined:undefined:undefined:undefined":8,"s:51:4:51:Infinity":37,"s:51:20:51:Infinity":38,"s:52:4:52:Infinity":39,"s:55:8:60:Infinity":40,"f:55:8:55:25":7,"b:56:4:58:Infinity:undefined:undefined:undefined:undefined":9,"s:56:4:58:Infinity":41,"b:56:8:56:20:56:20:56:35":10,"s:57:6:57:Infinity":42,"b:59:4:59:Infinity:undefined:undefined:undefined:undefined":11,"s:59:4:59:Infinity":43,"s:59:21:59:Infinity":44,"s:62:8:64:Infinity":45,"f:62:8:62:33":8,"b:63:4:63:Infinity:undefined:undefined:undefined:undefined":12,"s:63:4:63:Infinity":46,"s:63:23:63:Infinity":47,"s:66:2:191:Infinity":48,"f:71:10:71:25":9,"s:71:25:71:Infinity":49,"b:72:143:72:188:72:188:72:Infinity":13,"f:78:10:78:25":10,"s:78:25:78:Infinity":50,"b:79:142:79:187:79:187:79:Infinity":14,"b:90:9:90:Infinity:91:10:150:23":15,"f:99:18:99:29":11,"s:99:35:99:Infinity":51,"b:108:27:108:Infinity:108:111:108:Infinity":16,"b:112:13:112:22:112:22:112:Infinity":17,"b:115:15:115:39:115:39:115:51:115:51:115:Infinity:116:17:121:23":18,"f:121:23:121:28":12,"s:122:16:143:Infinity":52,"f:134:42:134:57":13,"s:134:57:134:78":53,"b:137:21:137:Infinity:138:22:142:Infinity":19,"f:138:44:138:59":14,"s:138:59:138:77":54,"b:150:9:150:Infinity:151:10:190:Infinity":20,"b:153:14:159:20:159:14:185:Infinity":21,"f:159:20:159:25":15,"s:160:16:184:Infinity":55,"b:174:19:174:Infinity:175:20:182:Infinity":22,"f:176:44:176:59":16,"s:176:59:176:77":56,"f:179:44:179:59":17,"s:179:59:179:88":57},"fnNames":{}}}
,"D:\\Projects\\Agentic Projects\\Together\\client\\src\\components\\player\\VideoDetailsCard.jsx": {"path":"D:\\Projects\\Agentic Projects\\Together\\client\\src\\components\\player\\VideoDetailsCard.jsx","statementMap":{"0":{"start":{"line":4,"column":32},"end":{"line":82,"column":null}},"1":{"start":{"line":5,"column":38},"end":{"line":5,"column":null}},"2":{"start":{"line":7,"column":17},"end":{"line":7,"column":null}},"3":{"start":{"line":7,"column":39},"end":{"line":7,"column":62}},"4":{"start":{"line":8,"column":23},"end":{"line":8,"column":null}},"5":{"start":{"line":8,"column":45},"end":{"line":8,"column":74}},"6":{"start":{"line":9,"column":20},"end":{"line":9,"column":null}},"7":{"start":{"line":9,"column":42},"end":{"line":9,"column":78}},"8":{"start":{"line":10,"column":22},"end":{"line":10,"column":null}},"9":{"start":{"line":10,"column":44},"end":{"line":10,"column":81}},"10":{"start":{"line":12,"column":8},"end":{"line":17,"column":null}},"11":{"start":{"line":13,"column":21},"end":{"line":13,"column":null}},"12":{"start":{"line":14,"column":4},"end":{"line":14,"column":null}},"13":{"start":{"line":15,"column":4},"end":{"line":15,"column":null}},"14":{"start":{"line":16,"column":4},"end":{"line":16,"column":null}},"15":{"start":{"line":16,"column":21},"end":{"line":16,"column":43}},"16":{"start":{"line":19,"column":2},"end":{"line":80,"column":null}},"17":{"start":{"line":47,"column":12},"end":{"line":47,"column":null}},"18":{"start":{"line":48,"column":24},"end":{"line":48,"column":null}},"19":{"start":{"line":49,"column":12},"end":{"line":49,"column":null}},"20":{"start":{"line":49,"column":22},"end":{"line":49,"column":null}},"21":{"start":{"line":50,"column":26},"end":{"line":50,"column":null}},"22":{"start":{"line":51,"column":12},"end":{"line":57,"column":null}},"23":{"start":{"line":52,"column":14},"end":{"line":52,"column":null}},"24":{"start":{"line":52,"column":31},"end":{"line":52,"column":null}},"25":{"start":{"line":53,"column":14},"end":{"line":53,"column":null}},"26":{"start":{"line":54,"column":19},"end":{"line":57,"column":null}},"27":{"start":{"line":55,"column":14},"end":{"line":55,"column":null}},"28":{"start":{"line":55,"column":31},"end":{"line":55,"column":null}},"29":{"start":{"line":56,"column":14},"end":{"line":56,"column":null}}},"fnMap":{"0":{"name":"VideoDetailsCard","decl":{"start":{"line":4,"column":46},"end":{"line":4,"column":63}},"loc":{"start":{"line":4,"column":97},"end":{"line":82,"column":1}},"line":4},"1":{"name":"(anonymous_1)","decl":{"start":{"line":7,"column":17},"end":{"line":7,"column":30}},"loc":{"start":{"line":7,"column":39},"end":{"line":7,"column":62}},"line":7},"2":{"name":"(anonymous_2)","decl":{"start":{"line":8,"column":23},"end":{"line":8,"column":36}},"loc":{"start":{"line":8,"column":45},"end":{"line":8,"column":74}},"line":8},"3":{"name":"(anonymous_3)","decl":{"start":{"line":9,"column":20},"end":{"line":9,"column":33}},"loc":{"start":{"line":9,"column":42},"end":{"line":9,"column":78}},"line":9},"4":{"name":"(anonymous_4)","decl":{"start":{"line":10,"column":22},"end":{"line":10,"column":35}},"loc":{"start":{"line":10,"column":44},"end":{"line":10,"column":81}},"line":10},"5":{"name":"(anonymous_5)","decl":{"start":{"line":12,"column":8},"end":{"line":12,"column":36}},"loc":{"start":{"line":12,"column":36},"end":{"line":17,"column":null}},"line":12},"6":{"name":"(anonymous_6)","decl":{"start":{"line":16,"column":4},"end":{"line":16,"column":21}},"loc":{"start":{"line":16,"column":21},"end":{"line":16,"column":43}},"line":16},"7":{"name":"(anonymous_7)","decl":{"start":{"line":46,"column":10},"end":{"line":46,"column":21}},"loc":{"start":{"line":46,"column":27},"end":{"line":58,"column":null}},"line":46}},"branchMap":{"0":{"loc":{"start":{"line":10,"column":44},"end":{"line":10,"column":81}},"type":"binary-expr","locations":[{"start":{"line":10,"column":44},"end":{"line":10,"column":80}},{"start":{"line":10,"column":80},"end":{"line":10,"column":81}}],"line":10},"1":{"loc":{"start":{"line":28,"column":13},"end":{"line":28,"column":null}},"type":"binary-expr","locations":[{"start":{"line":28,"column":13},"end":{"line":28,"column":36}},{"start":{"line":28,"column":36},"end":{"line":28,"column":null}}],"line":28},"2":{"loc":{"start":{"line":33,"column":85},"end":{"line":33,"column":121}},"type":"cond-expr","locations":[{"start":{"line":33,"column":97},"end":{"line":33,"column":106}},{"start":{"line":33,"column":106},"end":{"line":33,"column":121}}],"line":33},"3":{"loc":{"start":{"line":49,"column":12},"end":{"line":49,"column":null}},"type":"if","locations":[{"start":{"line":49,"column":12},"end":{"line":49,"column":null}},{"start":{},"end":{}}],"line":49},"4":{"loc":{"start":{"line":51,"column":12},"end":{"line":57,"column":null}},"type":"if","locations":[{"start":{"line":51,"column":12},"end":{"line":57,"column":null}},{"start":{"line":54,"column":19},"end":{"line":57,"column":null}}],"line":51},"5":{"loc":{"start":{"line":51,"column":16},"end":{"line":51,"column":35}},"type":"binary-expr","locations":[{"start":{"line":51,"column":16},"end":{"line":51,"column":25}},{"start":{"line":51,"column":25},"end":{"line":51,"column":35}}],"line":51},"6":{"loc":{"start":{"line":52,"column":14},"end":{"line":52,"column":null}},"type":"if","locations":[{"start":{"line":52,"column":14},"end":{"line":52,"column":null}},{"start":{},"end":{}}],"line":52},"7":{"loc":{"start":{"line":54,"column":19},"end":{"line":57,"column":null}},"type":"if","locations":[{"start":{"line":54,"column":19},"end":{"line":57,"column":null}},{"start":{},"end":{}}],"line":54},"8":{"loc":{"start":{"line":55,"column":14},"end":{"line":55,"column":null}},"type":"if","locations":[{"start":{"line":55,"column":14},"end":{"line":55,"column":null}},{"start":{},"end":{}}],"line":55},"9":{"loc":{"start":{"line":76,"column":11},"end":{"line":77,"column":11}},"type":"cond-expr","locations":[{"start":{"line":76,"column":24},"end":{"line":76,"column":109}},{"start":{"line":76,"column":108},"end":{"line":77,"column":11}}],"line":76},"10":{"loc":{"start":{"line":77,"column":17},"end":{"line":77,"column":71}},"type":"cond-expr","locations":[{"start":{"line":77,"column":30},"end":{"line":77,"column":47}},{"start":{"line":77,"column":47},"end":{"line":77,"column":71}}],"line":77}},"s":{"0":0,"1":0,"2":0,"3":0,"4":0,"5":0,"6":0,"7":0,"8":0,"9":0,"10":0,"11":0,"12":0,"13":0,"14":0,"15":0,"16":0,"17":0,"18":0,"19":0,"20":0,"21":0,"22":0,"23":0,"24":0,"25":0,"26":0,"27":0,"28":0,"29":0},"f":{"0":0,"1":0,"2":0,"3":0,"4":0,"5":0,"6":0,"7":0},"b":{"0":[0,0],"1":[0,0],"2":[0,0],"3":[0,0],"4":[0,0],"5":[0,0],"6":[0,0],"7":[0,0],"8":[0,0],"9":[0,0],"10":[0,0]},"meta":{"lastBranch":11,"lastFunction":8,"lastStatement":30,"seen":{"s:4:32:82:Infinity":0,"f:4:46:4:63":0,"s:5:38:5:Infinity":1,"s:7:17:7:Infinity":2,"f:7:17:7:30":1,"s:7:39:7:62":3,"s:8:23:8:Infinity":4,"f:8:23:8:36":2,"s:8:45:8:74":5,"s:9:20:9:Infinity":6,"f:9:20:9:33":3,"s:9:42:9:78":7,"s:10:22:10:Infinity":8,"f:10:22:10:35":4,"s:10:44:10:81":9,"b:10:44:10:80:10:80:10:81":0,"s:12:8:17:Infinity":10,"f:12:8:12:36":5,"s:13:21:13:Infinity":11,"s:14:4:14:Infinity":12,"s:15:4:15:Infinity":13,"s:16:4:16:Infinity":14,"f:16:4:16:21":6,"s:16:21:16:43":15,"s:19:2:80:Infinity":16,"b:28:13:28:36:28:36:28:Infinity":1,"b:33:97:33:106:33:106:33:121":2,"f:46:10:46:21":7,"s:47:12:47:Infinity":17,"s:48:24:48:Infinity":18,"b:49:12:49:Infinity:undefined:undefined:undefined:undefined":3,"s:49:12:49:Infinity":19,"s:49:22:49:Infinity":20,"s:50:26:50:Infinity":21,"b:51:12:57:Infinity:54:19:57:Infinity":4,"s:51:12:57:Infinity":22,"b:51:16:51:25:51:25:51:35":5,"b:52:14:52:Infinity:undefined:undefined:undefined:undefined":6,"s:52:14:52:Infinity":23,"s:52:31:52:Infinity":24,"s:53:14:53:Infinity":25,"b:54:19:57:Infinity:undefined:undefined:undefined:undefined":7,"s:54:19:57:Infinity":26,"b:55:14:55:Infinity:undefined:undefined:undefined:undefined":8,"s:55:14:55:Infinity":27,"s:55:31:55:Infinity":28,"s:56:14:56:Infinity":29,"b:76:24:76:109:76:108:77:11":9,"b:77:30:77:47:77:47:77:71":10},"fnNames":{}}}
,"D:\\Projects\\Agentic Projects\\Together\\client\\src\\components\\player\\YouTubePlayer.jsx": {"path":"D:\\Projects\\Agentic Projects\\Together\\client\\src\\components\\player\\YouTubePlayer.jsx","statementMap":{"0":{"start":{"line":8,"column":29},"end":{"line":362,"column":null}},"1":{"start":{"line":12,"column":19},"end":{"line":12,"column":null}},"2":{"start":{"line":12,"column":41},"end":{"line":12,"column":66}},"3":{"start":{"line":13,"column":30},"end":{"line":13,"column":null}},"4":{"start":{"line":13,"column":52},"end":{"line":13,"column":98}},"5":{"start":{"line":14,"column":17},"end":{"line":14,"column":null}},"6":{"start":{"line":14,"column":39},"end":{"line":14,"column":62}},"7":{"start":{"line":15,"column":26},"end":{"line":15,"column":null}},"8":{"start":{"line":15,"column":48},"end":{"line":15,"column":62}},"9":{"start":{"line":16,"column":24},"end":{"line":19,"column":null}},"10":{"start":{"line":17,"column":26},"end":{"line":17,"column":null}},"11":{"start":{"line":17,"column":62},"end":{"line":17,"column":99}},"12":{"start":{"line":18,"column":4},"end":{"line":18,"column":null}},"13":{"start":{"line":20,"column":30},"end":{"line":20,"column":null}},"14":{"start":{"line":20,"column":52},"end":{"line":20,"column":77}},"15":{"start":{"line":21,"column":45},"end":{"line":21,"column":55}},"16":{"start":{"line":22,"column":23},"end":{"line":22,"column":null}},"17":{"start":{"line":23,"column":20},"end":{"line":23,"column":null}},"18":{"start":{"line":24,"column":44},"end":{"line":24,"column":null}},"19":{"start":{"line":25,"column":42},"end":{"line":25,"column":null}},"20":{"start":{"line":26,"column":40},"end":{"line":26,"column":null}},"21":{"start":{"line":27,"column":34},"end":{"line":27,"column":null}},"22":{"start":{"line":28,"column":30},"end":{"line":34,"column":null}},"23":{"start":{"line":29,"column":4},"end":{"line":32,"column":null}},"24":{"start":{"line":30,"column":20},"end":{"line":30,"column":null}},"25":{"start":{"line":31,"column":6},"end":{"line":31,"column":null}},"26":{"start":{"line":33,"column":4},"end":{"line":33,"column":null}},"27":{"start":{"line":35,"column":32},"end":{"line":41,"column":null}},"28":{"start":{"line":36,"column":4},"end":{"line":39,"column":null}},"29":{"start":{"line":37,"column":20},"end":{"line":37,"column":null}},"30":{"start":{"line":38,"column":6},"end":{"line":38,"column":null}},"31":{"start":{"line":40,"column":4},"end":{"line":40,"column":null}},"32":{"start":{"line":42,"column":24},"end":{"line":42,"column":null}},"33":{"start":{"line":43,"column":27},"end":{"line":43,"column":null}},"34":{"start":{"line":46,"column":30},"end":{"line":46,"column":null}},"35":{"start":{"line":47,"column":26},"end":{"line":47,"column":null}},"36":{"start":{"line":50,"column":27},"end":{"line":56,
[...]
n":6},"end":{"line":195,"column":null}},"type":"if","locations":[{"start":{"line":195,"column":6},"end":{"line":195,"column":null}},{"start":{},"end":{}}],"line":195},"20":{"loc":{"start":{"line":204,"column":4},"end":{"line":217,"column":null}},"type":"if","locations":[{"start":{"line":204,"column":4},"end":{"line":217,"column":null}},{"start":{},"end":{}}],"line":204},"21":{"loc":{"start":{"line":207,"column":6},"end":{"line":216,"column":null}},"type":"if","locations":[{"start":{"line":207,"column":6},"end":{"line":216,"column":null}},{"start":{},"end":{}}],"line":207},"22":{"loc":{"start":{"line":221,"column":4},"end":{"line":221,"column":null}},"type":"if","locations":[{"start":{"line":221,"column":4},"end":{"line":221,"column":null}},{"start":{},"end":{}}],"line":221},"23":{"loc":{"start":{"line":225,"column":4},"end":{"line":225,"column":null}},"type":"if","locations":[{"start":{"line":225,"column":4},"end":{"line":225,"column":null}},{"start":{},"end":{}}],"line":225},"24":{"loc":{"start":{"line":229,"column":4},"end":{"line":229,"column":null}},"type":"if","locations":[{"start":{"line":229,"column":4},"end":{"line":229,"column":null}},{"start":{},"end":{}}],"line":229},"25":{"loc":{"start":{"line":233,"column":4},"end":{"line":233,"column":null}},"type":"if","locations":[{"start":{"line":233,"column":4},"end":{"line":233,"column":null}},{"start":{},"end":{}}],"line":233},"26":{"loc":{"start":{"line":237,"column":4},"end":{"line":237,"column":null}},"type":"if","locations":[{"start":{"line":237,"column":4},"end":{"line":237,"column":null}},{"start":{},"end":{}}],"line":237},"27":{"loc":{"start":{"line":241,"column":4},"end":{"line":241,"column":null}},"type":"if","locations":[{"start":{"line":241,"column":4},"end":{"line":241,"column":null}},{"start":{},"end":{}}],"line":241},"28":{"loc":{"start":{"line":245,"column":4},"end":{"line":245,"column":null}},"type":"if","locations":[{"start":{"line":245,"column":4},"end":{"line":245,"column":null}},{"start":{},"end":{}}],"line":245},"29":{"loc":{"start":{"line":249,"column":4},"end":{"line":249,"column":null}},"type":"if","locations":[{"start":{"line":249,"column":4},"end":{"line":249,"column":null}},{"start":{},"end":{}}],"line":249}},"s":{"0":1,"1":1,"2":0,"3":1,"4":0,"5":1,"6":1,"7":1,"8":0,"9":1,"10":0,"11":0,"12":0,"13":0,"14":0,"15":0,"16":0,"17":0,"18":0,"19":0,"20":0,"21":0,"22":0,"23":0,"24":1,"25":1,"26":1,"27":0,"28":0,"29":0,"30":0,"31":0,"32":0,"33":0,"34":0,"35":0,"36":0,"37":0,"38":1,"39":0,"40":0,"41":0,"42":0,"43":0,"44":0,"45":3,"46":3,"47":1,"48":1,"49":1,"50":0,"51":0,"52":0,"53":0,"54":0,"55":0,"56":0,"57":0,"58":0,"59":1,"60":0,"61":0,"62":0,"63":0,"64":1,"65":0,"66":1,"67":0,"68":1,"69":0,"70":1,"71":0,"72":1,"73":0,"74":1,"75":0,"76":1,"77":0,"78":0,"79":0,"80":0,"81":0,"82":1,"83":0,"84":0,"85":0,"86":0,"87":0,"88":0,"89":1,"90":0,"91":3,"92":0,"93":0,"94":0,"95":0,"96":0,"97":0,"98":0,"99":0,"100":0,"101":0,"102":0,"103":3,"104":0,"105":0,"106":0,"107":3,"108":0,"109":0,"110":0,"111":0,"112":0,"113":0,"114":0,"115":0,"116":0,"117":3,"118":1,"119":1,"120":1,"121":1,"122":0,"123":3,"124":1,"125":1,"126":3,"127":0,"128":0,"129":3,"130":1,"131":1,"132":3,"133":0,"134":0,"135":3,"136":0,"137":0,"138":3,"139":0,"140":0,"141":3,"142":0,"143":0,"144":3,"145":0,"146":0,"147":3},"f":{"0":1,"1":0,"2":0,"3":0,"4":0,"5":0,"6":0,"7":0,"8":0,"9":0,"10":0,"11":3,"12":3,"13":0,"14":0,"15":0,"16":0,"17":0,"18":0,"19":0,"20":0,"21":0,"22":0,"23":0,"24":0,"25":0,"26":0,"27":0,"28":0,"29":0,"30":0,"31":1,"32":1,"33":0,"34":1,"35":0,"36":0,"37":0,"38":0,"39":0},"b":{"0":[0,1],"1":[0,1],"2":[1,0],"3":[1,0],"4":[0,0],"5":[0,0],"6":[0,0],"7":[0,0],"8":[0,0],"9":[0,0],"10":[0],"11":[1,2],"12":[3,1],"13":[0,0],"14":[0,0],"15":[0,0],"16":[0,0],"17":[0,0],"18":[0,0],"19":[0,0],"20":[1,0],"21":[0,1],"22":[1,0],"23":[0,0],"24":[1,0],"25":[0,0],"26":[0,0],"27":[0,0],"28":[0,0],"29":[0,0]},"meta":{"lastBranch":30,"lastFunction":40,"lastStatement":148,"seen":{"s:6:6:17:Infinity":0,"f:6:6:6:27":0,"b:7:2:9:Infinity:undefined:undefined:undefined:undefined":0,"s:7:2:9:Infinity":1,"s:8:4:8:Infinity":2,"b:10:2:10:Infinity:undefined:undefined:undefined:undefined":1,"s:10:2:10:Infinity":3,"s:10:37:10:Infinity":4,"s:12:33:12:Infinity":5,"b:13:2:15:Infinity:undefined:undefined:undefined:undefined":2,"s:13:2:15:Infinity":6,"b:13:6:13:34:13:34:13:60":3,"s:14:4:14:Infinity":7,"s:16:2:16:Infinity":8,"s:20:20:20:Infinity":9,"f:22:9:22:21":1,"s:23:2:25:Infinity":10,"s:24:4:24:Infinity":11,"f:28:9:28:23":2,"s:29:2:40:Infinity":12,"s:30:16:30:Infinity":13,"b:31:4:31:Infinity:undefined:undefined:undefined:undefined":4,"s:31:4:31:Infinity":14,"s:31:14:31:Infinity":15,"s:32:17:32:Infinity":16,"b:33:4:36:Infinity:undefined:undefined:undefined:undefined":5,"s:33:4:36:Infinity":17,"s:34:6:34:Infinity":18,"s:35:6:35:Infinity":19,"s:37:4:37:Infinity":20,"s:39:4:39:Infinity":21,"f:43:9:43:24":3,"s:44:2:44:Infinity":22,"s:44:8:44:46":23,"s:48:19:48:Infinity":24,"s:49:23:49:Infinity":25,"s:51:6:70:Infinity":26,"f:51:6:51:21":4,"s:52:2:69:Infinity":27,"f:52:13:52:22":5,"s:53:4:68:Infinity":28,"f:53:64:53:68":6,"b:54:6:67:Infinity:59:13:67:Infinity":6,"s:54:6:67:Infinity":29,"s:55:8:55:Infinity":30,"s:56:8:56:Infinity":31,"s:57:8:57:Infinity":32,"s:58:8:58:Infinity":33,"b:59:13:67:Infinity:65:13:67:Infinity":7,"s:59:13:67:Infinity":34,"b:59:17:59:56:59:56:59:73":8,"s:60:8:64:Infinity":35,"f:60:8:60:25":7,"s:61:10:63:Infinity":36,"s:66:8:66:Infinity":37,"b:66:15:66:33:66:33:66:49":9,"s:72:6:81:Infinity":38,"f:72:6:72:23":8,"b:72:79:72:85":10,"s:73:2:80:Infinity":39,"f:74:5:74:16":9,"s:74:16:74:64":40,"f:75:5:75:17":10,"s:76:6:76:Infinity":41,"s:77:6:77:Infinity":42,"s:78:6:78:Infinity":43,"s:79:6:79:Infinity":44,"f:83:16:83:28":11,"s:84:2:165:Infinity":45,"f:84:2:84:18":12,"b:85:4:164:Infinity:undefined:undefined:undefined:undefined":11,"s:85:4:164:Infinity":46,"b:85:8:85:25:85:25:85:56":12,"s:86:21:93:Infinity":47,"s:95:6:95:Infinity":48,"s:97:6:110:Infinity":49,"f:97:16:97:33":13,"s:98:8:98:Infinity":50,"s:99:8:99:Infinity":51,"s:100:8:100:Infinity":52,"s:102:24:102:Infinity":53,"b:102:24:102:44:102:44:102:Infinity":13,"b:103:8:109:Infinity:107:15:109:Infinity":14,"s:103:8:109:Infinity":54,"s:104:10:104:Infinity":55,"s:105:10:105:Infinity":56,"s:106:10:106:Infinity":57,"s:108:10:108:Infinity":58,"s:112:6:118:Infinity":59,"f:112:16:112:31":14,"s:113:8:113:Infinity":60,"s:114:8:114:Infinity":61,"b:115:8:117:Infinity:undefined:undefined:undefined:undefined":15,"s:115:8:117:Infinity":62,"s:116:10:116:Infinity":63,"s:120:6:122:Infinity":64,"f:120:16:120:38":15,"s:121:8:121:Infinity":65,"s:124:6:126:Infinity":66,"f:124:16:124:39":16,"s:125:8:125:Infinity":67,"s:128:6:130:Infinity":68,"f:128:16:128:36":17,"s:129:8:129:Infinity":69,"s:132:6:134:Infinity":70,"f:132:16:132:39":18,"s:133:8:133:Infinity":71,"s:136:6:138:Infinity":72,"f:136:16:136:39":19,"s:137:8:137:Infinity":73,"s:140:6:142:Infinity":74,"f:140:16:140:34":20,"s:141:8:141:Infinity":75,"s:144:6:150:Infinity":76,"f:144:16:144:39":21,"s:145:8:145:Infinity":77,"s:146:8:146:Infinity":78,"s:147:8:147:Infinity":79,"s:148:8:148:Infinity":80,"s:149:8:149:Infinity":81,"s:152:6:159:Infinity":82,"f:152:16:152:42":22,"s:153:8:153:Infinity":83,"s:154:8:154:Infinity":84,"s:155:8:155:Infinity":85,"s:156:8:156:Infinity":86,"s:157:8:157:Infinity":87,"s:158:8:158:Infinity":88,"s:161:6:163:Infinity":89,"f:161:16:161:34":23,"s:162:8:162:Infinity":90,"s:167:21:182:Infinity":91,"f:167:21:167:34":24,"s:168:4:181:Infinity":92,"f:168:15:168:24":25,"b:169:6:169:Infinity:undefined:undefined:undefined:undefined":16,"s:169:6:169:Infinity":93,"s:169:25:169:Infinity":94,"s:170:6:180:Infinity":95,"f:170:82:170:86":26,"b:171:8:179:Infinity:177:15:179:Infinity":17,"s:171:8:179:Infinity":96,"s:172:10:172:Infinity":97,"s:173:25:173:Infinity":98,"s:174:10:174:Infinity":99,"s:175:10:175:Infinity":100,"s:176:10:176:Infinity":101,"s:178:10:178:Infinity":102,"s:184:19:187:Infinity":103,"f:184:19:184:32":27,"b:185:4:185:Infinity:undefined:undefined:undefined:undefined":18,"s:185:4:185:Infinity":104,"s:185:23:185:Infinity":105,"s:186:4:186:Infinity":106,"s:189:20:201:Infinity":107,"f:189:20:189:38":28,"s:190:4:200:Infinity":108,"f:190:15:190:24":29,"s:191:6:191:Infinity":109,"s:192:6:192:Infinity":110,"s:193:6:193:Infinity":111,"b:195:6:195:Infinity:undefined:undefined:undefined:undefined":19,"s:195:6:195:Infinity":112,"s:195:27:195:38":113,"s:195:38:195:46":114,"s:197:6:199:Infinity":115,"f:197:24:197:44":30,"s:198:8:198:Infinity":116,"s:203:23:218:Infinity":117,"f:203:23:203:36":31,"b:204:4:217:Infinity:undefined:undefined:undefined:undefined":20,"s:204:4:217:Infinity":118,"s:205:6:205:Infinity":119,"s:206:27:206:Infinity":120,"b:207:6:216:Infinity:undefined:undefined:undefined:undefined":21,"s:207:6:216:Infinity":121,"s:208:8:215:Infinity":122,"s:220:26:222:Infinity":123,"f:220:26:220:39":32,"b:221:4:221:Infinity:undefined:undefined:undefined:undefined":22,"s:221:4:221:Infinity":124,"s:221:22:221:Infinity":125,"s:224:23:226:Infinity":126,"f:224:23:224:36":33,"b:225:4:225:Infinity:undefined:undefined:undefined:undefined":23,"s:225:4:225:Infinity":127,"s:225:22:225:Infinity":128,"s:228:21:230:Infinity":129,"f:228:21:228:34":34,"b:229:4:229:Infinity:undefined:undefined:undefined:undefined":24,"s:229:4:229:Infinity":130,"s:229:22:229:Infinity":131,"s:232:26:234:Infinity":132,"f:232:26:232:39":35,"b:233:4:233:Infinity:undefined:undefined:undefined:undefined":25,"s:233:4:233:Infinity":133,"s:233:22:233:Infinity":134,"s:236:19:238:Infinity":135,"f:236:19:236:37":36,"b:237:4:237:Infinity:undefined:undefined:undefined:undefined":26,"s:237:4:237:Infinity":136,"s:237:22:237:Infinity":137,"s:240:19:242:Infinity":138,"f:240:19:240:32":37,"b:241:4:241:Infinity:undefined:undefined:undefined:undefined":27,"s:241:4:241:Infinity":139,"s:241:22:241:Infinity":140,"s:244:23:246:Infinity":141,"f:244:23:244:36":38,"b:245:4:245:Infinity:undefined:undefined:undefined:undefined":28,"s:245:4:245:Infinity":142,"s:245:22:245:Infinity":143,"s:248:29:250:Infinity":144,"f:248:29:248:42":39,"b:249:4:249:Infinity:undefined:undefined:undefined:undefined":29,"s:249:4:249:Infinity":145,"s:249:22:249:Infinity":146,"s:252:2:266:Infinity":147},"fnNames":{}}}
,"D:\\Projects\\Agentic Projects\\Together\\client\\src\\lib\\supabase.js": {"path":"D:\\Projects\\Agentic Projects\\Together\\client\\src\\lib\\supabase.js","statementMap":{"0":{"start":{"line":3,"column":20},"end":{"line":3,"column":null}},"1":{"start":{"line":4,"column":24},"end":{"line":4,"column":null}},"2":{"start":{"line":7,"column":24},"end":{"line":7,"column":null}}},"fnMap":{},"branchMap":{"0":{"loc":{"start":{"line":3,"column":20},"end":{"line":3,"column":null}},"type":"binary-expr","locations":[{"start":{"line":3,"column":20},"end":{"line":3,"column":60}},{"start":{"line":3,"column":60},"end":{"line":3,"column":null}}],"line":3},"1":{"loc":{"start":{"line":4,"column":24},"end":{"line":4,"column":null}},"type":"binary-expr","locations":[{"start":{"line":4,"column":24},"end":{"line":4,"column":69}},{"start":{"line":4,"column":69},"end":{"line":4,"column":null}}],"line":4}},"s":{"0":0,"1":0,"2":0},"f":{},"b":{"0":[0,0],"1":[0,0]},"meta":{"lastBranch":2,"lastFunction":0,"lastStatement":3,"seen":{"s:3:20:3:Infinity":0,"b:3:20:3:60:3:60:3:Infinity":0,"s:4:24:4:Infinity":1,"b:4:24:4:69:4:69:4:Infinity":1,"s:7:24:7:Infinity":2},"fnNames":{}}}
,"D:\\Projects\\Agentic Projects\\Together\\client\\src\\store\\useRoomStore.js": {"path":"D:\\Projects\\Agentic Projects\\Together\\client\\src\\store\\useRoomStore.js","statementMap":{"0":{"start":{"line":3,"column":28},"end":{"line":39,"column":null}},"1":{"start":{"line":3,"column":45},"end":{"line":39,"column":2}},"2":{"start":{"line":5,"column":27},"end":{"line":5,"column":null}},"3":{"start":{"line":8,"column":23},"end":{"line":8,"column":null}},"4":{"start":{"line":11,"column":30},"end":{"line":11,"column":null}},"5":{"start":{"line":14,"column":33},"end":{"line":14,"column":null}},"6":{"start":{"line":17,"column":31},"end":{"line":17,"column":null}},"7":{"start":{"line":20,"column":37},"end":{"line":20,"column":null}},"8":{"start":{"line":22,"column":34},"end":{"line":38,"column":null}},"9":{"start":{"line":23,"column":4},"end":{"line":23,"column":null}},"10":{"start":{"line":23,"column":26},"end":{"line":23,"column":null}},"11":{"start":{"line":24,"column":26},"end":{"line":24,"column":null}},"12":{"start":{"line":24,"column":64},"end":{"line":24,"column":83}},"13":{"start":{"line":25,"column":4},"end":{"line":25,"column":null}},"14":{"start":{"line":25,"column":23},"end":{"line":25,"column":null}},"15":{"start":{"line":27,"column":23},"end":{"line":27,"column":null}},"16":{"start":{"line":28,"column":4},"end":{"line":30,"column":null}},"17":{"start":{"line":29,"column":6},"end":{"line":29,"column":null}},"18":{"start":{"line":32,"column":4},"end":{"line":37,"column":null}}},"fnMap":{"0":{"name":"(anonymous_0)","decl":{"start":{"line":3,"column":28},"end":{"line":3,"column":36}},"loc":{"start":{"line":3,"column":45},"end":{"line":39,"column":2}},"line":3},"1":{"name":"(anonymous_1)","decl":{"start":{"line":5,"column":2},"end":{"line":5,"column":17}},"loc":{"start":{"line":5,"column":27},"end":{"line":5,"column":null}},"line":5},"2":{"name":"(anonymous_2)","decl":{"start":{"line":8,"column":2},"end":{"line":8,"column":16}},"loc":{"start":{"line":8,"column":23},"end":{"line":8,"column":null}},"line":8},"3":{"name":"(anonymous_3)","decl":{"start":{"line":11,"column":2},"end":{"line":11,"column":19}},"loc":{"start":{"line":11,"column":30},"end":{"line":11,"column":null}},"line":11},"4":{"name":"(anonymous_4)","decl":{"start":{"line":14,"column":2},"end":{"line":14,"column":22}},"loc":{"start":{"line":14,"column":33},"end":{"line":14,"column":null}},"line":14},"5":{"name":"(anonymous_5)","decl":{"start":{"line":17,"column":2},"end":{"line":17,"column":20}},"loc":{"start":{"line":17,"column":31},"end":{"line":17,"column":null}},"line":17},"6":{"name":"(anonymous_6)","decl":{"start":{"line":20,"column":2},"end":{"line":20,"column":27}},"loc":{"start":{"line":20,"column":37},"end":{"line":20,"column":null}},"line":20},"7":{"name":"(anonymous_7)","decl":{"start":{"line":22,"column":2},"end":{"line":22,"column":22}},"loc":{"start":{"line":22,"column":34},"end":{"line":38,"column":null}},"line":22},"8":{"name":"(anonymous_8)","decl":{"start":{"line":22,"column":34},"end":{"line":22,"column":39}},"loc":{"start":{"line":22,"column":49},"end":{"line":38,"column":3}},"line":22},"9":{"name":"(anonymous_9)","decl":{"start":{"line":24,"column":54},"end":{"line":24,"column":59}},"loc":{"start":{"line":24,"column":64},"end":{"line":24,"column":83}},"line":24}},"branchMap":{"0":{"loc":{"start":{"line":23,"column":4},"end":{"line":23,"column":null}},"type":"if","locations":[{"start":{"line":23,"column":4},"end":{"line":23,"column":null}},{"start":{},"end":{}}],"line":23},"1":{"loc":{"start":{"line":25,"column":4},"end":{"line":25,"column":null}},"type":"if","locations":[{"start":{"line":25,"column":4},"end":{"line":25,"column":null}},{"start":{},"end":{}}],"line":25},"2":{"loc":{"start":{"line":28,"column":4},"end":{"line":30,"column":null}},"type":"if","locations":[{"start":{"line":28,"column":4},"end":{"line":30,"column":null}},{"start":{},"end":{}}],"line":28}},"s":{"0":3,"1":3,"2":3,"3":1,"4":1,"5":1,"6":1,"7":1,"8":3,"9":3,"10":1,"11":2,"12":2,"13":2,"14":1,"15":1,"16":1,"17":0,"18":1},"f":{"0":3,"1":3,"2":1,"3":1,"4":1,"5":1,"6":1,"7":3,"8":3,"9":2},"b":{"0":[1,2],"1":[1,1],"2":[0,1]},"meta":{"lastBranch":3,"lastFunction":10,"lastStatement":19,"seen":{"s:3:28:39:Infinity":0,"f:3:28:3:36":0,"s:3:45:39:2":1,"f:5:2:5:17":1,"s:5:27:5:Infinity":2,"f:8:2:8:16":2,"s:8:23:8:Infinity":3,"f:11:2:11:19":3,"s:11:30:11:Infinity":4,"f:14:2:14:22":4,"s:14:33:14:Infinity":5,"f:17:2:17:20":5,"s:17:31:17:Infinity":6,"f:20:2:20:27":6,"s:20:37:20:Infinity":7,"f:22:2:22:22":7,"s:22:34:38:Infinity":8,"f:22:34:22:39":8,"b:23:4:23:Infinity:undefined:undefined:undefined:undefined":0,"s:23:4:23:Infinity":9,"s:23:26:23:Infinity":10,"s:24:26:24:Infinity":11,"f:24:54:24:59":9,"s:24:64:24:83":12,"b:25:4:25:Infinity:undefined:undefined:undefined:undefined":1,"s:25:4:25:Infinity":13,"s:25:23:25:Infinity":14,"s:27:23:27:Infinity":15,"b:28:4:30:Infinity:undefined:undefined:undefined:undefined":2,"s:28:4:30:Infinity":16,"s:29:6:29:Infinity":17,"s:32:4:37:Infinity":18},"fnNames":{}}}
,"D:\\Projects\\Agentic Projects\\Together\\client\\src\\store\\useUIStore.js": {"path":"D:\\Projects\\Agentic Projects\\Together\\client\\src\\store\\useUIStore.js","statementMap":{"0":{"start":{"line":3,"column":26},"end":{"line":17,"column":null}},"1":{"start":{"line":3,"column":43},"end":{"line":17,"column":2}},"2":{"start":{"line":6,"column":15},"end":{"line":6,"column":null}},"3":{"start":{"line":7,"column":4},"end":{"line":7,"column":null}},"4":{"start":{"line":7,"column":20},"end":{"line":7,"column":75}},"5":{"start":{"line":9,"column":4},"end":{"line":11,"column":null}},"6":{"start":{"line":10,"column":6},"end":{"line":10,"column":null}},"7":{"start":{"line":10,"column":22},"end":{"line":10,"column":74}},"8":{"start":{"line":10,"column":59},"end":{"line":10,"column":70}},"9":{"start":{"line":13,"column":23},"end":{"line":13,"column":null}},"10":{"start":{"line":13,"column":39},"end":{"line":13,"column":91}},"11":{"start":{"line":13,"column":76},"end":{"line":13,"column":87}},"12":{"start":{"line":16,"column":37},"end":{"line":16,"column":null}}},"fnMap":{"0":{"name":"(anonymous_0)","decl":{"start":{"line":3,"column":26},"end":{"line":3,"column":34}},"loc":{"start":{"line":3,"column":43},"end":{"line":17,"column":2}},"line":3},"1":{"name":"(anonymous_1)","decl":{"start":{"line":5,"column":2},"end":{"line":5,"column":25}},"loc":{"start":{"line":5,"column":42},"end":{"line":12,"column":null}},"line":5},"2":{"name":"(anonymous_2)","decl":{"start":{"line":7,"column":4},"end":{"line":7,"column":9}},"loc":{"start":{"line":7,"column":20},"end":{"line":7,"column":75}},"line":7},"3":{"name":"(anonymous_3)","decl":{"start":{"line":9,"column":4},"end":{"line":9,"column":21}},"loc":{"start":{"line":9,"column":21},"end":{"line":11,"column":7}},"line":9},"4":{"name":"(anonymous_4)","decl":{"start":{"line":10,"column":6},"end":{"line":10,"column":11}},"loc":{"start":{"line":10,"column":22},"end":{"line":10,"column":74}},"line":10},"5":{"name":"(anonymous_5)","decl":{"start":{"line":10,"column":45},"end":{"line":10,"column":53}},"loc":{"start":{"line":10,"column":59},"end":{"line":10,"column":70}},"line":10},"6":{"name":"(anonymous_6)","decl":{"start":{"line":13,"column":2},"end":{"line":13,"column":16}},"loc":{"start":{"line":13,"column":23},"end":{"line":13,"column":null}},"line":13},"7":{"name":"(anonymous_7)","decl":{"start":{"line":13,"column":23},"end":{"line":13,"column":28}},"loc":{"start":{"line":13,"column":39},"end":{"line":13,"column":91}},"line":13},"8":{"name":"(anonymous_8)","decl":{"start":{"line":13,"column":62},"end":{"line":13,"column":70}},"loc":{"start":{"line":13,"column":76},"end":{"line":13,"column":87}},"line":13},"9":{"name":"(anonymous_9)","decl":{"start":{"line":16,"column":2},"end":{"line":16,"column":24}},"loc":{"start":{"line":16,"column":37},"end":{"line":16,"column":null}},"line":16}},"branchMap":{},"s":{"0":3,"1":3,"2":3,"3":3,"4":3,"5":3,"6":1,"7":1,"8":1,"9":1,"10":1,"11":2,"12":1},"f":{"0":3,"1":3,"2":3,"3":1,"4":1,"5":1,"6":1,"7":1,"8":2,"9":1},"b":{},"meta":{"lastBranch":0,"lastFunction":10,"lastStatement":13,"seen":{"s:3:26:17:Infinity":0,"f:3:26:3:34":0,"s:3:43:17:2":1,"f:5:2:5:25":1,"s:6:15:6:Infinity":2,"s:7:4:7:Infinity":3,"f:7:4:7:9":2,"s:7:20:7:75":4,"s:9:4:11:Infinity":5,"f:9:4:9:21":3,"s:10:6:10:Infinity":6,"f:10:6:10:11":4,"s:10:22:10:74":7,"f:10:45:10:53":5,"s:10:59:10:70":8,"f:13:2:13:16":6,"s:13:23:13:Infinity":9,"f:13:23:13:28":7,"s:13:39:13:91":10,"f:13:62:13:70":8,"s:13:76:13:87":11,"f:16:2:16:24":9,"s:16:37:16:Infinity":12},"fnNames":{}}}
}
