{"D:\\Projects\\Agentic Projects\\Together\\client\\src\\app\\error.jsx": {"path":"D:\\Projects\\Agentic Projects\\Together\\client\\src\\app\\error.jsx","statementMap":{"0":{"start":{"line":1,"column":0},"end":{"line":1,"column":null}},"1":{"start":{"line":7,"column":2},"end":{"line":9,"column":null}},"2":{"start":{"line":8,"column":4},"end":{"line":8,"column":null}},"3":{"start":{"line":11,"column":25},"end":{"line":13,"column":null}},"4":{"start":{"line":15,"column":2},"end":{"line":96,"column":null}},"5":{"start":{"line":67,"column":33},"end":{"line":67,"column":87}},"6":{"start":{"line":68,"column":33},"end":{"line":68,"column":84}},"7":{"start":{"line":76,"column":29},"end":{"line":76,"column":57}},"8":{"start":{"line":84,"column":33},"end":{"line":84,"column":80}},"9":{"start":{"line":84,"column":80},"end":{"line":84,"column":121}},"10":{"start":{"line":85,"column":33},"end":{"line":85,"column":80}},"11":{"start":{"line":85,"column":80},"end":{"line":85,"column":121}}},"fnMap":{"0":{"name":"ErrorPage","decl":{"start":{"line":6,"column":24},"end":{"line":6,"column":34}},"loc":{"start":{"line":6,"column":52},"end":{"line":98,"column":null}},"line":6},"1":{"name":"(anonymous_1)","decl":{"start":{"line":7,"column":2},"end":{"line":7,"column":18}},"loc":{"start":{"line":7,"column":18},"end":{"line":9,"column":5}},"line":7},"2":{"name":"(anonymous_2)","decl":{"start":{"line":67,"column":12},"end":{"line":67,"column":26}},"loc":{"start":{"line":67,"column":31},"end":{"line":67,"column":null}},"line":67},"3":{"name":"(anonymous_3)","decl":{"start":{"line":68,"column":12},"end":{"line":68,"column":26}},"loc":{"start":{"line":68,"column":31},"end":{"line":68,"column":null}},"line":68},"4":{"name":"(anonymous_4)","decl":{"start":{"line":76,"column":12},"end":{"line":76,"column":27}},"loc":{"start":{"line":76,"column":27},"end":{"line":76,"column":null}},"line":76},"5":{"name":"(anonymous_5)","decl":{"start":{"line":84,"column":12},"end":{"line":84,"column":26}},"loc":{"start":{"line":84,"column":31},"end":{"line":84,"column":null}},"line":84},"6":{"name":"(anonymous_6)","decl":{"start":{"line":85,"column":12},"end":{"line":85,"column":26}},"loc":{"start":{"line":85,"column":31},"end":{"line":85,"column":null}},"line":85}},"branchMap":{"0":{"loc":{"start":{"line":11,"column":25},"end":{"line":13,"column":null}},"type":"binary-expr","locations":[{"start":{"line":11,"column":25},"end":{"line":11,"column":null}},{"start":{"line":12,"column":4},"end":{"line":12,"column":null}},{"start":{"line":13,"column":4},"end":{"line":13,"column":null}}],"line":11},"1":{"loc":{"start":{"line":35,"column":11},"end":{"line":35,"column":null}},"type":"cond-expr","locations":[{"start":{"line":35,"column":28},"end":{"line":35,"column":48}},{"start":{"line":35,"column":48},"end":{"line":35,"column":null}}],"line":35},"2":{"loc":{"start":{"line":39,"column":11},"end":{"line":41,"column":null}},"type":"cond-expr","locations":[{"start":{"line":40,"column":14},"end":{"line":40,"column":null}},{"start":{"line":41,"column":14},"end":{"line":41,"column":null}}],"line":39},"3":{"loc":{"start":{"line":44,"column":34},"end":{"line":52,"column":null}},"type":"binary-expr","locations":[{"start":{"line":44,"column":34},"end":{"line":44,"column":51}},{"start":{"line":44,"column":51},"end":{"line":44,"column":null}},{"start":{"line":45,"column":10},"end":{"line":52,"column":null}}],"line":44}},"s":{"0":0,"1":0,"2":0,"3":0,"4":0,"5":0,"6":0,"7":0,"8":0,"9":0,"10":0,"11":0},"f":{"0":0,"1":0,"2":0,"3":0,"4":0,"5":0,"6":0},"b":{"0":[0,0,0],"1":[0,0],"2":[0,0],"3":[0,0,0]},"meta":{"lastBranch":4,"lastFunction":7,"lastStatement":12,"seen":{"s:1:0:1:Infinity":0,"f:6:24:6:34":0,"s:7:2:9:Infinity":1,"f:7:2:7:18":1,"s:8:4:8:Infinity":2,"s:11:25:13:Infinity":3,"b:11:25:11:Infinity:12:4:12:Infinity:13:4:13:Infinity":0,"s:15:2:96:Infinity":4,"b:35:28:35:48:35:48:35:Infinity":1,"b:40:14:40:Infinity:41:14:41:Infinity":2,"b:44:34:44:51:44:51:44:Infinity:45:10:52:Infinity":3,"f:67:12:67:26":2,"s:67:33:67:87":5,"f:68:12:68:26":3,"s:68:33:68:84":6,"f:76:12:76:27":4,"s:76:29:76:57":7,"f:84:12:84:26":5,"s:84:33:84:80":8,"s:84:80:84:121":9,"f:85:12:85:26":6,"s:85:33:85:80":10,"s:85:80:85:121":11},"fnNames":{}}}
,"D:\\Projects\\Agentic Projects\\Together\\client\\src\\app\\global-error.jsx": {"path":"D:\\Projects\\Agentic Projects\\Together\\client\\src\\app\\global-error.jsx","statementMap":{"0":{"start":{"line":1,"column":0},"end":{"line":1,"column":null}},"1":{"start":{"line":7,"column":2},"end":{"line":62,"column":null}},"2":{"start":{"line":48,"column":35},"end":{"line":48,"column":89}},"3":{"start":{"line":49,"column":35},"end":{"line":49,"column":86}}},"fnMap":{"0":{"name":"GlobalError","decl":{"start":{"line":6,"column":24},"end":{"line":6,"column":36}},"loc":{"start":{"line":6,"column":54},"end":{"line":64,"column":null}},"line":6},"1":{"name":"(anonymous_1)","decl":{"start":{"line":48,"column":14},"end":{"line":48,"column":28}},"loc":{"start":{"line":48,"column":33},"end":{"line":48,"column":null}},"line":48},"2":{"name":"(anonymous_2)","decl":{"start":{"line":49,"column":14},"end":{"line":49,"column":28}},"loc":{"start":{"line":49,"column":33},"end":{"line":49,"column":null}},"line":49}},"branchMap":{},"s":{"0":0,"1":0,"2":0,"3":0},"f":{"0":0,"1":0,"2":0},"b":{},"meta":{"lastBranch":0,"lastFunction":3,"lastStatement":4,"seen":{"s:1:0:1:Infinity":0,"f:6:24:6:36":0,"s:7:2:62:Infinity":1,"f:48:14:48:28":1,"s:48:35:48:89":2,"f:49:14:49:28":2,"s:49:35:49:86":3},"fnNames":{}}}
,"D:\\Projects\\Agentic Projects\\Together\\client\\src\\app\\not-found.jsx": {"path":"D:\\Projects\\Agentic Projects\\Together\\client\\src\\app\\not-found.jsx","statementMap":{"0":{"start":{"line":1,"column":0},"end":{"line":1,"column":null}},"1":{"start":{"line":7,"column":2},"end":{"line":85,"column":null}},"2":{"start":{"line":65,"column":27},"end":{"line":65,"column":null}},"3":{"start":{"line":73,"column":33},"end":{"line":73,"column":80}},"4":{"start":{"line":73,"column":80},"end":{"line":73,"column":121}},"5":{"start":{"line":74,"column":33},"end":{"line":74,"column":80}},"6":{"start":{"line":74,"column":80},"end":{"line":74,"column":121}}},"fnMap":{"0":{"name":"NotFound","decl":{"start":{"line":6,"column":24},"end":{"line":6,"column":35}},"loc":{"start":{"line":6,"column":35},"end":{"line":87,"column":null}},"line":6},"1":{"name":"(anonymous_1)","decl":{"start":{"line":65,"column":12},"end":{"line":65,"column":27}},"loc":{"start":{"line":65,"column":27},"end":{"line":65,"column":null}},"line":65},"2":{"name":"(anonymous_2)","decl":{"start":{"line":73,"column":12},"end":{"line":73,"column":26}},"loc":{"start":{"line":73,"column":31},"end":{"line":73,"column":null}},"line":73},"3":{"name":"(anonymous_3)","decl":{"start":{"line":74,"column":12},"end":{"line":74,"column":26}},"loc":{"start":{"line":74,"column":31},"end":{"line":74,"column":null}},"line":74}},"branchMap":{},"s":{"0":0,"1":0,"2":0,"3":0,"4":0,"5":0,"6":0},"f":{"0":0,"1":0,"2":0,"3":0},"b":{},"meta":{"lastBranch":0,"lastFunction":4,"lastStatement":7,"seen":{"s:1:0:1:Infinity":0,"f:6:24:6:35":0,"s:7:2:85:Infinity":1,"f:65:12:65:27":1,"s:65:27:65:Infinity":2,"f:73:12:73:26":2,"s:73:33:73:80":3,"s:73:80:73:121":4,"f:74:12:74:26":3,"s:74:33:74:80":5,"s:74:80:74:121":6},"fnNames":{}}}
,"D:\\Projects\\Agentic Projects\\Together\\client\\src\\components\\chat\\ChatPanel.jsx": {"path":"D:\\Projects\\Agentic Projects\\Together\\client\\src\\components\\chat\\ChatPanel.jsx","statementMap":{"0":{"start":{"line":10,"column":20},"end":{"line":10,"column":null}},"1":{"start":{"line":12,"column":25},"end":{"line":277,"column":null}},"2":{"start":{"line":13,"column":22},"end":{"line":13,"column":null}},"3":{"start":{"line":13,"column":44},"end":{"line":13,"column":78}},"4":{"start":{"line":14,"column":19},"end":{"line":14,"column":null}},"5":{"start":{"line":14,"column":41},"end":{"line":14,"column":55}},"6":{"start":{"line":15,"column":24},"end":{"line":15,"column":null}},"7":{"start":{"line":15,"column":46},"end":{"line":15,"column":120}},"8":{"start":{"line":15,"column":82},"end":{"line":15,"column":119}},"9":{"start":{"line":16,"column":19},"end":{"line":16,"column":null}},"10":{"start":{"line":17,"column":27},"end":{"line":17,"column":null}},"11":{"start":{"line":17,"column":47},"end":{"line":17,"column":69}},"12":{"start":{"line":18,"column":75},"end":{"line":18,"column":85}},"13":{"start":{"line":19,"column":36},"end":{"line":19,"column":null}},"14":{"start":{"line":20,"column":46},"end":{"line":20,"column":null}},"15":{"start":{"line":21,"column":27},"end":{"line":21,"column":null}},"16":{"start":{"line":22,"column":19},"end":{"line":22,"column":null}},"17":{"start":{"line":24,"column":25},"end":{"line":29,"column":null}},"18":{"start":{"line":26,"column":28},"end":{"line":26,"column":null}},"19":{"start":{"line":27,"column":24},"end":{"line":27,"column":null}},"20":{"start":{"line":33,"column":2},"end":{"line":61,"column":null}},"21":{"start":{"line":34,"column":4},"end":{"line":34,"column":null}},"22":{"start":{"line":34,"column":65},"end":{"line":34,"column":null}},"23":{"start":{"line":36,"column":27},"end":{"line":36,"column":null}},"24":{"start":{"line":38,"column":10},"end":{"line":53,"column":null}},"25":{"start":{"line":39,"column":17},"end":{"line":39,"column":null}},"26":{"start":{"line":41,"column":29},"end":{"line":44,"column":null}},"27":{"start":{"line":45,"column":6},"end":{"line":45,"column":null}},"28":{"start":{"line":48,"column":6},"end":{"line":52,"column":null}},"29":{"start":{"line":49,"column":8},"end":{"line":51,"column":null}},"30":{"start":{"line":50,"column":10},"end":{"line":50,"column":null}},"31":{"start":{"line":55,"column":4},"end":{"line":55,"column":null}},"32":{"start":{"line":56,"column":4},"end":{"line":56,"column":null}},"33":{"start":{"line":57,"column":4},"end":{"line":60,"column":null}},"34":{"start":{"line":58,"column":6},"end":{"line":58,"column":null}},"35":{"start":{"line":59,"column":6},"end":{"line":59,"column":null}},"36":{"start":{"line":63,"column":2},"end":{"line":67,"column":null}},"37":{"start":{"line":64,"column":4},"end":{"line":66,"column":null}},"38":{"start":{"line":65,"column":6},"end":{"line":65,"column":null}},"39":{"start":{"line":69,"column":8},"end":{"line":74,"column":null}},"40":{"start":{"line":70,"column":4},"end":{"line":70,"column":null}},"41":{"start":{"line":71,"column":4},"end":{"line":71,"column":null}},"42":{"start":{"line":71,"column":27},"end":{"line":71,"column":null}},"43":{"start":{"line":72,"column":4},"end":{"line":72,"column":null}},"44":{"start":{"line":73,"column":4},"end":{"line":73,"column":null}},"45":{"start":{"line":77,"column":28},"end":{"line":77,"column":null}},"46":{"start":{"line":78,"column":20},"end":{"line":78,"column":null}},"47":{"start":{"line":81,"column":21},"end":{"line":83,"column":null}},"48":{"start":{"line":84,"column":30},"end":{"line":84,"column":null}},"49":{"start":{"line":86,"column":2},"end":{"line":275,"column":null}},"50":{"start":{"line":158,"column":26},"end":{"line":158,"column":null}},"51":{"start":{"line":160,"column":14},"end":{"line":176,"column":null}},"52":{"start":{"line":161,"column":16},"end":{"line":174,"column":null}},"53":{"start":{"line":178,"column":14},"end":{"line":234,"column":null}},"54":{"start":{"line":261,"column":27},"end":{"line":261,"column":null}}},"fnMap":{"0":{"name":"ChatPanel","decl":{"start":{"line":12,"column":39},"end":{"line":12,"column":51}},"loc":{"start":{"line":12,"column":51},"end":{"line":277,"column":1}},"line":12},"1":{"name":"(anonymous_1)","decl":{"start":{"line":13,"column":22},"end":{"line":13,"column":35}},"loc":{"start":{"line":13,"column":44},"end":{"line":13,"column":78}},"line":13},"2":{"name":"(anonymous_2)","decl":{"start":{"line":14,"column":19},"end":{"line":14,"column":32}},"loc":{"start":{"line":14,"column":41},"end":{"line":14,"column":55}},"line":14},"3":{"name":"(anonymous_3)","decl":{"start":{"line":15,"column":24},"end":{"line":15,"column":37}},"loc":{"start":{"line":15,"column":46},"end":{"line":15,"column":120}},"line":15},"4":{"name":"(anonymous_4)","decl":{"start":{"line":15,"column":72},"end":{"line":15,"column":77}},"loc":{"start":{"line":15,"column":82},"end":{"line":15,"column":119}},"line":15},"5":{"name":"(anonymous_5)","decl":{"start":{"line":17,"column":27},"end":{"line":17,"column":38}},"loc":{"start":{"line":17,"column":47},"end":{"line":17,"column":69}},"line":17},"6":{"name":"(anonymous_6)","decl":{"start":{"line":26,"column":4},"end":{"line":26,"column":28}},"loc":{"start":{"line":26,"column":28},"end":{"line":26,"column":null}},"line":26},"7":{"name":"(anonymous_7)","decl":{"start":{"line":27,"column":4},"end":{"line":27,"column":24}},"loc":{"start":{"line":27,"column":24},"end":{"line":27,"column":null}},"line":27},"8":{"name":"(anonymous_8)","decl":{"start":{"line":33,"column":2},"end":{"line":33,"column":18}},"loc":{"start":{"line":33,"column":18},"end":{"line":61,"column":5}},"line":33},"9":{"name":"(anonymous_9)","decl":{"start":{"line":38,"column":10},"end":{"line":38,"column":35}},"loc":{"start":{"line":38,"column":35},"end":{"line":53,"column":null}},"line":38},"10":{"name":"(anonymous_10)","decl":{"start":{"line":49,"column":8},"end":{"line":49,"column":25}},"loc":{"start":{"line":49,"column":25},"end":{"line":51,"column":11}},"line":49},"11":{"name":"(anonymous_11)","decl":{"start":{"line":57,"column":4},"end":{"line":57,"column":17}},"loc":{"start":{"line":57,"column":17},"end":{"line":60,"column":null}},"line":57},"12":{"name":"(anonymous_12)","decl":{"start":{"line":63,"column":2},"end":{"line":63,"column":18}},"loc":{"start":{"line":63,"column":18},"end":{"line":67,"column":5}},"line":63},"13":{"name":"(anonymous_13)","decl":{"start":{"line":69,"column":8},"end":{"line":69,"column":22}},"loc":{"start":{"line":69,"column":28},"end":{"line":74,"column":null}},"line":69},"14":{"name":"(anonymous_14)","decl":{"start":{"line":157,"column":46},"end":{"line":157,"column":51}},"loc":{"start":{"line":157,"column":66},"end":{"line":236,"column":13}},"line":157},"15":{"name":"(anonymous_15)","decl":{"start":{"line":261,"column":10},"end":{"line":261,"column":21}},"loc":{"start":{"line":261,"column":27},"end":{"line":261,"column":null}},"line":261}},"branchMap":{"0":{"loc":{"start":{"line":13,"column":44},"end":{"line":13,"column":78}},"type":"binary-expr","locations":[{"start":{"line":13,"column":44},"end":{"line":13,"column":76}},{"start":{"line":13,"column":76},"end":{"line":13,"column":78}}],"line":13},"1":{"loc":{"start":{"line":34,"column":4},"end":{"line":34,"column":null}},"type":"if","locations":[{"start":{"line":34,"column":4},"end":{"line":34,"column":null}},{"start":{},"end":{}}],"line":34},"2":{"loc":{"start":{"line":34,"column":8},"end":{"line":34,"column":65}},"type":"binary-expr","locations":[{"start":{"line":34,"column":8},"end":{"line":34,"column":41}},{"start":{"line":34,"column":41},"end":{"line":34,"column":65}}],"line":34},"3":{"loc":{"start":{"line":48,"column":6},"end":{"line":52,"column":null}},"type":"if","locations":[{"start":{"line":48,"column":6},"end":{"line":52,"column":null}},{"start":{},"end":{}}],"line":48},"4":{"loc":{"start":{"line":48,"column":10},"end":{"line":48,"column":84}},"type":"binary-expr","locations":[{"start":{"line":48,"column":10},"end":{"line":48,"column":32}},{"start":{"line":48,"column":32},"end":{"line":48,"column":60}},{"start":{"line":48,"column":60},"end":{"line":48,"column":84}}],"line":48},"5":{"loc":{"start":{"line":64,"column":4},"end":{"line":66,"column":null}},"type":"if","locations":[{"start":{"line":64,"column":4},"end":{"line":66,"column":null}},{"start":{},"end":{}}],"line":64},"6":{"loc":{"start":{"line":64,"column":8},"end":{"line":64,"column":60}},"type":"binary-expr","locations":[{"start":{"line":64,"column":8},"end":{"line":64,"column":36}},{"start":{"line":64,"column":36},"end":{"line":64,"column":60}}],"line":64},"7":{"loc":{"start":{"line":71,"column":4},"end":{"line":71,"column":null}},"type":"if","locations":[{"start":{"line":71,"column":4},"end":{"line":71,"column":null}},{"start":{},"end":{}}],"line":71},"8":{"loc":{"start":{"line":81,"column":21},"end":{"line":83,"column":null}},"type":"cond-expr","locations":[{"start":{"line":82,"column":6},"end":{"line":82,"column":null}},{"start":{"line":83,"column":6},"end":{"line":83,"column":null}}],"line":81},"9":{"loc":{"start":{"line":84,"column":51},"end":{"line":84,"column":102}},"type":"cond-expr","locations":[{"start":{"line":84,"column":72},"end":{"line":84,"column":89}},{"start":{"line":84,"column":89},"end":{"line":84,"column":102}}],"line":84},"10":{"loc":{"start":{"line":144,"column":9},"end":{"line":237,"column":null}},"type":"cond-expr","locations":[{"start":{"line":145,"column":10},"end":{"line":150,"column":11}},{"start":{"line":150,"column":10},"end":{"line":237,"column":null}}],"line":144},"11":{"loc":{"start":{"line":160,"column":14},"end":{"line":176,"column":null}},"type":"if","locations":[{"start":{"line":160,"column":14},"end":{"line":176,"column":null}},{"start":{},"end":{}}],"line":160},"12":{"loc":{"start":{"line":188,"column":35},"end":{"line":188,"column":null}},"type":"cond-expr","locations":[{"start":{"line":188,"column":63},"end":{"line":188,"column":79}},{"start":{"line":188,"column":79},"end":{"line":188,"column":null}}],"line":188},"13":{"loc":{"start":{"line":193,"column":21},"end":{"line":201,"column":null}},"type":"cond-expr","locations":[{"start":{"line":194,"column":22},"end":{"line":196,"column":23}},{"start":{"line":196,"column":22},"end":{"line":201,"column":null}}],"line":193},"14":{"loc":{"start":{"line":206,"column":108},"end":{"line":206,"column":162}},"type":"cond-expr","locations":[{"start":{"line":206,"column":136},"end":{"line":206,"column":149}},{"start":{"line":206,"column":149},"end":{"line":206,"column":162}}],"line":206},"15":{"loc":{"start":{"line":207,"column":139},"end":{"line":207,"column":189}},"type":"cond-expr","locations":[{"start":{"line":207,"column":167},"end":{"line":207,"column":183}},{"start":{"line":207,"column":183},"end":{"line":207,"column":189}}],"line":207},"16":{"loc":{"start":{"line":210,"column":31},"end":{"line":210,"column":null}},"type":"binary-expr","locations":[{"start":{"line":210,"column":31},"end":{"line":210,"column":44}},{"start":{"line":210,"column":44},"end":{"line":210,"column":null}}],"line":210},"17":{"loc":{"start":{"line":212,"column":25},"end":{"line":212,"column":null}},"type":"cond-expr","locations":[{"start":{"line":212,"column":53},"end":{"line":212,"column":61}},{"start":{"line":212,"column":61},"end":{"line":212,"column":null}}],"line":212},"18":{"loc":{"start":{"line":214,"column":23},"end":{"line":214,"column":null}},"type":"binary-expr","locations":[{"start":{"line":214,"column":23},"end":{"line":214,"column":37}},{"start":{"line":214,"column":37},"end":{"line":214,"column":null}}],"line":214},"19":{"loc":{"start":{"line":215,"column":23},"end":{"line":215,"column":null}},"type":"binary-expr","locations":[{"start":{"line":215,"column":23},"end":{"line":215,"column":41}},{"start":{"line":215,"column":41},"end":{"line":215,"column":56}},{"start":{"line":215,"column":56},"end":{"line":215,"column":null}}],"line":215},"20":{"loc":{"start":{"line":223,"column":36},"end":{"line":223,"column":null}},"type":"cond-expr","locations":[{"start":{"line":223,"column":64},"end":{"line":223,"column":94}},{"start":{"line":223,"column":94},"end":{"line":223,"column":null}}],"line":223},"21":{"loc":{"start":{"line":224,"column":45},"end":{"line":224,"column":null}},"type":"cond-expr","locations":[{"start":{"line":224,"column":73},"end":{"line":224,"column":102}},{"start":{"line":224,"column":102},"end":{"line":224,"column":null}}],"line":224},"22":{"loc":{"start":{"line":225,"column":38},"end":{"line":227,"column":null}},"type":"cond-expr","locations":[{"start":{"line":226,"column":28},"end":{"line":226,"column":null}},{"start":{"line":227,"column":28},"end":{"line":227,"column":null}}],"line":225},"23":{"loc":{"start":{"line":228,"column":31},"end":{"line":228,"column":null}},"type":"cond-expr","locations":[{"start":{"line":228,"column":59},"end":{"line":228,"column":83}},{"start":{"line":228,"column":83},"end":{"line":228,"column":null}}],"line":228}},"s":{"0":0,"1":0,"2":0,"3":0,"4":0,"5":0,"6":0,"7":0,"8":0,"9":0,"10":0,"11":0,"12":0,"13":0,"14":0,"15":0,"16":0,"17":0,"18":0,"19":0,"20":0,"21":0,"22":0,"23":0,"24":0,"25":0,"26":0,"27":0,"28":0,"29":0,"30":0,"31":0,"32":0,"33":0,"34":0,"35":0,"36":0,"37":0,"38":0,"39":0,"40":0,"41":0,"42":0,"43":0,"44":0,"45":0,"46":0,"47":0,"48":0,"49":0,"50":0,"51":0,"52":0,"53":0,"54":0},"f":{"0":0,"1":0,"2":0,"3":0,"4":0,"5":0,"6":0,"7":0,"8":0,"9":0,"10":0,"11":0,"12":0,"13":0,"14":0,"15":0},"b":{"0":[0,0],"1":[0,0],"2":[0,0],"3":[0,0],"4":[0,0,0],"5":[0,0],"6":[0,0],"7":[0,0],"8":[0,0],"9":[0,0],"10":[0,0],"11":[0,0],"12":[0,0],"13":[0,0],"14":[0,0],"15":[0,0],"16":[0,0],"17":[0,0],"18":[0,0],"19":[0,0,0],"20":[0,0],"21":[0,0],"22":[0,0],"23":[0,0]},"meta":{"lastBranch":24,"lastFunction":16,"lastStatement":55,"seen":{"s:10:20:10:Infinity":0,"s:12:25:277:Infinity":1,"f:12:39:12:51":0,"s:13:22:13:Infinity":2,"f:13:22:13:35":1,"s:13:44:13:78":3,"b:13:44:13:76:13:76:13:78":0,"s:14:19:14:Infinity":4,"f:14:19:14:32":2,"s:14:41:14:55":5,"s:15:24:15:Infinity":6,"f:15:24:15:37":3,"s:15:46:15:120":7,"f:15:72:15:77":4,"s:15:82:15:119":8,"s:16:19:16:Infinity":9,"s:17:27:17:Infinity":10,"f:17:27:17:38":5,"s:17:47:17:69":11,"s:18:75:18:85":12,"s:19:36:19:Infinity":13,"s:20:46:20:Infinity":14,"s:21:27:21:Infinity":15,"s:22:19:22:Infinity":16,"s:24:25:29:Infinity":17,"f:26:4:26:28":6,"s:26:28:26:Infinity":18,"f:27:4:27:24":7,"s:27:24:27:Infinity":19,"s:33:2:61:Infinity":20,"f:33:2:33:18":8,"b:34:4:34:Infinity:undefined:undefined:undefined:undefined":1,"s:34:4:34:Infinity":21,"b:34:8:34:41:34:41:34:65":2,"s:34:65:34:Infinity":22,"s:36:27:36:Infinity":23,"s:38:10:53:Infinity":24,"f:38:10:38:35":9,"s:39:17:39:Infinity":25,"s:41:29:44:Infinity":26,"s:45:6:45:Infinity":27,"b:48:6:52:Infinity:undefined:undefined:undefined:undefined":3,"s:48:6:52:Infinity":28,"b:48:10:48:32:48:32:48:60:48:60:48:84":4,"s:49:8:51:Infinity":29,"f:49:8:49:25":10,"s:50:10:50:Infinity":30,"s:55:4:55:Infinity":31,"s:56:4:56:Infinity":32,"s:57:4:60:Infinity":33,"f:57:4:57:17":11,"s:58:6:58:Infinity":34,"s:59:6:59:Infinity":35,"s:63:2:67:Infinity":36,"f:63:2:63:18":12,"b:64:4:66:Infinity:undefined:undefined:undefined:undefined":5,"s:64:4:66:Infinity":37,"b:64:8:64:36:64:36:64:60":6,"s:65:6:65:Infinity":38,"s:69:8:74:Infinity":39,"f:69:8:69:22":13,"s:70:4:70:Infinity":40,"b:71:4:71:Infinity:undefined:undefined:undefined:undefined":7,"s:71:4:71:Infinity":41,"s:71:27:71:Infinity":42,"s:72:4:72:Infinity":43,"s:73:4:73:Infinity":44,"s:77:28:77:Infinity":45,"s:78:20:78:Infinity":46,"s:81:21:83:Infinity":47,"b:82:6:82:Infinity:83:6:83:Infinity":8,"s:84:30:84:Infinity":48,"b:84:72:84:89:84:89:84:102":9,"s:86:2:275:Infinity":49,"b:145:10:150:11:150:10:237:Infinity":10,"f:157:46:157:51":14,"s:158:26:158:Infinity":50,"b:160:14:176:Infinity:undefined:undefined:undefined:undefined":11,"s:160:14:176:Infinity":51,"s:161:16:174:Infinity":52,"s:178:14:234:Infinity":53,"b:188:63:188:79:188:79:188:Infinity":12,"b:194:22:196:23:196:22:201:Infinity":13,"b:206:136:206:149:206:149:206:162":14,"b:207:167:207:183:207:183:207:189":15,"b:210:31:210:44:210:44:210:Infinity":16,"b:212:53:212:61:212:61:212:Infinity":17,"b:214:23:214:37:214:37:214:Infinity":18,"b:215:23:215:41:215:41:215:56:215:56:215:Infinity":19,"b:223:64:223:94:223:94:223:Infinity":20,"b:224:73:224:102:224:102:224:Infinity":21,"b:226:28:226:Infinity:227:28:227:Infinity":22,"b:228:59:228:83:228:83:228:Infinity":23,"f:261:10:261:21":15,"s:261:27:261:Infinity":54},"fnNames":{}}}
,"D:\\Projects\\Agentic Projects\\Together\\client\\src\\components\\chat\\EmojiReactions.jsx": {"path":"D:\\Projects\\Agentic Projects\\Together\\client\\src\\components\\chat\\EmojiReactions.jsx","statementMap":{"0":{"start":{"line":3,"column":24},"end":{"line":3,"column":null}},"1":{"start":{"line":6,"column":36},"end":{"line":6,"column":null}},"2":{"start":{"line":9,"column":2},"end":{"line":23,"column":null}},"3":{"start":{"line":10,"column":4},"end":{"line":10,"column":null}},"4":{"start":{"line":10,"column":27},"end":{"line":10,"column":null}},"5":{"start":{"line":12,"column":15},"end":{"line":12,"column":null}},"6":{"start":{"line":13,"column":23},"end":{"line":13,"column":null}},"7":{"start":{"line":15,"column":4},"end":{"line":18,"column":null}},"8":{"start":{"line":15,"column":27},"end":{"line":18,"column":5}},"9":{"start":{"line":20,"column":4},"end":{"line":22,"column":null}},"10":{"start":{"line":21,"column":6},"end":{"line":21,"column":null}},"11":{"start":{"line":21,"column":29},"end":{"line":21,"column":60}},"12":{"start":{"line":21,"column":48},"end":{"line":21,"column":59}},"13":{"start":{"line":25,"column":8},"end":{"line":27,"column":null}},"14":{"start":{"line":26,"column":4},"end":{"line":26,"column":null}},"15":{"start":{"line":29,"column":2},"end":{"line":85,"column":null}},"16":{"start":{"line":45,"column":10},"end":{"line":51,"column":null}},"17":{"start":{"line":67,"column":10},"end":{"line":82,"column":null}},"18":{"start":{"line":69,"column":27},"end":{"line":69,"column":null}}},"fnMap":{"0":{"name":"EmojiReactions","decl":{"start":{"line":5,"column":16},"end":{"line":5,"column":31}},"loc":{"start":{"line":5,"column":69},"end":{"line":87,"column":null}},"line":5},"1":{"name":"(anonymous_1)","decl":{"start":{"line":9,"column":2},"end":{"line":9,"column":18}},"loc":{"start":{"line":9,"column":18},"end":{"line":23,"column":5}},"line":9},"2":{"name":"(anonymous_2)","decl":{"start":{"line":15,"column":4},"end":{"line":15,"column":18}},"loc":{"start":{"line":15,"column":27},"end":{"line":18,"column":5}},"line":15},"3":{"name":"(anonymous_3)","decl":{"start":{"line":20,"column":4},"end":{"line":20,"column":21}},"loc":{"start":{"line":20,"column":21},"end":{"line":22,"column":7}},"line":20},"4":{"name":"(anonymous_4)","decl":{"start":{"line":21,"column":6},"end":{"line":21,"column":20}},"loc":{"start":{"line":21,"column":29},"end":{"line":21,"column":60}},"line":21},"5":{"name":"(anonymous_5)","decl":{"start":{"line":21,"column":34},"end":{"line":21,"column":42}},"loc":{"start":{"line":21,"column":48},"end":{"line":21,"column":59}},"line":21},"6":{"name":"(anonymous_6)","decl":{"start":{"line":25,"column":8},"end":{"line":25,"column":28}},"loc":{"start":{"line":25,"column":38},"end":{"line":27,"column":null}},"line":25},"7":{"name":"(anonymous_7)","decl":{"start":{"line":44,"column":19},"end":{"line":44,"column":24}},"loc":{"start":{"line":45,"column":10},"end":{"line":51,"column":null}},"line":45},"8":{"name":"(anonymous_8)","decl":{"start":{"line":66,"column":25},"end":{"line":66,"column":30}},"loc":{"start":{"line":67,"column":10},"end":{"line":82,"column":null}},"line":67},"9":{"name":"(anonymous_9)","decl":{"start":{"line":69,"column":12},"end":{"line":69,"column":27}},"loc":{"start":{"line":69,"column":27},"end":{"line":69,"column":null}},"line":69}},"branchMap":{"0":{"loc":{"start":{"line":10,"column":4},"end":{"line":10,"column":null}},"type":"if","locations":[{"start":{"line":10,"column":4},"end":{"line":10,"column":null}},{"start":{},"end":{}}],"line":10}},"s":{"0":0,"1":0,"2":0,"3":0,"4":0,"5":0,"6":0,"7":0,"8":0,"9":0,"10":0,"11":0,"12":0,"13":0,"14":0,"15":0,"16":0,"17":0,"18":0},"f":{"0":0,"1":0,"2":0,"3":0,"4":0,"5":0,"6":0,"7":0,"8":0,"9":0},"b":{"0":[0,0]},"meta":{"lastBranch":1,"lastFunction":10,"lastStatement":19,"seen":{"s:3:24:3:Infinity":0,"f:5:16:5:31":0,"s:6:36:6:Infinity":1,"s:9:2:23:Infinity":2,"f:9:2:9:18":1,"b:10:4:10:Infinity:undefined:undefined:undefined:undefined":0,"s:10:4:10:Infinity":3,"s:10:27:10:Infinity":4,"s:12:15:12:Infinity":5,"s:13:23:13:Infinity":6,"s:15:4:18:Infinity":7,"f:15:4:15:18":2,"s:15:27:18:5":8,"s:20:4:22:Infinity":9,"f:20:4:20:21":3,"s:21:6:21:Infinity":10,"f:21:6:21:20":4,"s:21:29:21:60":11,"f:21:34:21:42":5,"s:21:48:21:59":12,"s:25:8:27:Infinity":13,"f:25:8:25:28":6,"s:26:4:26:Infinity":14,"s:29:2:85:Infinity":15,"f:44:19:44:24":7,"s:45:10:51:Infinity":16,"f:66:25:66:30":8,"s:67:10:82:Infinity":17,"f:69:12:69:27":9,"s:69:27:69:Infinity":18},"fnNames":{}}}
,"D:\\Projects\\Agentic Projects\\Together\\client\\src\\components\\common\\ConfirmationModal.jsx": {"path":"D:\\Projects\\Agentic Projects\\Together\\client\\src\\components\\common\\ConfirmationModal.jsx","statementMap":{"0":{"start":{"line":14,"column":8},"end":{"line":38,"column":null}},"1":{"start":{"line":15,"column":4},"end":{"line":37,"column":null}},"2":{"start":{"line":17,"column":8},"end":{"line":22,"column":null}},"3":{"start":{"line":24,"column":8},"end":{"line":29,"column":null}},"4":{"start":{"line":31,"column":8},"end":{"line":36,"column":null}},"5":{"start":{"line":40,"column":17},"end":{"line":40,"column":null}},"6":{"start":{"line":42,"column":2},"end":{"line":96,"column":null}}},"fnMap":{"0":{"name":"ConfirmationModal","decl":{"start":{"line":4,"column":16},"end":{"line":4,"column":34}},"loc":{"start":{"line":12,"column":3},"end":{"line":98,"column":null}},"line":12},"1":{"name":"(anonymous_1)","decl":{"start":{"line":14,"column":8},"end":{"line":14,"column":33}},"loc":{"start":{"line":14,"column":33},"end":{"line":38,"column":null}},"line":14}},"branchMap":{"0":{"loc":{"start":{"line":7,"column":2},"end":{"line":7,"column":null}},"type":"default-arg","locations":[{"start":{"line":7,"column":16},"end":{"line":7,"column":null}}],"line":7},"1":{"loc":{"start":{"line":8,"column":2},"end":{"line":8,"column":null}},"type":"default-arg","locations":[{"start":{"line":8,"column":15},"end":{"line":8,"column":null}}],"line":8},"2":{"loc":{"start":{"line":11,"column":2},"end":{"line":11,"column":null}},"type":"default-arg","locations":[{"start":{"line":11,"column":12},"end":{"line":11,"column":null}}],"line":11},"3":{"loc":{"start":{"line":15,"column":4},"end":{"line":37,"column":null}},"type":"switch","locations":[{"start":{"line":16,"column":6},"end":{"line":22,"column":null}},{"start":{"line":23,"column":6},"end":{"line":29,"column":null}},{"start":{"line":30,"column":6},"end":{"line":36,"column":null}}],"line":15}},"s":{"0":0,"1":0,"2":0,"3":0,"4":0,"5":0,"6":0},"f":{"0":0,"1":0},"b":{"0":[0],"1":[0],"2":[0],"3":[0,0,0]},"meta":{"lastBranch":4,"lastFunction":2,"lastStatement":7,"seen":{"f:4:16:4:34":0,"b:7:16:7:Infinity":0,"b:8:15:8:Infinity":1,"b:11:12:11:Infinity":2,"s:14:8:38:Infinity":0,"f:14:8:14:33":1,"b:16:6:22:Infinity:23:6:29:Infinity:30:6:36:Infinity":3,"s:15:4:37:Infinity":1,"s:17:8:22:Infinity":2,"s:24:8:29:Infinity":3,"s:31:8:36:Infinity":4,"s:40:17:40:Infinity":5,"s:42:2:96:Infinity":6},"fnNames":{}}}
,"D:\\Projects\\Agentic Projects\\Together\\client\\src\\components\\common\\UserAvatar.jsx": {"path":"D:\\Projects\\Agentic Projects\\Together\\client\\src\\components\\common\\UserAvatar.jsx","statementMap":{"0":{"start":{"line":5,"column":36},"end":{"line":5,"column":null}},"1":{"start":{"line":7,"column":20},"end":{"line":7,"column":null}},"2":{"start":{"line":8,"column":15},"end":{"line":8,"column":null}},"3":{"start":{"line":10,"column":23},"end":{"line":10,"column":null}},"4":{"start":{"line":12,"column":2},"end":{"line":27,"column":null}},"5":{"start":{"line":13,"column":4},"end":{"line":25,"column":null}},"6":{"start":{"line":24,"column":23},"end":{"line":24,"column":null}},"7":{"start":{"line":29,"column":2},"end":{"line":37,"column":null}}},"fnMap":{"0":{"name":"UserAvatar","decl":{"start":{"line":4,"column":16},"end":{"line":4,"column":27}},"loc":{"start":{"line":4,"column":60},"end":{"line":39,"column":null}},"line":4},"1":{"name":"(anonymous_1)","decl":{"start":{"line":24,"column":8},"end":{"line":24,"column":23}},"loc":{"start":{"line":24,"column":23},"end":{"line":24,"column":null}},"line":24}},"branchMap":{"0":{"loc":{"start":{"line":4,"column":35},"end":{"line":4,"column":46}},"type":"default-arg","locations":[{"start":{"line":4,"column":42},"end":{"line":4,"column":46}}],"line":4},"1":{"loc":{"start":{"line":4,"column":46},"end":{"line":4,"column":60}},"type":"default-arg","locations":[{"start":{"line":4,"column":54},"end":{"line":4,"column":60}}],"line":4},"2":{"loc":{"start":{"line":7,"column":20},"end":{"line":7,"column":null}},"type":"binary-expr","locations":[{"start":{"line":7,"column":20},"end":{"line":7,"column":55}},{"start":{"line":7,"column":55},"end":{"line":7,"column":null}}],"line":7},"3":{"loc":{"start":{"line":8,"column":15},"end":{"line":8,"column":null}},"type":"binary-expr","locations":[{"start":{"line":8,"column":15},"end":{"line":8,"column":30}},{"start":{"line":8,"column":30},"end":{"line":8,"column":42}},{"start":{"line":8,"column":42},"end":{"line":8,"column":null}}],"line":8},"4":{"loc":{"start":{"line":12,"column":2},"end":{"line":27,"column":null}},"type":"if","locations":[{"start":{"line":12,"column":2},"end":{"line":27,"column":null}},{"start":{},"end":{}}],"line":12},"5":{"loc":{"start":{"line":12,"column":6},"end":{"line":12,"column":31}},"type":"binary-expr","locations":[{"start":{"line":12,"column":6},"end":{"line":12,"column":19}},{"start":{"line":12,"column":19},"end":{"line":12,"column":31}}],"line":12}},"s":{"0":0,"1":0,"2":0,"3":0,"4":0,"5":0,"6":0,"7":0},"f":{"0":0,"1":0},"b":{"0":[0],"1":[0],"2":[0,0],"3":[0,0,0],"4":[0,0],"5":[0,0]},"meta":{"lastBranch":6,"lastFunction":2,"lastStatement":8,"seen":{"f:4:16:4:27":0,"b:4:42:4:46":0,"b:4:54:4:60":1,"s:5:36:5:Infinity":0,"s:7:20:7:Infinity":1,"b:7:20:7:55:7:55:7:Infinity":2,"s:8:15:8:Infinity":2,"b:8:15:8:30:8:30:8:42:8:42:8:Infinity":3,"s:10:23:10:Infinity":3,"b:12:2:27:Infinity:undefined:undefined:undefined:undefined":4,"s:12:2:27:Infinity":4,"b:12:6:12:19:12:19:12:31":5,"s:13:4:25:Infinity":5,"f:24:8:24:23":1,"s:24:23:24:Infinity":6,"s:29:2:37:Infinity":7},"fnNames":{}}}
,"D:\\Projects\\Agentic Projects\\Together\\client\\src\\components\\landing\\LandingPage.jsx": {"path":"D:\\Projects\\Agentic Projects\\Together\\client\\src\\components\\landing\\LandingPage.jsx","statementMap":{"0":{"start":{"line":9,"column":40},"end":{"line":9,"column":null}},"1":{"start":{"line":10,"column":54},"end":{"line":10,"column":null}},"2":{"start":{"line":11,"column":34},"end":{"line":11,"column":null}},"3":{"start":{"line":13,"column":2},"end":{"line":19,"column":null}},"4":{"start":{"line":14,"column":10},"end":{"line":16,"column":null}},"5":{"start":{"line":15,"column":6},"end":{"line":15,"column":null}},"6":{"start":{"line":17,"column":4},"end":{"line":17,"column":null}},"7":{"start":{"line":18,"column":4},"end":{"line":18,"column":null}},"8":{"start":{"line":18,"column":17},"end":{"line":18,"column":null}},"9":{"start":{"line":21,"column":2},"end":{"line":33,"column":null}},"10":{"start":{"line":22,"column":10},"end":{"line":30,"column":null}},"11":{"start":{"line":23,"column":12},"end":{"line":23,"column":null}},"12":{"start":{"line":24,"column":12},"end":{"line":24,"column":null}},"13":{"start":{"line":25,"column":20},"end":{"line":25,"column":null}},"14":{"start":{"line":26,"column":6},"end":{"line":29,"column":null}},"15":{"start":{"line":27,"column":14},"end":{"line":27,"column":null}},"16":{"start":{"line":28,"column":8},"end":{"line":28,"column":null}},"17":{"start":{"line":31,"column":4},"end":{"line":31,"column":null}},"18":{"start":{"line":32,"column":4},"end":{"line":32,"column":null}},"19":{"start":{"line":32,"column":17},"end":{"line":32,"column":null}},"20":{"start":{"line":35,"column":2},"end":{"line":307,"column":null}},"21":{"start":{"line":51,"column":31},"end":{"line":51,"column":null}},"22":{"start":{"line":101,"column":31},"end":{"line":101,"column":null}},"23":{"start":{"line":112,"column":31},"end":{"line":112,"column":null}},"24":{"start":{"line":228,"column":31},"end":{"line":228,"column":null}},"25":{"start":{"line":236,"column":36},"end":{"line":236,"column":null}},"26":{"start":{"line":237,"column":34},"end":{"line":237,"column":null}},"27":{"start":{"line":296,"column":26},"end":{"line":296,"column":null}},"28":{"start":{"line":304,"column":25},"end":{"line":304,"column":null}}},"fnMap":{"0":{"name":"LandingPage","decl":{"start":{"line":8,"column":16},"end":{"line":8,"column":28}},"loc":{"start":{"line":8,"column":79},"end":{"line":309,"column":null}},"line":8},"1":{"name":"(anonymous_1)","decl":{"start":{"line":13,"column":2},"end":{"line":13,"column":18}},"loc":{"start":{"line":13,"column":18},"end":{"line":19,"column":5}},"line":13},"2":{"name":"(anonymous_2)","decl":{"start":{"line":14,"column":10},"end":{"line":14,"column":31}},"loc":{"start":{"line":14,"column":31},"end":{"line":16,"column":null}},"line":14},"3":{"name":"(anonymous_3)","decl":{"start":{"line":18,"column":4},"end":{"line":18,"column":17}},"loc":{"start":{"line":18,"column":17},"end":{"line":18,"column":null}},"line":18},"4":{"name":"(anonymous_4)","decl":{"start":{"line":21,"column":2},"end":{"line":21,"column":18}},"loc":{"start":{"line":21,"column":18},"end":{"line":33,"column":5}},"line":21},"5":{"name":"(anonymous_5)","decl":{"start":{"line":22,"column":10},"end":{"line":22,"column":29}},"loc":{"start":{"line":22,"column":35},"end":{"line":30,"column":null}},"line":22},"6":{"name":"(anonymous_6)","decl":{"start":{"line":26,"column":12},"end":{"line":26,"column":21}},"loc":{"start":{"line":26,"column":37},"end":{"line":29,"column":7}},"line":26},"7":{"name":"(anonymous_7)","decl":{"start":{"line":32,"column":4},"end":{"line":32,"column":17}},"loc":{"start":{"line":32,"column":17},"end":{"line":32,"column":null}},"line":32},"8":{"name":"(anonymous_8)","decl":{"start":{"line":51,"column":16},"end":{"line":51,"column":31}},"loc":{"start":{"line":51,"column":31},"end":{"line":51,"column":null}},"line":51},"9":{"name":"(anonymous_9)","decl":{"start":{"line":101,"column":16},"end":{"line":101,"column":31}},"loc":{"start":{"line":101,"column":31},"end":{"line":101,"column":null}},"line":101},"10":{"name":"(anonymous_10)","decl":{"start":{"line":112,"column":16},"end":{"line":112,"column":31}},"loc":{"start":{"line":112,"column":31},"end":{"line":112,"column":null}},"line":112},"11":{"name":"(anonymous_11)","decl":{"start":{"line":228,"column":16},"end":{"line":228,"column":31}},"loc":{"start":{"line":228,"column":31},"end":{"line":228,"column":null}},"line":228},"12":{"name":"(anonymous_12)","decl":{"start":{"line":236,"column":16},"end":{"line":236,"column":30}},"loc":{"start":{"line":236,"column":36},"end":{"line":236,"column":null}},"line":236},"13":{"name":"(anonymous_13)","decl":{"start":{"line":237,"column":16},"end":{"line":237,"column":28}},"loc":{"start":{"line":237,"column":34},"end":{"line":237,"column":null}},"line":237},"14":{"name":"(anonymous_14)","decl":{"start":{"line":296,"column":10},"end":{"line":296,"column":26}},"loc":{"start":{"line":296,"column":26},"end":{"line":296,"column":null}},"line":296},"15":{"name":"(anonymous_15)","decl":{"start":{"line":304,"column":10},"end":{"line":304,"column":25}},"loc":{"start":{"line":304,"column":25},"end":{"line":304,"column":null}},"line":304}},"branchMap":{"0":{"loc":{"start":{"line":39,"column":43},"end":{"line":39,"column":null}},"type":"cond-expr","locations":[{"start":{"line":39,"column":54},"end":{"line":39,"column":67}},{"start":{"line":39,"column":67},"end":{"line":39,"column":null}}],"line":39},"1":{"loc":{"start":{"line":49,"column":13},"end":{"line":62,"column":null}},"type":"cond-expr","locations":[{"start":{"line":50,"column":14},"end":{"line":62,"column":null}},{"start":{"line":62,"column":16},"end":{"line":62,"column":null}}],"line":49},"2":{"loc":{"start":{"line":60,"column":17},"end":{"line":60,"column":null}},"type":"binary-expr","locations":[{"start":{"line":60,"column":17},"end":{"line":60,"column":50}},{"start":{"line":60,"column":50},"end":{"line":60,"column":null}}],"line":60},"3":{"loc":{"start":{"line":291,"column":7},"end":{"line":298,"column":null}},"type":"binary-expr","locations":[{"start":{"line":291,"column":7},"end":{"line":291,"column":null}},{"start":{"line":292,"column":8},"end":{"line":298,"column":null}}],"line":291},"4":{"loc":{"start":{"line":301,"column":7},"end":{"line":305,"column":null}},"type":"binary-expr","locations":[{"start":{"line":301,"column":7},"end":{"line":301,"column":null}},{"start":{"line":302,"column":8},"end":{"line":305,"column":null}}],"line":301}},"s":{"0":17,"1":17,"2":17,"3":17,"4":10,"5":2,"6":10,"7":10,"8":10,"9":17,"10":10,"11":1,"12":1,"13":1,"14":1,"15":2,"16":2,"17":10,"18":10,"19":10,"20":17,"21":1,"22":1,"23":1,"24":1,"25":1,"26":1,"27":0,"28":1},"f":{"0":17,"1":10,"2":2,"3":10,"4":10,"5":1,"6":2,"7":10,"8":1,"9":1,"10":1,"11":1,"12":1,"13":1,"14":0,"15":1},"b":{"0":[1,16],"1":[4,13],"2":[4,1],"3":[17,4],"4":[17,1]},"meta":{"lastBranch":5,"lastFunction":16,"lastStatement":29,"seen":{"f:8:16:8:28":0,"s:9:40:9:Infinity":0,"s:10:54:10:Infinity":1,"s:11:34:11:Infinity":2,"s:13:2:19:Infinity":3,"f:13:2:13:18":1,"s:14:10:16:Infinity":4,"f:14:10:14:31":2,"s:15:6:15:Infinity":5,"s:17:4:17:Infinity":6,"s:18:4:18:Infinity":7,"f:18:4:18:17":3,"s:18:17:18:Infinity":8,"s:21:2:33:Infinity":9,"f:21:2:21:18":4,"s:22:10:30:Infinity":10,"f:22:10:22:29":5,"s:23:12:23:Infinity":11,"s:24:12:24:Infinity":12,"s:25:20:25:Infinity":13,"s:26:6:29:Infinity":14,"f:26:12:26:21":6,"s:27:14:27:Infinity":15,"s:28:8:28:Infinity":16,"s:31:4:31:Infinity":17,"s:32:4:32:Infinity":18,"f:32:4:32:17":7,"s:32:17:32:Infinity":19,"s:35:2:307:Infinity":20,"b:39:54:39:67:39:67:39:Infinity":0,"b:50:14:62:Infinity:62:16:62:Infinity":1,"f:51:16:51:31":8,"s:51:31:51:Infinity":21,"b:60:17:60:50:60:50:60:Infinity":2,"f:101:16:101:31":9,"s:101:31:101:Infinity":22,"f:112:16:112:31":10,"s:112:31:112:Infinity":23,"f:228:16:228:31":11,"s:228:31:228:Infinity":24,"f:236:16:236:30":12,"s:236:36:236:Infinity":25,"f:237:16:237:28":13,"s:237:34:237:Infinity":26,"b:291:7:291:Infinity:292:8:298:Infinity":3,"f:296:10:296:26":14,"s:296:26:296:Infinity":27,"b:301:7:301:Infinity:302:8:305:Infinity":4,"f:304:10:304:25":15,"s:304:25:304:Infinity":28},"fnNames":{}}}
,"D:\\Projects\\Agentic Projects\\Together\\client\\src\\components\\player\\PlaybackControls.jsx": {"path":"D:\\Projects\\Agentic Projects\\Together\\client\\src\\components\\player\\PlaybackControls.jsx","statementMap":{"0":{"start":{"line":5,"column":6},"end":{"line":9,"column":null}},"1":{"start":{"line":6,"column":12},"end":{"line":6,"column":null}},"2":{"start":{"line":7,"column":12},"end":{"line":7,"column":null}},"3":{"start":{"line":8,"column":2},"end":{"line":8,"column":null}},"4":{"start":{"line":11,"column":32},"end":{"line":114,"column":null}},"5":{"start":{"line":23,"column":26},"end":{"line":23,"column":null}},"6":{"start":{"line":25,"column":2},"end":{"line":112,"column":null}}},"fnMap":{"0":{"name":"(anonymous_0)","decl":{"start":{"line":5,"column":6},"end":{"line":5,"column":20}},"loc":{"start":{"line":5,"column":29},"end":{"line":9,"column":null}},"line":5},"1":{"name":"PlaybackControls","decl":{"start":{"line":11,"column":46},"end":{"line":11,"column":63}},"loc":{"start":{"line":22,"column":3},"end":{"line":114,"column":1}},"line":22}},"branchMap":{"0":{"loc":{"start":{"line":8,"column":17},"end":{"line":8,"column":37}},"type":"cond-expr","locations":[{"start":{"line":8,"column":26},"end":{"line":8,"column":32}},{"start":{"line":8,"column":32},"end":{"line":8,"column":37}}],"line":8},"1":{"loc":{"start":{"line":21,"column":2},"end":{"line":21,"column":null}},"type":"default-arg","locations":[{"start":{"line":21,"column":11},"end":{"line":21,"column":null}}],"line":21},"2":{"loc":{"start":{"line":23,"column":26},"end":{"line":23,"column":null}},"type":"cond-expr","locations":[{"start":{"line":23,"column":42},"end":{"line":23,"column":74}},{"start":{"line":23,"column":74},"end":{"line":23,"column":null}}],"line":23},"3":{"loc":{"start":{"line":41,"column":103},"end":{"line":41,"column":163}},"type":"cond-expr","locations":[{"start":{"line":41,"column":112},"end":{"line":41,"column":138}},{"start":{"line":41,"column":138},"end":{"line":41,"column":163}}],"line":41},"4":{"loc":{"start":{"line":42,"column":13},"end":{"line":43,"column":13}},"type":"cond-expr","locations":[{"start":{"line":42,"column":22},"end":{"line":42,"column":74}},{"start":{"line":42,"column":73},"end":{"line":43,"column":13}}],"line":42},"5":{"loc":{"start":{"line":43,"column":45},"end":{"line":43,"column":83}},"type":"cond-expr","locations":[{"start":{"line":43,"column":54},"end":{"line":43,"column":68}},{"start":{"line":43,"column":68},"end":{"line":43,"column":83}}],"line":43},"6":{"loc":{"start":{"line":56,"column":70},"end":{"line":56,"column":null}},"type":"cond-expr","locations":[{"start":{"line":56,"column":79},"end":{"line":56,"column":101}},{"start":{"line":56,"column":101},"end":{"line":56,"column":null}}],"line":56},"7":{"loc":{"start":{"line":57,"column":23},"end":{"line":57,"column":41}},"type":"cond-expr","locations":[{"start":{"line":57,"column":32},"end":{"line":57,"column":38}},{"start":{"line":57,"column":38},"end":{"line":57,"column":41}}],"line":57},"8":{"loc":{"start":{"line":57,"column":49},"end":{"line":57,"column":null}},"type":"cond-expr","locations":[{"start":{"line":57,"column":58},"end":{"line":57,"column":74}},{"start":{"line":57,"column":74},"end":{"line":57,"column":null}}],"line":57},"9":{"loc":{"start":{"line":59,"column":19},"end":{"line":59,"column":null}},"type":"cond-expr","locations":[{"start":{"line":59,"column":28},"end":{"line":59,"column":57}},{"start":{"line":59,"column":57},"end":{"line":59,"column":null}}],"line":59},"10":{"loc":{"start":{"line":59,"column":57},"end":{"line":59,"column":null}},"type":"cond-expr","locations":[{"start":{"line":59,"column":72},"end":{"line":59,"column":90}},{"start":{"line":59,"column":90},"end":{"line":59,"column":null}}],"line":59},"11":{"loc":{"start":{"line":61,"column":13},"end":{"line":61,"column":null}},"type":"cond-expr","locations":[{"start":{"line":61,"column":28},"end":{"line":61,"column":64}},{"start":{"line":61,"column":63},"end":{"line":61,"column":null}}],"line":61},"12":{"loc":{"start":{"line":71,"column":19},"end":{"line":71,"column":null}},"type":"cond-expr","locations":[{"start":{"line":71,"column":29},"end":{"line":71,"column":44}},{"start":{"line":71,"column":44},"end":{"line":71,"column":null}}],"line":71},"13":{"loc":{"start":{"line":73,"column":13},"end":{"line":75,"column":null}},"type":"cond-expr","locations":[{"start":{"line":74,"column":16},"end":{"line":75,"column":17}},{"start":{"line":75,"column":16},"end":{"line":75,"column":null}}],"line":73},"14":{"loc":{"start":{"line":73,"column":13},"end":{"line":73,"column":null}},"type":"binary-expr","locations":[{"start":{"line":73,"column":13},"end":{"line":73,"column":24}},{"start":{"line":73,"column":24},"end":{"line":73,"column":null}}],"line":73},"15":{"loc":{"start":{"line":79,"column":19},"end":{"line":79,"column":null}},"type":"cond-expr","locations":[{"start":{"line":79,"column":29},"end":{"line":79,"column":33}},{"start":{"line":79,"column":33},"end":{"line":79,"column":null}}],"line":79},"16":{"loc":{"start":{"line":97,"column":17},"end":{"line":97,"column":null}},"type":"binary-expr","locations":[{"start":{"line":97,"column":17},"end":{"line":97,"column":29}},{"start":{"line":97,"column":29},"end":{"line":97,"column":null}}],"line":97},"17":{"loc":{"start":{"line":98,"column":19},"end":{"line":98,"column":null}},"type":"binary-expr","locations":[{"start":{"line":98,"column":19},"end":{"line":98,"column":34}},{"start":{"line":98,"column":34},"end":{"line":98,"column":null}}],"line":98},"18":{"loc":{"start":{"line":103,"column":22},"end":{"line":103,"column":null}},"type":"cond-expr","locations":[{"start":{"line":103,"column":31},"end":{"line":103,"column":47}},{"start":{"line":103,"column":47},"end":{"line":103,"column":null}}],"line":103},"19":{"loc":{"start":{"line":104,"column":23},"end":{"line":104,"column":null}},"type":"cond-expr","locations":[{"start":{"line":104,"column":32},"end":{"line":104,"column":38}},{"start":{"line":104,"column":38},"end":{"line":104,"column":null}}],"line":104}},"s":{"0":0,"1":0,"2":0,"3":0,"4":0,"5":0,"6":0},"f":{"0":0,"1":0},"b":{"0":[0,0],"1":[0],"2":[0,0],"3":[0,0],"4":[0,0],"5":[0,0],"6":[0,0],"7":[0,0],"8":[0,0],"9":[0,0],"10":[0,0],"11":[0,0],"12":[0,0],"13":[0,0],"14":[0,0],"15":[0,0],"16":[0,0],"17":[0,0],"18":[0,0],"19":[0,0]},"meta":{"lastBranch":20,"lastFunction":2,"lastStatement":7,"seen":{"s:5:6:9:Infinity":0,"f:5:6:5:20":0,"s:6:12:6:Infinity":1,"s:7:12:7:Infinity":2,"s:8:2:8:Infinity":3,"b:8:26:8:32:8:32:8:37":0,"s:11:32:114:Infinity":4,"f:11:46:11:63":1,"b:21:11:21:Infinity":1,"s:23:26:23:Infinity":5,"b:23:42:23:74:23:74:23:Infinity":2,"s:25:2:112:Infinity":6,"b:41:112:41:138:41:138:41:163":3,"b:42:22:42:74:42:73:43:13":4,"b:43:54:43:68:43:68:43:83":5,"b:56:79:56:101:56:101:56:Infinity":6,"b:57:32:57:38:57:38:57:41":7,"b:57:58:57:74:57:74:57:Infinity":8,"b:59:28:59:57:59:57:59:Infinity":9,"b:59:72:59:90:59:90:59:Infinity":10,"b:61:28:61:64:61:63:61:Infinity":11,"b:71:29:71:44:71:44:71:Infinity":12,"b:74:16:75:17:75:16:75:Infinity":13,"b:73:13:73:24:73:24:73:Infinity":14,"b:79:29:79:33:79:33:79:Infinity":15,"b:97:17:97:29:97:29:97:Infinity":16,"b:98:19:98:34:98:34:98:Infinity":17,"b:103:31:103:47:103:47:103:Infinity":18,"b:104:32:104:38:104:38:104:Infinity":19},"fnNames":{}}}
,"D:\\Projects\\Agentic Projects\\Together\\client\\src\\components\\player\\SearchAndQueuePanel.jsx": {"path":"D:\\Projects\\Agentic Projects\\Together\\client\\src\\components\\player\\SearchAndQueuePanel.jsx","statementMap":{"0":{"start":{"line":5,"column":36},"end":{"line":5,"column":null}},"1":{"start":{"line":6,"column":28},"end":{"line":6,"column":null}},"2":{"start":{"line":7,"column":32},"end":{"line":7,"column":null}},"3":{"start":{"line":8,"column":32},"end":{"line":8,"column":null}},"4":{"start":{"line":9,"column":28},"end":{"line":9,"column":null}},"5":{"start":{"line":11,"column":20},"end":{"line":11,"column":null}},"6":{"start":{"line":11,"column":40},"end":{"line":11,"column":51}},"7":{"start":{"line":12,"column":19},"end":{"line":12,"column":null}},"8":{"start":{"line":12,"column":39},"end":{"line":12,"column":49}},"9":{"start":{"line":14,"column":24},"end":{"line":14,"column":null}},"10":{"start":{"line":14,"column":56},"end":{"line":14,"column":87}},"11":{"start":{"line":15,"column":17},"end":{"line":15,"column":null}},"12":{"start":{"line":16,"column":16},"end":{"line":16,"column":null}},"13":{"start":{"line":18,"column":23},"end":{"line":48,"column":null}},"14":{"start":{"line":19,"column":4},"end":{"line":19,"column":null}},"15":{"start":{"line":20,"column":4},"end":{"line":20,"column":null}},"16":{"start":{"line":20,"column":23},"end":{"line":20,"column":null}},"17":{"start":{"line":22,"column":4},"end":{"line":22,"column":null}},"18":{"start":{"line":23,"column":4},"end":{"line":23,"column":null}},"19":{"start":{"line":24,"column":4},"end":{"line":47,"column":null}},"20":{"start":{"line":25,"column":12},"end":{"line":36,"column":null}},"21":{"start":{"line":26,"column":8},"end":{"line":28,"column":null}},"22":{"start":{"line":27,"column":10},"end":{"line":27,"column":null}},"23":{"start":{"line":29,"column":8},"end":{"line":34,"column":null}},"24":{"start":{"line":30,"column":41},"end":{"line":30,"column":null}},"25":{"start":{"line":31,"column":10},"end":{"line":33,"column":null}},"26":{"start":{"line":32,"column":12},"end":{"line":32,"column":null}},"27":{"start":{"line":35,"column":8},"end":{"line":35,"column":null}},"28":{"start":{"line":38,"column":22},"end":{"line":38,"column":null}},"29":{"start":{"line":39,"column":18},"end":{"line":39,"column":null}},"30":{"start":{"line":40,"column":6},"end":{"line":40,"column":null}},"31":{"start":{"line":40,"column":19},"end":{"line":40,"column":null}},"32":{"start":{"line":41,"column":19},"end":{"line":41,"column":null}},"33":{"start":{"line":42,"column":6},"end":{"line":42,"column":null}},"34":{"start":{"line":44,"column":6},"end":{"line":44,"column":null}},"35":{"start":{"line":46,"column":6},"end":{"line":46,"column":null}},"36":{"start":{"line":50,"column":8},"end":{"line":54,"column":null}},"37":{"start":{"line":51,"column":4},"end":{"line":51,"column":null}},"38":{"start":{"line":51,"column":20},"end":{"line":51,"column":null}},"39":{"start":{"line":53,"column":4},"end":{"line":53,"column":null}},"40":{"start":{"line":56,"column":8},"end":{"line":61,"column":null}},"41":{"start":{"line":57,"column":4},"end":{"line":59,"column":null}},"42":{"start":{"line":58,"column":6},"end":{"line":58,"column":null}},"43":{"start":{"line":60,"column":4},"end":{"line":60,"column":null}},"44":{"start":{"line":60,"column":21},"end":{"line":60,"column":null}},"45":{"start":{"line":63,"column":8},"end":{"line":65,"column":null}},"46":{"start":{"line":64,"column":4},"end":{"line":64,"column":null}},"47":{"start":{"line":64,"column":23},"end":{"line":64,"column":null}},"48":{"start":{"line":67,"column":2},"end":{"line":177,"column":null}},"49":{"start":{"line":73,"column":25},"end":{"line":73,"column":null}},"50":{"start":{"line":84,"column":25},"end":{"line":84,"column":null}},"51":{"start":{"line":109,"column":35},"end":{"line":109,"column":null}},"52":{"start":{"line":123,"column":16},"end":{"line":137,"column":null}},"53":{"start":{"line":130,"column":57},"end":{"line":130,"column":78}},"54":{"start":{"line":133,"column":57},"end":{"line":133,"column":75}},"55":{"start":{"line":154,"column":16},"end":{"line":170,"column":null}},"56":{"start":{"line":165,"column":59},"end":{"line":165,"column":88}}},"fnMap":{"0":{"name":"SearchAndQueuePanel","decl":{"start":{"line":4,"column":16},"end":{"line":4,"column":36}},"loc":{"start":{"line":4,"column":80},"end":{"line":179,"column":null}},"line":4},"1":{"name":"(anonymous_1)","decl":{"start":{"line":11,"column":20},"end":{"line":11,"column":34}},"loc":{"start":{"line":11,"column":40},"end":{"line":11,"column":51}},"line":11},"2":{"name":"(anonymous_2)","decl":{"start":{"line":12,"column":19},"end":{"line":12,"column":33}},"loc":{"start":{"line":12,"column":39},"end":{"line":12,"column":49}},"line":12},"3":{"name":"(anonymous_3)","decl":{"start":{"line":14,"column":44},"end":{"line":14,"column":50}},"loc":{"start":{"line":14,"column":56},"end":{"line":14,"column":87}},"line":14},"4":{"name":"(anonymous_4)","decl":{"start":{"line":18,"column":23},"end":{"line":18,"column":30}},"loc":{"start":{"line":18,"column":36},"end":{"line":48,"column":null}},"line":18},"5":{"name":"(anonymous_5)","decl":{"start":{"line":25,"column":12},"end":{"line":25,"column":30}},"loc":{"start":{"line":25,"column":30},"end":{"line":36,"column":null}},"line":25},"6":{"name":"(anonymous_6)","decl":{"start":{"line":50,"column":8},"end":{"line":50,"column":28}},"loc":{"start":{"line":50,"column":38},"end":{"line":54,"column":null}},"line":50},"7":{"name":"(anonymous_7)","decl":{"start":{"line":56,"column":8},"end":{"line":56,"column":25}},"loc":{"start":{"line":56,"column":35},"end":{"line":61,"column":null}},"line":56},"8":{"name":"(anonymous_8)","decl":{"start":{"line":63,"column":8},"end":{"line":63,"column":33}},"loc":{"start":{"line":63,"column":45},"end":{"line":65,"column":null}},"line":63},"9":{"name":"(anonymous_9)","decl":{"start":{"line":73,"column":10},"end":{"line":73,"column":25}},"loc":{"start":{"line":73,"column":25},"end":{"line":73,"column":null}},"line":73},"10":{"name":"(anonymous_10)","decl":{"start":{"line":84,"column":10},"end":{"line":84,"column":25}},"loc":{"start":{"line":84,"column":25},"end":{"line":84,"column":null}},"line":84},"11":{"name":"(anonymous_11)","decl":{"start":{"line":109,"column":18},"end":{"line":109,"column":29}},"loc":{"start":{"line":109,"column":35},"end":{"line":109,"column":null}},"line":109},"12":{"name":"(anonymous_12)","decl":{"start":{"line":122,"column":23},"end":{"line":122,"column":28}},"loc":{"start":{"line":123,"column":16},"end":{"line":137,"column":null}},"line":123},"13":{"name":"(anonymous_13)","decl":{"start":{"line":130,"column":42},"end":{"line":130,"column":57}},"loc":{"start":{"line":130,"column":57},"end":{"line":130,"column":78}},"line":130},"14":{"name":"(anonymous_14)","decl":{"start":{"line":133,"column":42},"end":{"line":133,"column":57}},"loc":{"start":{"line":133,"column":57},"end":{"line":133,"column":75}},"line":133},"15":{"name":"(anonymous_15)","decl":{"start":{"line":153,"column":20},"end":{"line":153,"column":25}},"loc":{"start":{"line":154,"column":16},"end":{"line":170,"column":null}},"line":154},"16":{"name":"(anonymous_16)","decl":{"start":{"line":165,"column":44},"end":{"line":165,"column":59}},"loc":{"start":{"line":165,"column":59},"end":{"line":165,"column":88}},"line":165}},"branchMap":{"0":{"loc":{"start":{"line":16,"column":16},"end":{"line":16,"column":null}},"type":"binary-expr","locations":[{"start":{"line":16,"column":16},"end":{"line":16,"column":41}},{"start":{"line":16,"column":41},"end":{"line":16,"column":null}}],"line":16},"1":{"loc":{"start":{"line":20,"column":4},"end":{"line":20,"column":null}},"type":"if","locations":[{"start":{"line":20,"column":4},"end":{"line":20,"column":null}},{"start":{},"end":{}}],"line":20},"2":{"loc":{"start":{"line":26,"column":8},"end":{"line":28,"column":null}},"type":"if","locations":[{"start":{"line":26,"column":8},"end":{"line":28,"column":null}},{"start":{},"end":{}}],"line":26},"3":{"loc":{"start":{"line":29,"column":8},"end":{"line":34,"column":null}},"type":"if","locations":[{"start":{"line":29,"column":8},"end":{"line":34,"column":null}},{"start":{},"end":{}}],"line":29},"4":{"loc":{"start":{"line":31,"column":10},"end":{"line":33,"column":null}},"type":"if","locations":[{"start":{"line":31,"column":10},"end":{"line":33,"column":null}},{"start":{},"end":{}}],"line":31},"5":{"loc":{"start":{"line":31,"column":14},"end":{"line":31,"column":68}},"type":"binary-expr","locations":[{"start":{"line":31,"column":14},"end":{"line":31,"column":42}},{"start":{"line":31,"column":42},"end":{"line":31,"column":68}}],"line":31},"6":{"loc":{"start":{"line":40,"column":6},"end":{"line":40,"column":null}},"type":"if","locations":[{"start":{"line":40,"column":6},"end":{"line":40,"column":null}},{"start":{},"end":{}}],"line":40},"7":{"loc":{"start":{"line":42,"column":17},"end":{"line":42,"column":35}},"type":"binary-expr","locations":[{"start":{"line":42,"column":17},"end":{"line":42,"column":33}},{"start":{"line":42,"column":33},"end":{"line":42,"column":35}}],"line":42},"8":{"loc":{"start":{"line":51,"column":4},"end":{"line":51,"column":null}},"type":"if","locations":[{"start":{"line":51,"column":4},"end":{"line":51,"column":null}},{"start":{},"end":{}}],"line":51},"9":{"loc":{"start":{"line":57,"column":4},"end":{"line":59,"column":null}},"type":"if","locations":[{"start":{"line":57,"column":4},"end":{"line":59,"column":null}},{"start":{},"end":{}}],"line":57},"10":{"loc":{"start":{"line":57,"column":8},"end":{"line":57,"column":35}},"type":"binary-expr","locations":[{"start":{"line":57,"column":8},"end":{"line":57,"column":20}},{"start":{"line":57,"column":20},"end":{"line":57,"column":35}}],"line":57},"11":{"loc":{"start":{"line":60,"column":4},"end":{"line":60,"column":null}},"type":"if","locations":[{"start":{"line":60,"column":4},"end":{"line":60,"column":null}},{"start":{},"end":{}}],"line":60},"12":{"loc":{"start":{"line":64,"column":4},"end":{"line":64,"column":null}},"type":"if","locations":[{"start":{"line":64,"column":4},"end":{"line":64,"column":null}},{"start":{},"end":{}}],"line":64},"13":{"loc":{"start":{"line":76,"column":19},"end":{"line":76,"column":null}},"type":"cond-expr","locations":[{"start":{"line":76,"column":44},"end":{"line":76,"column":70}},{"start":{"line":76,"column":70},"end":{"line":76,"column":null}}],"line":76},"14":{"loc":{"start":{"line":77,"column":26},"end":{"line":77,"column":null}},"type":"cond-expr","locations":[{"start":{"line":77,"column":51},"end":{"line":77,"column":87}},{"start":{"line":77,"column":87},"end":{"line":77,"column":null}}],"line":77},"15":{"loc":{"start":{"line":87,"column":19},"end":{"line":87,"column":null}},"type":"cond-expr","locations":[{"start":{"line":87,"column":43},"end":{"line":87,"column":69}},{"start":{"line":87,"column":69},"end":{"line":87,"column":null}}],"line":87},"16":{"loc":{"start":{"line":88,"column":26},"end":{"line":88,"column":null}},"type":"cond-expr","locations":[{"start":{"line":88,"column":50},"end":{"line":88,"column":86}},{"start":{"line":88,"column":86},"end":{"line":88,"column":null}}],"line":88},"17":{"loc":{"start":{"line":100,"column":9},"end":{"line":144,"column":23}},"type":"binary-expr","locations":[{"start":{"line":100,"column":9},"end":{"line":100,"column":null}},{"start":{"line":101,"column":10},"end":{"line":144,"column":23}}],"line":100},"18":{"loc":{"start":{"line":115,"column":17},"end":{"line":115,"column":null}},"type":"cond-expr","locations":[{"start":{"line":115,"column":27},"end":{"line":115,"column":null}},{"start":{"line":115,"column":99},"end":{"line":115,"column":null}}],"line":115},"19":{"loc":{"start":{"line":119,"column":13},"end":{"line":119,"column":null}},"type":"binary-expr","locations":[{"start":{"line":119,"column":13},"end":{"line":119,"column":22}},{"start":{"line":119,"column":22},"end":{"line":119,"column":null}}],"line":119},"20":{"loc":{"start":{"line":144,"column":9},"end":{"line":176,"column":null}},"type":"binary-expr","locations":[{"start":{"line":144,"column":9},"end":{"line":144,"column":null}},{"start":{"line":145,"column":10},"end":{"line":176,"column":null}}],"line":144},"21":{"loc":{"start":{"line":146,"column":13},"end":{"line":171,"column":null}},"type":"cond-expr","locations":[{"start":{"line":147,"column":14},"end":{"line":153,"column":20}},{"start":{"line":153,"column":14},"end":{"line":171,"column":null}}],"line":146},"22":{"loc":{"start":{"line":163,"column":19},"end":{"line":168,"column":null}},"type":"binary-expr","locations":[{"start":{"line":163,"column":19},"end":{"line":163,"column":null}},{"start":{"line":164,"column":20},"end":{"line":168,"column":null}}],"line":163}},"s":{"0":0,"1":0,"2":0,"3":0,"4":0,"5":0,"6":0,"7":0,"8":0,"9":0,"10":0,"11":0,"12":0,"13":0,"14":0,"15":0,"16":0,"17":0,"18":0,"19":0,"20":0,"21":0,"22":0,"23":0,"24":0,"25":0,"26":0,"27":0,"28":0,"29":0,"30":0,"31":0,"32":0,"33":0,"34":0,"35":0,"36":0,"37":0,"38":0,"39":0,"40":0,"41":0,"42":0,"43":0,"44":0,"45":0,"46":0,"47":0,"48":0,"49":0,"50":0,"51":0,"52":0,"53":0,"54":0,"55":0,"56":0},"f":{"0":0,"1":0,"2":0,"3":0,"4":0,"5":0,"6":0,"7":0,"8":0,"9":0,"10":0,"11":0,"12":0,"13":0,"14":0,"15":0,"16":0},"b":{"0":[0,0],"1":[0,0],"2":[0,0],"3":[0,0],"4":[0,0],"5":[0,0],"6":[0,0],"7":[0,0],"8":[0,0],"9":[0,0],"10":[0,0],"11":[0,0],"12":[0,0],"13":[0,0],"14":[0,0],"15":[0,0],"16":[0,0],"17":[0,0],"18":[0,0],"19":[0,0],"20":[0,0],"21":[0,0],"22":[0,0]},"meta":{"lastBranch":23,"lastFunction":17,"lastStatement":57,"seen":{"f:4:16:4:36":0,"s:5:36:5:Infinity":0,"s:6:28:6:Infinity":1,"s:7:32:7:Infinity":2,"s:8:32:8:Infinity":3,"s:9:28:9:Infinity":4,"s:11:20:11:Infinity":5,"f:11:20:11:34":1,"s:11:40:11:51":6,"s:12:19:12:Infinity":7,"f:12:19:12:33":2,"s:12:39:12:49":8,"s:14:24:14:Infinity":9,"f:14:44:14:50":3,"s:14:56:14:87":10,"s:15:17:15:Infinity":11,"s:16:16:16:Infinity":12,"b:16:16:16:41:16:41:16:Infinity":0,"s:18:23:48:Infinity":13,"f:18:23:18:30":4,"s:19:4:19:Infinity":14,"b:20:4:20:Infinity:undefined:undefined:undefined:undefined":1,"s:20:4:20:Infinity":15,"s:20:23:20:Infinity":16,"s:22:4:22:Infinity":17,"s:23:4:23:Infinity":18,"s:24:4:47:Infinity":19,"s:25:12:36:Infinity":20,"f:25:12:25:30":5,"b:26:8:28:Infinity:undefined:undefined:undefined:undefined":2,"s:26:8:28:Infinity":21,"s:27:10:27:Infinity":22,"b:29:8:34:Infinity:undefined:undefined:undefined:undefined":3,"s:29:8:34:Infinity":23,"s:30:41:30:Infinity":24,"b:31:10:33:Infinity:undefined:undefined:undefined:undefined":4,"s:31:10:33:Infinity":25,"b:31:14:31:42:31:42:31:68":5,"s:32:12:32:Infinity":26,"s:35:8:35:Infinity":27,"s:38:22:38:Infinity":28,"s:39:18:39:Infinity":29,"b:40:6:40:Infinity:undefined:undefined:undefined:undefined":6,"s:40:6:40:Infinity":30,"s:40:19:40:Infinity":31,"s:41:19:41:Infinity":32,"s:42:6:42:Infinity":33,"b:42:17:42:33:42:33:42:35":7,"s:44:6:44:Infinity":34,"s:46:6:46:Infinity":35,"s:50:8:54:Infinity":36,"f:50:8:50:28":6,"b:51:4:51:Infinity:undefined:undefined:undefined:undefined":8,"s:51:4:51:Infinity":37,"s:51:20:51:Infinity":38,"s:53:4:53:Infinity":39,"s:56:8:61:Infinity":40,"f:56:8:56:25":7,"b:57:4:59:Infinity:undefined:undefined:undefined:undefined":9,"s:57:4:59:Infinity":41,"b:57:8:57:20:57:20:57:35":10,"s:58:6:58:Infinity":42,"b:60:4:60:Infinity:undefined:undefined:undefined:undefined":11,"s:60:4:60:Infinity":43,"s:60:21:60:Infinity":44,"s:63:8:65:Infinity":45,"f:63:8:63:33":8,"b:64:4:64:Infinity:undefined:undefined:undefined:undefined":12,"s:64:4:64:Infinity":46,"s:64:23:64:Infinity":47,"s:67:2:177:Infinity":48,"f:73:10:73:25":9,"s:73:25:73:Infinity":49,"b:76:44:76:70:76:70:76:Infinity":13,"b:77:51:77:87:77:87:77:Infinity":14,"f:84:10:84:25":10,"s:84:25:84:Infinity":50,"b:87:43:87:69:87:69:87:Infinity":15,"b:88:50:88:86:88:86:88:Infinity":16,"b:100:9:100:Infinity:101:10:144:23":17,"f:109:18:109:29":11,"s:109:35:109:Infinity":51,"b:115:27:115:Infinity:115:99:115:Infinity":18,"b:119:13:119:22:119:22:119:Infinity":19,"f:122:23:122:28":12,"s:123:16:137:Infinity":52,"f:130:42:130:57":13,"s:130:57:130:78":53,"f:133:42:133:57":14,"s:133:57:133:75":54,"b:144:9:144:Infinity:145:10:176:Infinity":20,"b:147:14:153:20:153:14:171:Infinity":21,"f:153:20:153:25":15,"s:154:16:170:Infinity":55,"b:163:19:163:Infinity:164:20:168:Infinity":22,"f:165:44:165:59":16,"s:165:59:165:88":56},"fnNames":{}}}
,"D:\\Projects\\Agentic Projects\\Together\\client\\src\\components\\player\\VideoDetailsCard.jsx": {"path":"D:\\Projects\\Agentic Projects\\Together\\client\\src\\components\\player\\VideoDetailsCard.jsx","statementMap":{"0":{"start":{"line":5,"column":32},"end":{"line":146,"column":null}},"1":{"start":{"line":6,"column":38},"end":{"line":6,"column":null}},"2":{"start":{"line":7,"column":38},"end":{"line":7,"column":null}},"3":{"start":{"line":9,"column":17},"end":{"line":9,"column":null}},"4":{"start":{"line":9,"column":39},"end":{"line":9,"column":62}},"5":{"start":{"line":10,"column":17},"end":{"line":10,"column":null}},"6":{"start":{"line":10,"column":39},"end":{"line":10,"column":62}},"7":{"start":{"line":11,"column":23},"end":{"line":11,"column":null}},"8":{"start":{"line":11,"column":45},"end":{"line":11,"column":74}},"9":{"start":{"line":12,"column":20},"end":{"line":12,"column":null}},"10":{"start":{"line":12,"column":42},"end":{"line":12,"column":78}},"11":{"start":{"line":13,"column":27},"end":{"line":13,"column":null}},"12":{"start":{"line":13,"column":49},"end":{"line":13,"column":89}},"13":{"start":{"line":14,"column":22},"end":{"line":14,"column":null}},"14":{"start":{"line":14,"column":44},"end":{"line":14,"column":81}},"15":{"start":{"line":16,"column":8},"end":{"line":20,"column":null}},"16":{"start":{"line":17,"column":4},"end":{"line":17,"column":null}},"17":{"start":{"line":18,"column":4},"end":{"line":18,"column":null}},"18":{"start":{"line":19,"column":4},"end":{"line":19,"column":null}},"19":{"start":{"line":19,"column":21},"end":{"line":19,"column":43}},"20":{"start":{"line":22,"column":8},"end":{"line":27,"column":null}},"21":{"start":{"line":23,"column":21},"end":{"line":23,"column":null}},"22":{"start":{"line":24,"column":4},"end":{"line":24,"column":null}},"23":{"start":{"line":25,"column":4},"end":{"line":25,"column":null}},"24":{"start":{"line":26,"column":4},"end":{"line":26,"column":null}},"25":{"start":{"line":26,"column":21},"end":{"line":26,"column":43}},"26":{"start":{"line":29,"column":2},"end":{"line":144,"column":null}},"27":{"start":{"line":110,"column":12},"end":{"line":110,"column":null}},"28":{"start":{"line":111,"column":24},"end":{"line":111,"column":null}},"29":{"start":{"line":112,"column":12},"end":{"line":112,"column":null}},"30":{"start":{"line":112,"column":22},"end":{"line":112,"column":null}},"31":{"start":{"line":114,"column":26},"end":{"line":114,"column":null}},"32":{"start":{"line":115,"column":12},"end":{"line":121,"column":null}},"33":{"start":{"line":116,"column":14},"end":{"line":116,"column":null}},"34":{"start":{"line":116,"column":31},"end":{"line":116,"column":null}},"35":{"start":{"line":117,"column":14},"end":{"line":117,"column":null}},"36":{"start":{"line":118,"column":19},"end":{"line":121,"column":null}},"37":{"start":{"line":119,"column":14},"end":{"line":119,"column":null}},"38":{"start":{"line":119,"column":31},"end":{"line":119,"column":null}},"39":{"start":{"line":120,"column":14},"end":{"line":120,"column":null}}},"fnMap":{"0":{"name":"VideoDetailsCard","decl":{"start":{"line":5,"column":46},"end":{"line":5,"column":63}},"loc":{"start":{"line":5,"column":97},"end":{"line":146,"column":1}},"line":5},"1":{"name":"(anonymous_1)","decl":{"start":{"line":9,"column":17},"end":{"line":9,"column":30}},"loc":{"start":{"line":9,"column":39},"end":{"line":9,"column":62}},"line":9},"2":{"name":"(anonymous_2)","decl":{"start":{"line":10,"column":17},"end":{"line":10,"column":30}},"loc":{"start":{"line":10,"column":39},"end":{"line":10,"column":62}},"line":10},"3":{"name":"(anonymous_3)","decl":{"start":{"line":11,"column":23},"end":{"line":11,"column":36}},"loc":{"start":{"line":11,"column":45},"end":{"line":11,"column":74}},"line":11},"4":{"name":"(anonymous_4)","decl":{"start":{"line":12,"column":20},"end":{"line":12,"column":33}},"loc":{"start":{"line":12,"column":42},"end":{"line":12,"column":78}},"line":12},"5":{"name":"(anonymous_5)","decl":{"start":{"line":13,"column":27},"end":{"line":13,"column":40}},"loc":{"start":{"line":13,"column":49},"end":{"line":13,"column":89}},"line":13},"6":{"name":"(anonymous_6)","decl":{"start":{"line":14,"column":22},"end":{"line":14,"column":35}},"loc":{"start":{"line":14,"column":44},"end":{"line":14,"column":81}},"line":14},"7":{"name":"(anonymous_7)","decl":{"start":{"line":16,"column":8},"end":{"line":16,"column":31}},"loc":{"start":{"line":16,"column":31},"end":{"line":20,"column":null}},"line":16},"8":{"name":"(anonymous_8)","decl":{"start":{"line":19,"column":4},"end":{"line":19,"column":21}},"loc":{"start":{"line":19,"column":21},"end":{"line":19,"column":43}},"line":19},"9":{"name":"(anonymous_9)","decl":{"start":{"line":22,"column":8},"end":{"line":22,"column":36}},"loc":{"start":{"line":22,"column":36},"end":{"line":27,"column":null}},"line":22},"10":{"name":"(anonymous_10)","decl":{"start":{"line":26,"column":4},"end":{"line":26,"column":21}},"loc":{"start":{"line":26,"column":21},"end":{"line":26,"column":43}},"line":26},"11":{"name":"(anonymous_11)","decl":{"start":{"line":109,"column":10},"end":{"line":109,"column":21}},"loc":{"start":{"line":109,"column":27},"end":{"line":122,"column":null}},"line":109}},"branchMap":{"0":{"loc":{"start":{"line":13,"column":49},"end":{"line":13,"column":89}},"type":"binary-expr","locations":[{"start":{"line":13,"column":49},"end":{"line":13,"column":88}},{"start":{"line":13,"column":88},"end":{"line":13,"column":89}}],"line":13},"1":{"loc":{"start":{"line":14,"column":44},"end":{"line":14,"column":81}},"type":"binary-expr","locations":[{"start":{"line":14,"column":44},"end":{"line":14,"column":80}},{"start":{"line":14,"column":80},"end":{"line":14,"column":81}}],"line":14},"2":{"loc":{"start":{"line":17,"column":34},"end":{"line":17,"column":46}},"type":"binary-expr","locations":[{"start":{"line":17,"column":34},"end":{"line":17,"column":44}},{"start":{"line":17,"column":44},"end":{"line":17,"column":46}}],"line":17},"3":{"loc":{"start":{"line":56,"column":15},"end":{"line":56,"column":null}},"type":"binary-expr","locations":[{"start":{"line":56,"column":15},"end":{"line":56,"column":38}},{"start":{"line":56,"column":38},"end":{"line":56,"column":null}}],"line":56},"4":{"loc":{"start":{"line":59,"column":114},"end":{"line":59,"column":148}},"type":"cond-expr","locations":[{"start":{"line":59,"column":139},"end":{"line":59,"column":145}},{"start":{"line":59,"column":145},"end":{"line":59,"column":148}}],"line":59},"5":{"loc":{"start":{"line":67,"column":22},"end":{"line":67,"column":null}},"type":"cond-expr","locations":[{"start":{"line":67,"column":34},"end":{"line":67,"column":60}},{"start":{"line":67,"column":60},"end":{"line":67,"column":null}}],"line":67},"6":{"loc":{"start":{"line":68,"column":31},"end":{"line":68,"column":null}},"type":"cond-expr","locations":[{"start":{"line":68,"column":43},"end":{"line":68,"column":69}},{"start":{"line":68,"column":69},"end":{"line":68,"column":null}}],"line":68},"7":{"loc":{"start":{"line":71,"column":17},"end":{"line":71,"column":null}},"type":"cond-expr","locations":[{"start":{"line":71,"column":29},"end":{"line":71,"column":55}},{"start":{"line":71,"column":55},"end":{"line":71,"column":null}}],"line":71},"8":{"loc":{"start":{"line":75,"column":17},"end":{"line":75,"column":53}},"type":"cond-expr","locations":[{"start":{"line":75,"column":29},"end":{"line":75,"column":38}},{"start":{"line":75,"column":38},"end":{"line":75,"column":53}}],"line":75},"9":{"loc":{"start":{"line":97,"column":63},"end":{"line":97,"column":80}},"type":"binary-expr","locations":[{"start":{"line":97,"column":63},"end":{"line":97,"column":78}},{"start":{"line":97,"column":78},"end":{"line":97,"column":80}}],"line":97},"10":{"loc":{"start":{"line":112,"column":12},"end":{"line":112,"column":null}},"type":"if","locations":[{"start":{"line":112,"column":12},"end":{"line":112,"column":null}},{"start":{},"end":{}}],"line":112},"11":{"loc":{"start":{"line":115,"column":12},"end":{"line":121,"column":null}},"type":"if","locations":[{"start":{"line":115,"column":12},"end":{"line":121,"column":null}},{"start":{"line":118,"column":19},"end":{"line":121,"column":null}}],"line":115},"12":{"loc":{"start":{"line":115,"column":16},"end":{"line":115,"column":35}},"type":"binary-expr","locations":[{"start":{"line":115,"column":16},"end":{"line":115,"column":25}},{"start":{"line":115,"column":25},"end":{"line":115,"column":35}}],"line":115},"13":{"loc":{"start":{"line":116,"column":14},"end":{"line":116,"column":null}},"type":"if","locations":[{"start":{"line":116,"column":14},"end":{"line":116,"column":null}},{"start":{},"end":{}}],"line":116},"14":{"loc":{"start":{"line":118,"column":19},"end":{"line":121,"column":null}},"type":"if","locations":[{"start":{"line":118,"column":19},"end":{"line":121,"column":null}},{"start":{},"end":{}}],"line":118},"15":{"loc":{"start":{"line":119,"column":14},"end":{"line":119,"column":null}},"type":"if","locations":[{"start":{"line":119,"column":14},"end":{"line":119,"column":null}},{"start":{},"end":{}}],"line":119},"16":{"loc":{"start":{"line":139,"column":13},"end":{"line":140,"column":13}},"type":"cond-expr","locations":[{"start":{"line":139,"column":26},"end":{"line":139,"column":79}},{"start":{"line":139,"column":78},"end":{"line":140,"column":13}}],"line":139},"17":{"loc":{"start":{"line":140,"column":19},"end":{"line":140,"column":63}},"type":"cond-expr","locations":[{"start":{"line":140,"column":32},"end":{"line":140,"column":44}},{"start":{"line":140,"column":44},"end":{"line":140,"column":63}}],"line":140}},"s":{"0":0,"1":0,"2":0,"3":0,"4":0,"5":0,"6":0,"7":0,"8":0,"9":0,"10":0,"11":0,"12":0,"13":0,"14":0,"15":0,"16":0,"17":0,"18":0,"19":0,"20":0,"21":0,"22":0,"23":0,"24":0,"25":0,"26":0,"27":0,"28":0,"29":0,"30":0,"31":0,"32":0,"33":0,"34":0,"35":0,"36":0,"37":0,"38":0,"39":0},"f":{"0":0,"1":0,"2":0,"3":0,"4":0,"5":0,"6":0,"7":0,"8":0,"9":0,"10":0,"11":0},"b":{"0":[0,0],"1":[0,0],"2":[0,0],"3":[0,0],"4":[0,0],"5":[0,0],"6":[0,0],"7":[0,0],"8":[0,0],"9":[0,0],"10":[0,0],"11":[0,0],"12":[0,0],"13":[0,0],"14":[0,0],"15":[0,0],"16":[0,0],"17":[0,0]},"meta":{"lastBranch":18,"lastFunction":12,"lastStatement":40,"seen":{"s:5:32:146:Infinity":0,"f:5:46:5:63":0,"s:6:38:6:Infinity":1,"s:7:38:7:Infinity":2,"s:9:17:9:Infinity":3,"f:9:17:9:30":1,"s:9:39:9:62":4,"s:10:17:10:Infinity":5,"f:10:17:10:30":2,"s:10:39:10:62":6,"s:11:23:11:Infinity":7,"f:11:23:11:36":3,"s:11:45:11:74":8,"s:12:20:12:Infinity":9,"f:12:20:12:33":4,"s:12:42:12:78":10,"s:13:27:13:Infinity":11,"f:13:27:13:40":5,"s:13:49:13:89":12,"b:13:49:13:88:13:88:13:89":0,"s:14:22:14:Infinity":13,"f:14:22:14:35":6,"s:14:44:14:81":14,"b:14:44:14:80:14:80:14:81":1,"s:16:8:20:Infinity":15,"f:16:8:16:31":7,"s:17:4:17:Infinity":16,"b:17:34:17:44:17:44:17:46":2,"s:18:4:18:Infinity":17,"s:19:4:19:Infinity":18,"f:19:4:19:21":8,"s:19:21:19:43":19,"s:22:8:27:Infinity":20,"f:22:8:22:36":9,"s:23:21:23:Infinity":21,"s:24:4:24:Infinity":22,"s:25:4:25:Infinity":23,"s:26:4:26:Infinity":24,"f:26:4:26:21":10,"s:26:21:26:43":25,"s:29:2:144:Infinity":26,"b:56:15:56:38:56:38:56:Infinity":3,"b:59:139:59:145:59:145:59:148":4,"b:67:34:67:60:67:60:67:Infinity":5,"b:68:43:68:69:68:69:68:Infinity":6,"b:71:29:71:55:71:55:71:Infinity":7,"b:75:29:75:38:75:38:75:53":8,"b:97:63:97:78:97:78:97:80":9,"f:109:10:109:21":11,"s:110:12:110:Infinity":27,"s:111:24:111:Infinity":28,"b:112:12:112:Infinity:undefined:undefined:undefined:undefined":10,"s:112:12:112:Infinity":29,"s:112:22:112:Infinity":30,"s:114:26:114:Infinity":31,"b:115:12:121:Infinity:118:19:121:Infinity":11,"s:115:12:121:Infinity":32,"b:115:16:115:25:115:25:115:35":12,"b:116:14:116:Infinity:undefined:undefined:undefined:undefined":13,"s:116:14:116:Infinity":33,"s:116:31:116:Infinity":34,"s:117:14:117:Infinity":35,"b:118:19:121:Infinity:undefined:undefined:undefined:undefined":14,"s:118:19:121:Infinity":36,"b:119:14:119:Infinity:undefined:undefined:undefined:undefined":15,"s:119:14:119:Infinity":37,"s:119:31:119:Infinity":38,"s:120:14:120:Infinity":39,"b:139:26:139:79:139:78:140:13":16,"b:140:32:140:44:140:44:140:63":17},"fnNames":{}}}
,"D:\\Projects\\Agentic Projects\\Together\\client\\src\\components\\player\\YouTubePlayer.jsx": {"path":"D:\\Projects\\Agentic Projects\\Together\\client\\src\\components\\player\\YouTubePlayer.jsx","statementMap":{"0":{"start":{"line":8,"column":29},"end":{"line":382,"column":null}},"1":{"start":{"line":12,"column":19},"end":{"line":12,"column":null}},"2":{"start":{"line":12,"column":41},"end":{"line":12,"column":66}},"3":{"start":{"line":13,"column":30},"end":{"line":13,"column":null}},"4":{"start":{"line":13,"column":52},"end":{"line":13,"column":98}},"5":{"start":{"line":14,"column":17},"end":{"line":14,"column":null}},"6":{"start":{"line":14,"column":39},"end":{"line":14,"column":62}},"7":{"start":{"line":15,"column":26},"end":{"line":15,"column":null}},"8":{"start":{"line":15,"column":48},"end":{"line":15,"column":62}},"9":{"start":{"line":16,"column":24},"end":{"line":19,"column":null}},"10":{"start":{"line":17,"column":26},"end":{"line":17,"column":null}},"11":{"start":{"line":17,"column":62},"end":{"line":17,"column":99}},"12":{"start":{"line":18,"column":4},"end":{"line":18,"column":null}},"13":{"start":{"line":20,"column":30},"end":{"line":20,"column":null}},"14":{"start":{"line":20,"column":52},"end":{"line":20,"column":77}},"15":{"start":{"line":21,"column":45},"end":{"line":21,"column":55}},"16":{"start":{"line":22,"column":23},"end":{"line":22,"column":null}},"17":{"start":{"line":23,"column":20},"end":{"line":23,"column":null}},"18":{"start":{"line":24,"column":44},"end":{"line":24,"column":null}},"19":{"start":{"line":25,"column":42},"end":{"line":25,"column":null}},"20":{"start":{"line":26,"column":40},"end":{"line":26,"column":null}},"21":{"start":{"line":27,"column":34},"end":{"line":27,"column":null}},"22":{"start":{"line":28,"column":30},"end":{"line":34,"column":null}},"23":{"start":{"line":29,"column":4},"end":{"line":32,"column":null}},"24":{"start":{"line":30,"column":20},"end":{"line":30,"column":null}},"25":{"start":{"line":31,"column":6
[...]
182,"column":60}},{"start":{"line":182,"column":60},"end":{"line":182,"column":77}}],"line":182},"22":{"loc":{"start":{"line":199,"column":6},"end":{"line":199,"column":null}},"type":"if","locations":[{"start":{"line":199,"column":6},"end":{"line":199,"column":null}},{"start":{},"end":{}}],"line":199},"23":{"loc":{"start":{"line":208,"column":4},"end":{"line":221,"column":null}},"type":"if","locations":[{"start":{"line":208,"column":4},"end":{"line":221,"column":null}},{"start":{},"end":{}}],"line":208},"24":{"loc":{"start":{"line":211,"column":6},"end":{"line":220,"column":null}},"type":"if","locations":[{"start":{"line":211,"column":6},"end":{"line":220,"column":null}},{"start":{},"end":{}}],"line":211},"25":{"loc":{"start":{"line":225,"column":4},"end":{"line":225,"column":null}},"type":"if","locations":[{"start":{"line":225,"column":4},"end":{"line":225,"column":null}},{"start":{},"end":{}}],"line":225},"26":{"loc":{"start":{"line":229,"column":4},"end":{"line":229,"column":null}},"type":"if","locations":[{"start":{"line":229,"column":4},"end":{"line":229,"column":null}},{"start":{},"end":{}}],"line":229},"27":{"loc":{"start":{"line":233,"column":4},"end":{"line":233,"column":null}},"type":"if","locations":[{"start":{"line":233,"column":4},"end":{"line":233,"column":null}},{"start":{},"end":{}}],"line":233},"28":{"loc":{"start":{"line":237,"column":4},"end":{"line":237,"column":null}},"type":"if","locations":[{"start":{"line":237,"column":4},"end":{"line":237,"column":null}},{"start":{},"end":{}}],"line":237},"29":{"loc":{"start":{"line":241,"column":4},"end":{"line":241,"column":null}},"type":"if","locations":[{"start":{"line":241,"column":4},"end":{"line":241,"column":null}},{"start":{},"end":{}}],"line":241},"30":{"loc":{"start":{"line":245,"column":4},"end":{"line":245,"column":null}},"type":"if","locations":[{"start":{"line":245,"column":4},"end":{"line":245,"column":null}},{"start":{},"end":{}}],"line":245},"31":{"loc":{"start":{"line":249,"column":4},"end":{"line":249,"column":null}},"type":"if","locations":[{"start":{"line":249,"column":4},"end":{"line":249,"column":null}},{"start":{},"end":{}}],"line":249},"32":{"loc":{"start":{"line":253,"column":4},"end":{"line":253,"column":null}},"type":"if","locations":[{"start":{"line":253,"column":4},"end":{"line":253,"column":null}},{"start":{},"end":{}}],"line":253}},"s":{"0":1,"1":1,"2":0,"3":1,"4":0,"5":1,"6":1,"7":1,"8":0,"9":1,"10":0,"11":0,"12":0,"13":0,"14":0,"15":0,"16":0,"17":0,"18":0,"19":0,"20":0,"21":0,"22":0,"23":0,"24":1,"25":1,"26":1,"27":0,"28":0,"29":0,"30":0,"31":0,"32":0,"33":0,"34":0,"35":0,"36":0,"37":0,"38":0,"39":0,"40":3,"41":3,"42":1,"43":1,"44":1,"45":0,"46":0,"47":0,"48":0,"49":0,"50":0,"51":0,"52":0,"53":0,"54":0,"55":1,"56":0,"57":0,"58":0,"59":0,"60":1,"61":0,"62":1,"63":0,"64":1,"65":0,"66":1,"67":0,"68":1,"69":0,"70":1,"71":0,"72":1,"73":0,"74":0,"75":0,"76":0,"77":0,"78":1,"79":0,"80":0,"81":0,"82":0,"83":0,"84":0,"85":1,"86":0,"87":3,"88":0,"89":0,"90":0,"91":0,"92":0,"93":0,"94":0,"95":0,"96":0,"97":0,"98":0,"99":3,"100":0,"101":0,"102":0,"103":0,"104":0,"105":0,"106":0,"107":0,"108":0,"109":0,"110":0,"111":0,"112":0,"113":0,"114":0,"115":3,"116":0,"117":0,"118":0,"119":0,"120":0,"121":0,"122":0,"123":0,"124":0,"125":3,"126":1,"127":1,"128":1,"129":1,"130":0,"131":3,"132":1,"133":1,"134":3,"135":0,"136":0,"137":3,"138":1,"139":1,"140":3,"141":0,"142":0,"143":3,"144":0,"145":0,"146":3,"147":0,"148":0,"149":3,"150":0,"151":0,"152":3,"153":0,"154":0,"155":3},"f":{"0":1,"1":0,"2":0,"3":0,"4":0,"5":0,"6":0,"7":3,"8":3,"9":0,"10":0,"11":0,"12":0,"13":0,"14":0,"15":0,"16":0,"17":0,"18":0,"19":0,"20":0,"21":0,"22":0,"23":0,"24":0,"25":0,"26":0,"27":0,"28":0,"29":0,"30":0,"31":1,"32":1,"33":0,"34":1,"35":0,"36":0,"37":0,"38":0,"39":0},"b":{"0":[0,1],"1":[0,1],"2":[1,0],"3":[1,0],"4":[0,0],"5":[0,0],"6":[0],"7":[0,0],"8":[0,0],"9":[0,0],"10":[1,2],"11":[3,1],"12":[0,0],"13":[0,0],"14":[0,0],"15":[0,0],"16":[0,0],"17":[0,0],"18":[0,0],"19":[0,0],"20":[0,0],"21":[0,0],"22":[0,0],"23":[1,0],"24":[0,1],"25":[1,0],"26":[0,0],"27":[1,0],"28":[0,0],"29":[0,0],"30":[0,0],"31":[0,0],"32":[0,0]},"meta":{"lastBranch":33,"lastFunction":40,"lastStatement":156,"seen":{"s:6:6:17:Infinity":0,"f:6:6:6:27":0,"b:7:2:9:Infinity:undefined:undefined:undefined:undefined":0,"s:7:2:9:Infinity":1,"s:8:4:8:Infinity":2,"b:10:2:10:Infinity:undefined:undefined:undefined:undefined":1,"s:10:2:10:Infinity":3,"s:10:37:10:Infinity":4,"s:12:33:12:Infinity":5,"b:13:2:15:Infinity:undefined:undefined:undefined:undefined":2,"s:13:2:15:Infinity":6,"b:13:6:13:34:13:34:13:60":3,"s:14:4:14:Infinity":7,"s:16:2:16:Infinity":8,"s:20:20:20:Infinity":9,"f:22:9:22:21":1,"s:23:2:25:Infinity":10,"s:24:4:24:Infinity":11,"f:28:9:28:23":2,"s:29:2:40:Infinity":12,"s:30:16:30:Infinity":13,"b:31:4:31:Infinity:undefined:undefined:undefined:undefined":4,"s:31:4:31:Infinity":14,"s:31:14:31:Infinity":15,"s:32:17:32:Infinity":16,"b:33:4:36:Infinity:undefined:undefined:undefined:undefined":5,"s:33:4:36:Infinity":17,"s:34:6:34:Infinity":18,"s:35:6:35:Infinity":19,"s:37:4:37:Infinity":20,"s:39:4:39:Infinity":21,"f:43:9:43:24":3,"s:44:2:44:Infinity":22,"s:44:8:44:46":23,"s:48:19:48:Infinity":24,"s:49:23:49:Infinity":25,"s:52:6:68:Infinity":26,"f:52:6:52:23":4,"b:52:79:52:85":6,"s:53:2:67:Infinity":27,"f:53:62:53:66":5,"b:54:4:66:Infinity:59:11:66:Infinity":7,"s:54:4:66:Infinity":28,"s:55:6:55:Infinity":29,"s:56:6:56:Infinity":30,"s:57:6:57:Infinity":31,"s:58:6:58:Infinity":32,"b:59:11:66:Infinity:61:11:66:Infinity":8,"s:59:11:66:Infinity":33,"b:59:15:59:54:59:54:59:71":9,"s:60:6:60:Infinity":34,"f:60:6:60:23":6,"s:60:23:60:97":35,"s:62:6:62:Infinity":36,"s:63:6:63:Infinity":37,"s:64:6:64:Infinity":38,"s:65:6:65:Infinity":39,"f:70:16:70:28":7,"s:71:2:153:Infinity":40,"f:71:2:71:18":8,"b:72:4:152:Infinity:undefined:undefined:undefined:undefined":10,"s:72:4:152:Infinity":41,"b:72:8:72:25:72:25:72:56":11,"s:73:21:80:Infinity":42,"s:82:6:82:Infinity":43,"s:84:6:98:Infinity":44,"f:84:16:84:33":9,"s:85:8:85:Infinity":45,"s:86:8:86:Infinity":46,"s:87:8:87:Infinity":47,"s:89:24:89:Infinity":48,"b:89:24:89:44:89:44:89:Infinity":12,"s:90:33:90:Infinity":49,"b:91:8:97:Infinity:95:15:97:Infinity":13,"s:91:8:97:Infinity":50,"b:91:12:91:23:91:23:91:42":14,"s:92:10:92:Infinity":51,"s:93:10:93:Infinity":52,"s:94:10:94:Infinity":53,"s:96:10:96:Infinity":54,"s:100:6:106:Infinity":55,"f:100:16:100:31":10,"s:101:8:101:Infinity":56,"s:102:8:102:Infinity":57,"b:103:8:105:Infinity:undefined:undefined:undefined:undefined":15,"s:103:8:105:Infinity":58,"s:104:10:104:Infinity":59,"s:108:6:110:Infinity":60,"f:108:16:108:38":11,"s:109:8:109:Infinity":61,"s:112:6:114:Infinity":62,"f:112:16:112:39":12,"s:113:8:113:Infinity":63,"s:116:6:118:Infinity":64,"f:116:16:116:36":13,"s:117:8:117:Infinity":65,"s:120:6:122:Infinity":66,"f:120:16:120:39":14,"s:121:8:121:Infinity":67,"s:124:6:126:Infinity":68,"f:124:16:124:39":15,"s:125:8:125:Infinity":69,"s:128:6:130:Infinity":70,"f:128:16:128:34":16,"s:129:8:129:Infinity":71,"s:132:6:138:Infinity":72,"f:132:16:132:39":17,"s:133:8:133:Infinity":73,"s:134:8:134:Infinity":74,"s:135:8:135:Infinity":75,"s:136:8:136:Infinity":76,"s:137:8:137:Infinity":77,"s:140:6:147:Infinity":78,"f:140:16:140:42":18,"s:141:8:141:Infinity":79,"s:142:8:142:Infinity":80,"s:143:8:143:Infinity":81,"s:144:8:144:Infinity":82,"s:145:8:145:Infinity":83,"s:146:8:146:Infinity":84,"s:149:6:151:Infinity":85,"f:149:16:149:34":19,"s:150:8:150:Infinity":86,"s:155:21:170:Infinity":87,"f:155:21:155:34":20,"s:156:4:169:Infinity":88,"f:156:15:156:24":21,"b:157:6:157:Infinity:undefined:undefined:undefined:undefined":16,"s:157:6:157:Infinity":89,"s:157:25:157:Infinity":90,"s:158:6:168:Infinity":91,"f:158:66:158:70":22,"b:159:8:167:Infinity:165:15:167:Infinity":17,"s:159:8:167:Infinity":92,"s:160:10:160:Infinity":93,"s:161:25:161:Infinity":94,"s:162:10:162:Infinity":95,"s:163:10:163:Infinity":96,"s:164:10:164:Infinity":97,"s:166:10:166:Infinity":98,"s:172:19:191:Infinity":99,"f:172:19:172:32":23,"s:173:4:190:Infinity":100,"f:173:15:173:24":24,"b:174:6:174:Infinity:undefined:undefined:undefined:undefined":18,"s:174:6:174:Infinity":101,"s:174:25:174:Infinity":102,"s:175:12:188:Infinity":103,"f:175:12:175:23":25,"s:176:8:187:Infinity":104,"f:176:74:176:78":26,"b:177:10:186:Infinity:182:17:186:Infinity":19,"s:177:10:186:Infinity":105,"s:178:12:178:Infinity":106,"s:179:12:179:Infinity":107,"s:180:12:180:Infinity":108,"s:181:12:181:Infinity":109,"b:182:17:186:Infinity:184:17:186:Infinity":20,"s:182:17:186:Infinity":110,"b:182:21:182:60:182:60:182:77":21,"s:183:12:183:Infinity":111,"f:183:12:183:29":27,"s:183:29:183:55":112,"s:185:12:185:Infinity":113,"s:189:6:189:Infinity":114,"s:193:20:205:Infinity":115,"f:193:20:193:38":28,"s:194:4:204:Infinity":116,"f:194:15:194:24":29,"s:195:6:195:Infinity":117,"s:196:6:196:Infinity":118,"s:197:6:197:Infinity":119,"b:199:6:199:Infinity:undefined:undefined:undefined:undefined":22,"s:199:6:199:Infinity":120,"s:199:27:199:38":121,"s:199:38:199:46":122,"s:201:6:203:Infinity":123,"f:201:24:201:44":30,"s:202:8:202:Infinity":124,"s:207:23:222:Infinity":125,"f:207:23:207:36":31,"b:208:4:221:Infinity:undefined:undefined:undefined:undefined":23,"s:208:4:221:Infinity":126,"s:209:6:209:Infinity":127,"s:210:27:210:Infinity":128,"b:211:6:220:Infinity:undefined:undefined:undefined:undefined":24,"s:211:6:220:Infinity":129,"s:212:8:219:Infinity":130,"s:224:26:226:Infinity":131,"f:224:26:224:39":32,"b:225:4:225:Infinity:undefined:undefined:undefined:undefined":25,"s:225:4:225:Infinity":132,"s:225:22:225:Infinity":133,"s:228:23:230:Infinity":134,"f:228:23:228:36":33,"b:229:4:229:Infinity:undefined:undefined:undefined:undefined":26,"s:229:4:229:Infinity":135,"s:229:22:229:Infinity":136,"s:232:21:234:Infinity":137,"f:232:21:232:34":34,"b:233:4:233:Infinity:undefined:undefined:undefined:undefined":27,"s:233:4:233:Infinity":138,"s:233:22:233:Infinity":139,"s:236:26:238:Infinity":140,"f:236:26:236:39":35,"b:237:4:237:Infinity:undefined:undefined:undefined:undefined":28,"s:237:4:237:Infinity":141,"s:237:22:237:Infinity":142,"s:240:19:242:Infinity":143,"f:240:19:240:37":36,"b:241:4:241:Infinity:undefined:undefined:undefined:undefined":29,"s:241:4:241:Infinity":144,"s:241:22:241:Infinity":145,"s:244:19:246:Infinity":146,"f:244:19:244:32":37,"b:245:4:245:Infinity:undefined:undefined:undefined:undefined":30,"s:245:4:245:Infinity":147,"s:245:22:245:Infinity":148,"s:248:23:250:Infinity":149,"f:248:23:248:36":38,"b:249:4:249:Infinity:undefined:undefined:undefined:undefined":31,"s:249:4:249:Infinity":150,"s:249:22:249:Infinity":151,"s:252:29:254:Infinity":152,"f:252:29:252:42":39,"b:253:4:253:Infinity:undefined:undefined:undefined:undefined":32,"s:253:4:253:Infinity":153,"s:253:22:253:Infinity":154,"s:256:2:270:Infinity":155},"fnNames":{}}}
,"D:\\Projects\\Agentic Projects\\Together\\client\\src\\lib\\supabase.js": {"path":"D:\\Projects\\Agentic Projects\\Together\\client\\src\\lib\\supabase.js","statementMap":{"0":{"start":{"line":3,"column":20},"end":{"line":3,"column":null}},"1":{"start":{"line":4,"column":24},"end":{"line":4,"column":null}},"2":{"start":{"line":7,"column":24},"end":{"line":7,"column":null}}},"fnMap":{},"branchMap":{"0":{"loc":{"start":{"line":3,"column":20},"end":{"line":3,"column":null}},"type":"binary-expr","locations":[{"start":{"line":3,"column":20},"end":{"line":3,"column":60}},{"start":{"line":3,"column":60},"end":{"line":3,"column":null}}],"line":3},"1":{"loc":{"start":{"line":4,"column":24},"end":{"line":4,"column":null}},"type":"binary-expr","locations":[{"start":{"line":4,"column":24},"end":{"line":4,"column":69}},{"start":{"line":4,"column":69},"end":{"line":4,"column":null}}],"line":4}},"s":{"0":0,"1":0,"2":0},"f":{},"b":{"0":[0,0],"1":[0,0]},"meta":{"lastBranch":2,"lastFunction":0,"lastStatement":3,"seen":{"s:3:20:3:Infinity":0,"b:3:20:3:60:3:60:3:Infinity":0,"s:4:24:4:Infinity":1,"b:4:24:4:69:4:69:4:Infinity":1,"s:7:24:7:Infinity":2},"fnNames":{}}}
,"D:\\Projects\\Agentic Projects\\Together\\client\\src\\store\\useRoomStore.js": {"path":"D:\\Projects\\Agentic Projects\\Together\\client\\src\\store\\useRoomStore.js","statementMap":{"0":{"start":{"line":3,"column":28},"end":{"line":33,"column":null}},"1":{"start":{"line":3,"column":45},"end":{"line":33,"column":2}},"2":{"start":{"line":5,"column":27},"end":{"line":5,"column":null}},"3":{"start":{"line":8,"column":23},"end":{"line":8,"column":null}},"4":{"start":{"line":11,"column":30},"end":{"line":11,"column":null}},"5":{"start":{"line":14,"column":33},"end":{"line":14,"column":null}},"6":{"start":{"line":17,"column":31},"end":{"line":17,"column":null}},"7":{"start":{"line":20,"column":37},"end":{"line":20,"column":null}},"8":{"start":{"line":22,"column":34},"end":{"line":32,"column":null}},"9":{"start":{"line":23,"column":4},"end":{"line":23,"column":null}},"10":{"start":{"line":23,"column":26},"end":{"line":23,"column":null}},"11":{"start":{"line":24,"column":26},"end":{"line":24,"column":null}},"12":{"start":{"line":24,"column":64},"end":{"line":24,"column":83}},"13":{"start":{"line":25,"column":4},"end":{"line":25,"column":null}},"14":{"start":{"line":25,"column":23},"end":{"line":25,"column":null}},"15":{"start":{"line":26,"column":4},"end":{"line":31,"column":null}}},"fnMap":{"0":{"name":"(anonymous_0)","decl":{"start":{"line":3,"column":28},"end":{"line":3,"column":36}},"loc":{"start":{"line":3,"column":45},"end":{"line":33,"column":2}},"line":3},"1":{"name":"(anonymous_1)","decl":{"start":{"line":5,"column":2},"end":{"line":5,"column":17}},"loc":{"start":{"line":5,"column":27},"end":{"line":5,"column":null}},"line":5},"2":{"name":"(anonymous_2)","decl":{"start":{"line":8,"column":2},"end":{"line":8,"column":16}},"loc":{"start":{"line":8,"column":23},"end":{"line":8,"column":null}},"line":8},"3":{"name":"(anonymous_3)","decl":{"start":{"line":11,"column":2},"end":{"line":11,"column":19}},"loc":{"start":{"line":11,"column":30},"end":{"line":11,"column":null}},"line":11},"4":{"name":"(anonymous_4)","decl":{"start":{"line":14,"column":2},"end":{"line":14,"column":22}},"loc":{"start":{"line":14,"column":33},"end":{"line":14,"column":null}},"line":14},"5":{"name":"(anonymous_5)","decl":{"start":{"line":17,"column":2},"end":{"line":17,"column":20}},"loc":{"start":{"line":17,"column":31},"end":{"line":17,"column":null}},"line":17},"6":{"name":"(anonymous_6)","decl":{"start":{"line":20,"column":2},"end":{"line":20,"column":27}},"loc":{"start":{"line":20,"column":37},"end":{"line":20,"column":null}},"line":20},"7":{"name":"(anonymous_7)","decl":{"start":{"line":22,"column":2},"end":{"line":22,"column":22}},"loc":{"start":{"line":22,"column":34},"end":{"line":32,"column":null}},"line":22},"8":{"name":"(anonymous_8)","decl":{"start":{"line":22,"column":34},"end":{"line":22,"column":39}},"loc":{"start":{"line":22,"column":49},"end":{"line":32,"column":3}},"line":22},"9":{"name":"(anonymous_9)","decl":{"start":{"line":24,"column":54},"end":{"line":24,"column":59}},"loc":{"start":{"line":24,"column":64},"end":{"line":24,"column":83}},"line":24}},"branchMap":{"0":{"loc":{"start":{"line":23,"column":4},"end":{"line":23,"column":null}},"type":"if","locations":[{"start":{"line":23,"column":4},"end":{"line":23,"column":null}},{"start":{},"end":{}}],"line":23},"1":{"loc":{"start":{"line":25,"column":4},"end":{"line":25,"column":null}},"type":"if","locations":[{"start":{"line":25,"column":4},"end":{"line":25,"column":null}},{"start":{},"end":{}}],"line":25}},"s":{"0":3,"1":3,"2":3,"3":1,"4":1,"5":1,"6":1,"7":1,"8":3,"9":3,"10":1,"11":2,"12":2,"13":2,"14":1,"15":1},"f":{"0":3,"1":3,"2":1,"3":1,"4":1,"5":1,"6":1,"7":3,"8":3,"9":2},"b":{"0":[1,2],"1":[1,1]},"meta":{"lastBranch":2,"lastFunction":10,"lastStatement":16,"seen":{"s:3:28:33:Infinity":0,"f:3:28:3:36":0,"s:3:45:33:2":1,"f:5:2:5:17":1,"s:5:27:5:Infinity":2,"f:8:2:8:16":2,"s:8:23:8:Infinity":3,"f:11:2:11:19":3,"s:11:30:11:Infinity":4,"f:14:2:14:22":4,"s:14:33:14:Infinity":5,"f:17:2:17:20":5,"s:17:31:17:Infinity":6,"f:20:2:20:27":6,"s:20:37:20:Infinity":7,"f:22:2:22:22":7,"s:22:34:32:Infinity":8,"f:22:34:22:39":8,"b:23:4:23:Infinity:undefined:undefined:undefined:undefined":0,"s:23:4:23:Infinity":9,"s:23:26:23:Infinity":10,"s:24:26:24:Infinity":11,"f:24:54:24:59":9,"s:24:64:24:83":12,"b:25:4:25:Infinity:undefined:undefined:undefined:undefined":1,"s:25:4:25:Infinity":13,"s:25:23:25:Infinity":14,"s:26:4:31:Infinity":15},"fnNames":{}}}
,"D:\\Projects\\Agentic Projects\\Together\\client\\src\\store\\useUIStore.js": {"path":"D:\\Projects\\Agentic Projects\\Together\\client\\src\\store\\useUIStore.js","statementMap":{"0":{"start":{"line":3,"column":26},"end":{"line":17,"column":null}},"1":{"start":{"line":3,"column":43},"end":{"line":17,"column":2}},"2":{"start":{"line":6,"column":15},"end":{"line":6,"column":null}},"3":{"start":{"line":7,"column":4},"end":{"line":7,"column":null}},"4":{"start":{"line":7,"column":20},"end":{"line":7,"column":75}},"5":{"start":{"line":9,"column":4},"end":{"line":11,"column":null}},"6":{"start":{"line":10,"column":6},"end":{"line":10,"column":null}},"7":{"start":{"line":10,"column":22},"end":{"line":10,"column":74}},"8":{"start":{"line":10,"column":59},"end":{"line":10,"column":70}},"9":{"start":{"line":13,"column":23},"end":{"line":13,"column":null}},"10":{"start":{"line":13,"column":39},"end":{"line":13,"column":91}},"11":{"start":{"line":13,"column":76},"end":{"line":13,"column":87}},"12":{"start":{"line":16,"column":37},"end":{"line":16,"column":null}}},"fnMap":{"0":{"name":"(anonymous_0)","decl":{"start":{"line":3,"column":26},"end":{"line":3,"column":34}},"loc":{"start":{"line":3,"column":43},"end":{"line":17,"column":2}},"line":3},"1":{"name":"(anonymous_1)","decl":{"start":{"line":5,"column":2},"end":{"line":5,"column":25}},"loc":{"start":{"line":5,"column":42},"end":{"line":12,"column":null}},"line":5},"2":{"name":"(anonymous_2)","decl":{"start":{"line":7,"column":4},"end":{"line":7,"column":9}},"loc":{"start":{"line":7,"column":20},"end":{"line":7,"column":75}},"line":7},"3":{"name":"(anonymous_3)","decl":{"start":{"line":9,"column":4},"end":{"line":9,"column":21}},"loc":{"start":{"line":9,"column":21},"end":{"line":11,"column":7}},"line":9},"4":{"name":"(anonymous_4)","decl":{"start":{"line":10,"column":6},"end":{"line":10,"column":11}},"loc":{"start":{"line":10,"column":22},"end":{"line":10,"column":74}},"line":10},"5":{"name":"(anonymous_5)","decl":{"start":{"line":10,"column":45},"end":{"line":10,"column":53}},"loc":{"start":{"line":10,"column":59},"end":{"line":10,"column":70}},"line":10},"6":{"name":"(anonymous_6)","decl":{"start":{"line":13,"column":2},"end":{"line":13,"column":16}},"loc":{"start":{"line":13,"column":23},"end":{"line":13,"column":null}},"line":13},"7":{"name":"(anonymous_7)","decl":{"start":{"line":13,"column":23},"end":{"line":13,"column":28}},"loc":{"start":{"line":13,"column":39},"end":{"line":13,"column":91}},"line":13},"8":{"name":"(anonymous_8)","decl":{"start":{"line":13,"column":62},"end":{"line":13,"column":70}},"loc":{"start":{"line":13,"column":76},"end":{"line":13,"column":87}},"line":13},"9":{"name":"(anonymous_9)","decl":{"start":{"line":16,"column":2},"end":{"line":16,"column":24}},"loc":{"start":{"line":16,"column":37},"end":{"line":16,"column":null}},"line":16}},"branchMap":{},"s":{"0":3,"1":3,"2":3,"3":3,"4":3,"5":3,"6":1,"7":1,"8":1,"9":1,"10":1,"11":2,"12":1},"f":{"0":3,"1":3,"2":3,"3":1,"4":1,"5":1,"6":1,"7":1,"8":2,"9":1},"b":{},"meta":{"lastBranch":0,"lastFunction":10,"lastStatement":13,"seen":{"s:3:26:17:Infinity":0,"f:3:26:3:34":0,"s:3:43:17:2":1,"f:5:2:5:25":1,"s:6:15:6:Infinity":2,"s:7:4:7:Infinity":3,"f:7:4:7:9":2,"s:7:20:7:75":4,"s:9:4:11:Infinity":5,"f:9:4:9:21":3,"s:10:6:10:Infinity":6,"f:10:6:10:11":4,"s:10:22:10:74":7,"f:10:45:10:53":5,"s:10:59:10:70":8,"f:13:2:13:16":6,"s:13:23:13:Infinity":9,"f:13:23:13:28":7,"s:13:39:13:91":10,"f:13:62:13:70":8,"s:13:76:13:87":11,"f:16:2:16:24":9,"s:16:37:16:Infinity":12},"fnNames":{}}}
}
